Environment variables:
  - =C:=C:\Users\dpachipu\git\oe-prj-che\Operations
  - ALLUSERSPROFILE=C:\ProgramData
  - APPDATA=C:\Users\dpachipu\AppData\Roaming
  - COMPUTERNAME=NBHYDDPACHIPU
  - ComSpec=C:\WINDOWS\system32\cmd.exe
  - CommonProgramFiles=C:\Program Files\Common Files
  - CommonProgramFiles(x86)=C:\Program Files (x86)\Common Files
  - CommonProgramW6432=C:\Program Files\Common Files
  - ERROR_CODE=0
  - HOMEDRIVE=C:
  - HOMEPATH=\Users\dpachipu
  - JAVA_EXEC="C:\sonar-scanner-3.2.0.1227-windows\bin\..\jre\bin\java.exe"
  - JAVA_HOME=C:\sonar-scanner-3.2.0.1227-windows\bin\..\jre
  - JRE_HOME=C:\Program Files\Java\jre1.8.0_161
  - LOCALAPPDATA=C:\Users\dpachipu\AppData\Local
  - LOGONSERVER=\\HYDDC04
  - MACHID=1
  - NUMBER_OF_PROCESSORS=8
  - OS=Windows_NT
  - OneDrive=C:\Users\dpachipu\OneDrive
  - PATHEXT=.COM;.EXE;.BAT;.CMD;.VBS;.VBE;.JS;.JSE;.WSF;.WSH;.MSC
  - PROCESSOR_ARCHITECTURE=AMD64
  - PROCESSOR_IDENTIFIER=Intel64 Family 6 Model 158 Stepping 9, GenuineIntel
  - PROCESSOR_LEVEL=6
  - PROCESSOR_REVISION=9e09
  - PROJECT_HOME=C:\Users\dpachipu\git\oe-prj-che\Operations
  - PROMPT=$P$G
  - PSModulePath=C:\Program Files\WindowsPowerShell\Modules;C:\WINDOWS\system32\WindowsPowerShell\v1.0\Modules
  - PUBLIC=C:\Users\Public
  - Path=;;;;;C:\Program Files\Docker\Docker\Resources\bin;;C:\Program Files (x86)\Common Files\Oracle\Java\javapath;;;;;C:\Program Files (x86)\RSA SecurID Token Common;C:\ProgramData\Oracle\Java\javapath;C:\WINDOWS\system32;C:\WINDOWS;C:\WINDOWS\System32\Wbem;C:\WINDOWS\System32\WindowsPowerShell\v1.0\;C:\Program Files (x86)\NVIDIA Corporation\PhysX\Common;C:\Program Files\nodejs\;C:\Program Files\Intel\WiFi\bin\;C:\Program Files\Common Files\Intel\WirelessCommon\;C:\Program Files\TortoiseSVN\bin;C:\Users\dpachipu\AppData\Local\Microsoft\WindowsApps;C:\Program Files\Microsoft VS Code\bin;C:\Users\dpachipu\AppData\Roaming\npm;C:\Program Files\Intel\WiFi\bin\;C:\Program Files\Common Files\Intel\WirelessCommon\;C:\Users\dpachipu\Downloads\apache-maven-3.5.4-bin\apache-maven-3.5.4\bin;C:\Users\dpachipu\AppData\Local\Programs\Fiddler;C:\sonar-scanner-3.2.0.1227-windows\bin;
  - ProgramData=C:\ProgramData
  - ProgramFiles=C:\Program Files
  - ProgramFiles(x86)=C:\Program Files (x86)
  - ProgramW6432=C:\Program Files
  - SESSIONNAME=Console
  - SONAR_SCANNER_HOME=C:\sonar-scanner-3.2.0.1227-windows\bin\..
  - SSLSYS_DEBUG_LOGGING=7
  - SystemDrive=C:
  - SystemRoot=C:\WINDOWS
  - TEMP=C:\Users\dpachipu\AppData\Local\Temp
  - TMP=C:\Users\dpachipu\AppData\Local\Temp
  - UATDATA=C:\WINDOWS\CCM\UATData\D9F8C395-CAB8-491d-B8AC-179A1FE1BE77
  - USERDNSDOMAIN=BEDFORD.PROGRESS.COM
  - USERDOMAIN=PROGRESS
  - USERDOMAIN_ROAMINGPROFILE=PROGRESS
  - USERNAME=dpachipu
  - USERPROFILE=C:\Users\dpachipu
  - scriptdir=C:\sonar-scanner-3.2.0.1227-windows\bin
  - use_embedded_jre=true
  - windir=C:\WINDOWS
System properties:
  - awt.toolkit=sun.awt.windows.WToolkit
  - file.encoding=Cp1252
  - file.encoding.pkg=sun.io
  - file.separator=\
  - java.awt.graphicsenv=sun.awt.Win32GraphicsEnvironment
  - java.awt.headless=true
  - java.awt.printerjob=sun.awt.windows.WPrinterJob
  - java.class.path=C:\sonar-scanner-3.2.0.1227-windows\bin\..\lib\sonar-scanner-cli-3.2.0.1227.jar
  - java.class.version=52.0
  - java.endorsed.dirs=C:\sonar-scanner-3.2.0.1227-windows\jre\lib\endorsed
  - java.ext.dirs=C:\sonar-scanner-3.2.0.1227-windows\jre\lib\ext;C:\WINDOWS\Sun\Java\lib\ext
  - java.home=C:\sonar-scanner-3.2.0.1227-windows\jre
  - java.io.tmpdir=C:\Users\dpachipu\AppData\Local\Temp\
  - java.library.path=C:\sonar-scanner-3.2.0.1227-windows\jre\bin;C:\WINDOWS\Sun\Java\bin;C:\WINDOWS\system32;C:\WINDOWS;;;;;;C:\Program Files\Docker\Docker\Resources\bin;;C:\Program Files (x86)\Common Files\Oracle\Java\javapath;;;;;C:\Program Files (x86)\RSA SecurID Token Common;C:\ProgramData\Oracle\Java\javapath;C:\WINDOWS\system32;C:\WINDOWS;C:\WINDOWS\System32\Wbem;C:\WINDOWS\System32\WindowsPowerShell\v1.0\;C:\Program Files (x86)\NVIDIA Corporation\PhysX\Common;C:\Program Files\nodejs\;C:\Program Files\Intel\WiFi\bin\;C:\Program Files\Common Files\Intel\WirelessCommon\;C:\Program Files\TortoiseSVN\bin;C:\Users\dpachipu\AppData\Local\Microsoft\WindowsApps;C:\Program Files\Microsoft VS Code\bin;C:\Users\dpachipu\AppData\Roaming\npm;C:\Program Files\Intel\WiFi\bin\;C:\Program Files\Common Files\Intel\WirelessCommon\;C:\Users\dpachipu\Downloads\apache-maven-3.5.4-bin\apache-maven-3.5.4\bin;C:\Users\dpachipu\AppData\Local\Programs\Fiddler;C:\sonar-scanner-3.2.0.1227-windows\bin;;.
  - java.runtime.name=Java(TM) SE Runtime Environment
  - java.runtime.version=1.8.0_121-b13
  - java.specification.name=Java Platform API Specification
  - java.specification.vendor=Oracle Corporation
  - java.specification.version=1.8
  - java.vendor=Oracle Corporation
  - java.vendor.url=http://java.oracle.com/
  - java.vendor.url.bug=http://bugreport.sun.com/bugreport/
  - java.version=1.8.0_121
  - java.vm.info=mixed mode
  - java.vm.name=Java HotSpot(TM) 64-Bit Server VM
  - java.vm.specification.name=Java Virtual Machine Specification
  - java.vm.specification.vendor=Oracle Corporation
  - java.vm.specification.version=1.8
  - java.vm.vendor=Oracle Corporation
  - java.vm.version=25.121-b13
  - line.separator=

  - os.arch=amd64
  - os.name=Windows 10
  - os.version=10.0
  - path.separator=;
  - project.home=C:\Users\dpachipu\git\oe-prj-che\Operations
  - scanner.home=C:\sonar-scanner-3.2.0.1227-windows\bin\..
  - sun.arch.data.model=64
  - sun.boot.class.path=C:\sonar-scanner-3.2.0.1227-windows\jre\lib\resources.jar;C:\sonar-scanner-3.2.0.1227-windows\jre\lib\rt.jar;C:\sonar-scanner-3.2.0.1227-windows\jre\lib\sunrsasign.jar;C:\sonar-scanner-3.2.0.1227-windows\jre\lib\jsse.jar;C:\sonar-scanner-3.2.0.1227-windows\jre\lib\jce.jar;C:\sonar-scanner-3.2.0.1227-windows\jre\lib\charsets.jar;C:\sonar-scanner-3.2.0.1227-windows\jre\lib\jfr.jar;C:\sonar-scanner-3.2.0.1227-windows\jre\classes
  - sun.boot.library.path=C:\sonar-scanner-3.2.0.1227-windows\jre\bin
  - sun.cpu.endian=little
  - sun.cpu.isalist=amd64
  - sun.desktop=windows
  - sun.io.unicode.encoding=UnicodeLittle
  - sun.java.command=org.sonarsource.scanner.cli.Main -X
  - sun.java.launcher=SUN_STANDARD
  - sun.jnu.encoding=Cp1252
  - sun.management.compiler=HotSpot 64-Bit Tiered Compilers
  - sun.os.patch.level=
  - sun.stderr.encoding=cp437
  - sun.stdout.encoding=cp437
  - user.country=US
  - user.dir=C:\Users\dpachipu\git\oe-prj-che\Operations
  - user.home=C:\Users\dpachipu
  - user.language=en
  - user.name=dpachipu
  - user.script=
  - user.timezone=Asia/Calcutta
  - user.variant=
SonarQube plugins:
  - C# 5.0 (csharp)
  - Java 3.13.1 (java)
  - SVN 1.3 (scmsvn)
  - Git 1.2 (scmgit)
  - JavaScript 2.11 (javascript)
Global properties:
  - sonar.core.id=20180723125218
  - sonar.core.startTime=2018-07-23T12:52:18+0530
  - sonar.core.version=5.6.6
  - sonar.permission.template.default=default_template
  - sonar.qualitygate=1
Settings for module: OEPrj1
  - sonar.cpd.exclusions=dump/**
  - sonar.exclusions=srcDbg/sample/excl/**
  - sonar.genericcoverage.reportPaths=profiler/profiler.xml
  - sonar.host.url=http://nbhyddpachipu10:9000
  - sonar.language=java
  - sonar.oe.binaries=build
  - sonar.oe.coverage.profiler.dirs=profiler
  - sonar.oe.cpd.debug=true
  - sonar.oe.dlc=C:/Progress/OpenEdge117
  - sonar.oe.proparse.debug=true
  - sonar.oe.propath=srcDbg
  - sonar.oe.propath.dlc=true
  - sonar.oe.skipProparse=false
  - sonar.projectBaseDir=C:\Users\dpachipu\git\oe-prj-che\Operations
  - sonar.projectDescription=test
  - sonar.projectKey=OEPrj1
  - sonar.projectName=OEPrj1
  - sonar.projectVersion=11.7.0
  - sonar.scanner.app=ScannerCli
  - sonar.scanner.appVersion=3.2.0.1227
  - sonar.scm.provider=git
  - sonar.skipPackageDesign=true
  - sonar.sourceEncoding=utf-8
  - sonar.sources=src
  - sonar.verbose=true
  - sonar.working.directory=C:\Users\dpachipu\git\oe-prj-che\Operations\.scannerwork
