Environment variables:
  - ALLUSERSPROFILE=C:\ProgramData
  - ANT_HOME=C:\Progress\OpenEdge117\oeide\eclipse\plugins\org.apache.ant_1.9.6.v201510161327
  - APPDATA=C:\Users\dpachipu\AppData\Roaming
  - COMPUTERNAME=NBHYDDPACHIPU
  - ComSpec=C:\WINDOWS\system32\cmd.exe
  - CommonProgramFiles=C:\Program Files\Common Files
  - CommonProgramFiles(x86)=C:\Program Files (x86)\Common Files
  - CommonProgramW6432=C:\Program Files\Common Files
  - FPS_BROWSER_APP_PROFILE_STRING=Internet Explorer
  - FPS_BROWSER_USER_PROFILE_STRING=Default
  - HOMEDRIVE=C:
  - HOMEPATH=\Users\dpachipu
  - JAVA_HOME=C:\Program Files\Java\jdk1.8.0_161
  - JRE_HOME=C:\Program Files\Java\jre1.8.0_161
  - LOCALAPPDATA=C:\Users\dpachipu\AppData\Local
  - LOGONSERVER=\\HYDDC04
  - MACHID=1
  - NUMBER_OF_PROCESSORS=8
  - OS=Windows_NT
  - OneDrive=C:\Users\dpachipu\OneDrive
  - PATHEXT=.COM;.EXE;.BAT;.CMD;.VBS;.VBE;.JS;.JSE;.WSF;.WSH;.MSC
  - PROCESSOR_ARCHITECTURE=AMD64
  - PROCESSOR_IDENTIFIER=Intel64 Family 6 Model 158 Stepping 9, GenuineIntel
  - PROCESSOR_LEVEL=6
  - PROCESSOR_REVISION=9e09
  - PROMPT=$P$G
  - PSModulePath=C:\Program Files\WindowsPowerShell\Modules;C:\WINDOWS\system32\WindowsPowerShell\v1.0\Modules
  - PUBLIC=C:\Users\Public
  - Path=;;;;;C:\Program Files\Docker\Docker\Resources\bin;;C:\Program Files (x86)\Common Files\Oracle\Java\javapath;;;;;C:\Program Files (x86)\RSA SecurID Token Common;C:\ProgramData\Oracle\Java\javapath;C:\WINDOWS\system32;C:\WINDOWS;C:\WINDOWS\System32\Wbem;C:\WINDOWS\System32\WindowsPowerShell\v1.0\;C:\Program Files (x86)\NVIDIA Corporation\PhysX\Common;C:\Program Files\nodejs\;C:\Program Files\Intel\WiFi\bin\;C:\Program Files\Common Files\Intel\WirelessCommon\;C:\Program Files\TortoiseSVN\bin;C:\Users\dpachipu\AppData\Local\Microsoft\WindowsApps;C:\Program Files\Microsoft VS Code\bin;C:\Users\dpachipu\AppData\Roaming\npm;C:\Program Files\Intel\WiFi\bin\;C:\Program Files\Common Files\Intel\WirelessCommon\;C:\Users\dpachipu\Downloads\apache-maven-3.5.4-bin\apache-maven-3.5.4\bin;;C:\Users\dpachipu\AppData\Local\Programs\Fiddler
  - ProgramData=C:\ProgramData
  - ProgramFiles=C:\Program Files
  - ProgramFiles(x86)=C:\Program Files (x86)
  - ProgramW6432=C:\Program Files
  - SESSIONNAME=Console
  - SSLSYS_DEBUG_LOGGING=7
  - SystemDrive=C:
  - SystemRoot=C:\WINDOWS
  - TEMP=C:\Users\dpachipu\AppData\Local\Temp
  - TMP=C:\Users\dpachipu\AppData\Local\Temp
  - UATDATA=C:\WINDOWS\CCM\UATData\D9F8C395-CAB8-491d-B8AC-179A1FE1BE77
  - USERDNSDOMAIN=BEDFORD.PROGRESS.COM
  - USERDOMAIN=PROGRESS
  - USERDOMAIN_ROAMINGPROFILE=PROGRESS
  - USERNAME=dpachipu
  - USERPROFILE=C:\Users\dpachipu
  - windir=C:\WINDOWS
System properties:
  - ant.home=C:\Progress\OpenEdge117\oeide\eclipse\plugins\org.apache.ant_1.9.6.v201510161327
  - ant.library.dir=C:\Progress\OpenEdge117\oeide\eclipse\plugins\org.apache.ant_1.9.6.v201510161327\lib
  - awt.toolkit=sun.awt.windows.WToolkit
  - file.encoding=UTF-8
  - file.encoding.pkg=sun.io
  - file.separator=\
  - java.awt.graphicsenv=sun.awt.Win32GraphicsEnvironment
  - java.awt.printerjob=sun.awt.windows.WPrinterJob
  - java.class.path=C:\Progress\OpenEdge117\oeide\eclipse\plugins\org.apache.ant_1.9.6.v201510161327\lib\ant-antlr.jar;C:\Progress\OpenEdge117\oeide\eclipse\plugins\org.apache.ant_1.9.6.v201510161327\lib\ant-apache-bcel.jar;C:\Progress\OpenEdge117\oeide\eclipse\plugins\org.apache.ant_1.9.6.v201510161327\lib\ant-apache-bsf.jar;C:\Progress\OpenEdge117\oeide\eclipse\plugins\org.apache.ant_1.9.6.v201510161327\lib\ant-apache-log4j.jar;C:\Progress\OpenEdge117\oeide\eclipse\plugins\org.apache.ant_1.9.6.v201510161327\lib\ant-apache-oro.jar;C:\Progress\OpenEdge117\oeide\eclipse\plugins\org.apache.ant_1.9.6.v201510161327\lib\ant-apache-regexp.jar;C:\Progress\OpenEdge117\oeide\eclipse\plugins\org.apache.ant_1.9.6.v201510161327\lib\ant-apache-resolver.jar;C:\Progress\OpenEdge117\oeide\eclipse\plugins\org.apache.ant_1.9.6.v201510161327\lib\ant-apache-xalan2.jar;C:\Progress\OpenEdge117\oeide\eclipse\plugins\org.apache.ant_1.9.6.v201510161327\lib\ant-commons-logging.jar;C:\Progress\OpenEdge117\oeide\eclipse\plugins\org.apache.ant_1.9.6.v201510161327\lib\ant-commons-net.jar;C:\Progress\OpenEdge117\oeide\eclipse\plugins\org.apache.ant_1.9.6.v201510161327\lib\ant-jai.jar;C:\Progress\OpenEdge117\oeide\eclipse\plugins\org.apache.ant_1.9.6.v201510161327\lib\ant-javamail.jar;C:\Progress\OpenEdge117\oeide\eclipse\plugins\org.apache.ant_1.9.6.v201510161327\lib\ant-jdepend.jar;C:\Progress\OpenEdge117\oeide\eclipse\plugins\org.apache.ant_1.9.6.v201510161327\lib\ant-jmf.jar;C:\Progress\OpenEdge117\oeide\eclipse\plugins\org.apache.ant_1.9.6.v201510161327\lib\ant-jsch.jar;C:\Progress\OpenEdge117\oeide\eclipse\plugins\org.apache.ant_1.9.6.v201510161327\lib\ant-junit.jar;C:\Progress\OpenEdge117\oeide\eclipse\plugins\org.apache.ant_1.9.6.v201510161327\lib\ant-junit4.jar;C:\Progress\OpenEdge117\oeide\eclipse\plugins\org.apache.ant_1.9.6.v201510161327\lib\ant-launcher.jar;C:\Progress\OpenEdge117\oeide\eclipse\plugins\org.apache.ant_1.9.6.v201510161327\lib\ant-netrexx.jar;C:\Progress\OpenEdge117\oeide\eclipse\plugins\org.apache.ant_1.9.6.v201510161327\lib\ant-swing.jar;C:\Progress\OpenEdge117\oeide\eclipse\plugins\org.apache.ant_1.9.6.v201510161327\lib\ant-testutil.jar;C:\Progress\OpenEdge117\oeide\eclipse\plugins\org.apache.ant_1.9.6.v201510161327\lib\ant.jar;C:\Progress\OpenEdge117\oeide\eclipse\configuration\org.eclipse.osgi\208\0\.cp\lib\antdebug.jar;C:\Progress\OpenEdge117\oeide\eclipse\configuration\org.eclipse.osgi\208\0\.cp\lib\remote.jar;C:\Progress\OpenEdge117\oeide\eclipse\configuration\org.eclipse.osgi\209\0\.cp\lib\remoteAnt.jar;C:\Program Files\Java\jdk1.8.0_161\lib\tools.jar;C:\Progress\OpenEdge117\oeide\eclipse\plugins\org.eclipse.swt.win32.win32.x86_64_3.104.2.v20160212-1350.jar;C:\Users\dpachipu\Downloads\PCT.jar
  - java.class.version=52.0
  - java.endorsed.dirs=C:\Progress\OpenEdge117\jre\lib\endorsed
  - java.ext.dirs=C:\Progress\OpenEdge117\jre\lib\ext;C:\WINDOWS\Sun\Java\lib\ext
  - java.home=C:\Progress\OpenEdge117\jre
  - java.io.tmpdir=C:\Users\dpachipu\AppData\Local\Temp\
  - java.library.path=C:\Progress\OpenEdge117\jre\bin;C:\WINDOWS\Sun\Java\bin;C:\WINDOWS\system32;C:\WINDOWS;;;;;;C:\Program Files\Docker\Docker\Resources\bin;;C:\Program Files (x86)\Common Files\Oracle\Java\javapath;;;;;C:\Program Files (x86)\RSA SecurID Token Common;C:\ProgramData\Oracle\Java\javapath;C:\WINDOWS\system32;C:\WINDOWS;C:\WINDOWS\System32\Wbem;C:\WINDOWS\System32\WindowsPowerShell\v1.0\;C:\Program Files (x86)\NVIDIA Corporation\PhysX\Common;C:\Program Files\nodejs\;C:\Program Files\Intel\WiFi\bin\;C:\Program Files\Common Files\Intel\WirelessCommon\;C:\Program Files\TortoiseSVN\bin;C:\Users\dpachipu\AppData\Local\Microsoft\WindowsApps;C:\Program Files\Microsoft VS Code\bin;C:\Users\dpachipu\AppData\Roaming\npm;C:\Program Files\Intel\WiFi\bin\;C:\Program Files\Common Files\Intel\WirelessCommon\;C:\Users\dpachipu\Downloads\apache-maven-3.5.4-bin\apache-maven-3.5.4\bin;;C:\Users\dpachipu\AppData\Local\Programs\Fiddler;.;C:\Progress\OpenEdge117\oeide\eclipse\configuration\org.eclipse.osgi\529\0\.cp
  - java.runtime.name=Java(TM) SE Runtime Environment
  - java.runtime.version=1.8.0_101-b13
  - java.specification.name=Java Platform API Specification
  - java.specification.vendor=Oracle Corporation
  - java.specification.version=1.8
  - java.vendor=Oracle Corporation
  - java.vendor.url=http://java.oracle.com/
  - java.vendor.url.bug=http://bugreport.sun.com/bugreport/
  - java.version=1.8.0_101
  - java.vm.info=mixed mode
  - java.vm.name=Java HotSpot(TM) 64-Bit Server VM
  - java.vm.specification.name=Java Virtual Machine Specification
  - java.vm.specification.vendor=Oracle Corporation
  - java.vm.specification.version=1.8
  - java.vm.vendor=Oracle Corporation
  - java.vm.version=25.101-b13
  - line.separator=

  - os.arch=amd64
  - os.name=Windows 10
  - os.version=10.0
  - path.separator=;
  - sun.arch.data.model=64
  - sun.boot.class.path=C:\Progress\OpenEdge117\jre\lib\resources.jar;C:\Progress\OpenEdge117\jre\lib\rt.jar;C:\Progress\OpenEdge117\jre\lib\sunrsasign.jar;C:\Progress\OpenEdge117\jre\lib\jsse.jar;C:\Progress\OpenEdge117\jre\lib\jce.jar;C:\Progress\OpenEdge117\jre\lib\charsets.jar;C:\Progress\OpenEdge117\jre\lib\jfr.jar;C:\Progress\OpenEdge117\jre\classes
  - sun.boot.library.path=C:\Progress\OpenEdge117\jre\bin
  - sun.cpu.endian=little
  - sun.cpu.isalist=amd64
  - sun.desktop=windows
  - sun.io.unicode.encoding=UnicodeLittle
  - sun.java.command=org.eclipse.ant.internal.launching.remote.InternalAntRunner -v -Dorg.eclipse.ant.core.ANT_PROCESS_ID=1532368820712 -Declipse.connect.port=51150 -Declipse.pdebuild.home=/C:/Progress/OpenEdge117/oeide/eclipse/plugins/org.eclipse.pde.build_3.9.100.v20150521-1524/./ -Declipse.pdebuild.scripts=/C:/Progress/OpenEdge117/oeide/eclipse/plugins/org.eclipse.pde.build_3.9.100.v20150521-1524/scripts/ -Declipse.pdebuild.templates=/C:/Progress/OpenEdge117/oeide/eclipse/plugins/org.eclipse.pde.build_3.9.100.v20150521-1524/templates/ -Dant.home=C:\Progress\OpenEdge117\oeide\eclipse\plugins\org.apache.ant_1.9.6.v201510161327 -logger org.eclipse.ant.internal.launching.remote.logger.RemoteAntBuildLogger -inputhandler org.eclipse.ant.internal.ui.antsupport.inputhandler.ProxyInputHandler -buildfile C:\Users\dpachipu\git\oe-prj-che\Operations\ant\build.xml
  - sun.java.launcher=SUN_STANDARD
  - sun.jnu.encoding=Cp1252
  - sun.management.compiler=HotSpot 64-Bit Tiered Compilers
  - sun.os.patch.level=
  - user.country=US
  - user.dir=C:\Users\dpachipu\git\oe-prj-che\Operations\ant
  - user.home=C:\Users\dpachipu
  - user.language=en
  - user.name=dpachipu
  - user.script=
  - user.timezone=Asia/Calcutta
  - user.variant=
SonarQube plugins:
  - SonarPython 1.8.0.1496 (python)
  - Riverside Rules 2.1.5 (rsswrules)
  - Progress Software licenses for OpenEdge plugin 1.0.1 (oelicenseprogress)
  - SonarQube :: Plugins :: SCM :: SVN 1.6.0.860 (scmsvn)
  - SonarJS 3.2.0.5506 (javascript)
  - SonarC# 6.5.0.3766 (csharp)
  - SonarJava 4.15.0.12310 (java)
  - OpenEdge 2.1.5.3 (openedge)
  - Flex 2.3 (flex)
  - SonarQube :: Plugins :: SCM :: Git 1.3.0.869 (scmgit)
  - SonarXML 1.4.3.1027 (xml)
  - SonarPHP 2.11.0.2485 (php)
  - SonarTS 1.1.0.1079 (typescript)
Global properties:
  - sonar.core.id=AWTGNiTZ7l4HYt18rO5o
  - sonar.core.startTime=2018-07-23T06:42:28-0700
Settings for module: OePrj
  - sonar.coverageReportPaths=profiler/profiler.xml
  - sonar.cpd.exclusions=dump/**
  - sonar.exclusions=srcDbg/sample/excl/**
  - sonar.genericcoverage.reportPaths=profiler/profiler.xml
  - sonar.host.url=http://172.21.32.73:9000
  - sonar.java.binaries=build
  - sonar.java.libraries=lib/*.jar
  - sonar.language=oe
  - sonar.oe.binaries=build
  - sonar.oe.coverage.profiler.dirs=profiler 
  - sonar.oe.cpd.debug=true          
  - sonar.oe.dlc=C:/Progress/OpenEdge117
  - sonar.oe.proparse.debug=true         
  - sonar.oe.propath=srcDbg
  - sonar.oe.propath.dlc=true      
  - sonar.oe.rcode.skip=true
  - sonar.oe.skipProparse=false
  - sonar.projectBaseDir=C:\Users\dpachipu\git\oe-prj-che\Operations
  - sonar.projectDescription=test
  - sonar.projectKey=OePrj
  - sonar.projectName=OePrj
  - sonar.projectVersion=11.7.0     
  - sonar.sourceEncoding=utf-8
  - sonar.sources=src                
  - sonar.verbose=true
  - sonar.working.directory=C:\Users\dpachipu\git\oe-prj-che\Operations\.sonar
