1 06/28/2017 "Default description" 20:38:52 "dpachipu"
.
45 "NotZero OpenEdge.Core.Assert" "" 0
56 "ClassAnnotationInfo OpenEdge.ABLUnit.Reflection.ClassAnnotationInfo" "" 0
30 "ProcedureAnnotationInfo OpenEdge.ABLUnit.Reflection.ProcedureAnnotationInfo" "" 0
6 "OpenEdge.ABLUnit.Runner.ABLRunner" "" 31820
60 "populateTestModelForTestMethod OpenEdge.ABLUnit.Runner.ABLRunner" "" 0
31 "OpenEdge.ABLUnit.Model.TestProcedure" "" 63466
47 "populateTestModelForTestClass OpenEdge.ABLUnit.Runner.ABLRunner" "" 0
81 "GetErrorCount OpenEdge.ABLUnit.Results.TestTypeResult" "" 0
11 "TestEntity OpenEdge.ABLUnit.Model.TestEntity" "" 0
67 "runtests OpenEdge.ABLUnit.Runner.ABLRunner" "" 0
50 "GetObjectIdAttribute OpenEdge.ABLUnit.Runner.ABLRunner" "" 0
27 "OpenEdge.ABLUnit.Reflection.TypeInfo" "" 4036
73 "BasicOperations" "" 24991
58 "OpenEdge.ABLUnit.Model.TestClass" "" 41899
44 "NotNull OpenEdge.Core.Assert" "" 0
3 "OpenEdge.ABLUnit.Runner.TestConfig" "" 63563
38 "getTestEntities OpenEdge.ABLUnit.Model.TestEntity" "" 0
32 "TestProcedure OpenEdge.ABLUnit.Model.TestProcedure" "" 0
28 "GetRefTypeAttribute OpenEdge.ABLUnit.Runner.ABLRunner" "" 0
76 "Operations" "" 34717
15 "SetArraySize OpenEdge.Core.Collections.Array" "" 0
84 "WriteChildEntities OpenEdge.ABLUnit.Runner.ABLRunner" "" 0
4 "TestConfig OpenEdge.ABLUnit.Runner.TestConfig" "" 0
48 "getRelativePathOfClasses OpenEdge.ABLUnit.Runner.ABLRunner" "" 0
42 "Assert OpenEdge.Core.Assert" "" 0
37 "loadSerializedTree OpenEdge.ABLUnit.Runner.ABLRunner" "" 0
71 "C:\Theja\117Testing\27Mar\SonarTest\Operations\src\custom.p" "" 52141
17 "OpenEdge.ABLUnit.Results.TestTypeResult" "" 5064
51 "ClassInfo OpenEdge.ABLUnit.Reflection.ClassInfo" "" 0
9 "OpenEdge.ABLUnit.Model.TestRootModel" "" 57016
61 "getTestList OpenEdge.ABLUnit.Reflection.ClassAnnotationInfo" "" 0
39 "getChildrenSize OpenEdge.ABLUnit.Model.TestEntity" "" 0
72 "getClassName OpenEdge.ABLUnit.Reflection.ClassInfo" "" 0
8 "OpenEdge.ABLUnit.Model.TestEntity" "" 41070
78 "InitializeComponent Operations" "" 0
21 "populateTestModel OpenEdge.ABLUnit.Runner.ABLRunner" "" 0
53 "AnnotationUtil OpenEdge.ABLUnit.Reflection.AnnotationUtil" "" 0
41 "OpenEdge.Core.Assert" "" 37962
19 "GetResultsFile OpenEdge.ABLUnit.Runner.TestConfig" "" 0
65 "TestInfo OpenEdge.ABLUnit.Reflection.TestInfo" "" 0
49 "OpenEdge.ABLUnit.Reflection.ClassInfo" "" 53585
35 "populateTestModelForInternalProcs OpenEdge.ABLUnit.Runner.ABLRunner" "" 0
18 "updateStackTraceProperty OpenEdge.ABLUnit.Runner.ABLRunner" "" 0
5 "Initialize OpenEdge.ABLUnit.Runner.TestConfig" "" 0
86 "returnValue C:\Users\dpachipu\AppData\Local\Temp\pctinit44755.p" "" 0
70 "RunAfterProcedure OpenEdge.ABLUnit.Reflection.ProcedureAnnotationInfo" "" 0
24 "BuildTypeInfo OpenEdge.ABLUnit.Runner.ABLRunner" "" 0
40 "GetValue OpenEdge.Core.Collections.Array" "" 0
75 "RunAfterClass OpenEdge.ABLUnit.Reflection.ClassAnnotationInfo" "" 0
83 "GetIgnoreCount OpenEdge.ABLUnit.Results.TestTypeResult" "" 0
34 "SetValue OpenEdge.Core.Collections.Array" "" 0
22 "populateTestModelForTestCase OpenEdge.ABLUnit.Runner.ABLRunner" "" 0
25 "ParseXMLDocument OpenEdge.ABLUnit.Runner.ABLRunner" "" 0
13 "Array OpenEdge.Core.Collections.Array" "" 0
36 "getTestProcs OpenEdge.ABLUnit.Reflection.ProcedureAnnotationInfo" "" 0
77 "Operations Operations" "" 0
12 "OpenEdge.Core.Collections.Array" "" 11318
68 "C:\Theja\117Testing\27Mar\SonarTest\Operations\src\Factorial.p" "" 38724
59 "TestClass OpenEdge.ABLUnit.Model.TestClass" "" 0
62 "OpenEdge.ABLUnit.Reflection.AnnotationInfo" "" 41661
57 "HasIgnoreAnnotation OpenEdge.ABLUnit.Reflection.AnnotationUtil" "" 0
46 "updateFile OpenEdge.ABLUnit.Runner.ABLRunner" "" 0
54 "HasAnnotation OpenEdge.ABLUnit.Reflection.AnnotationUtil" "" 0
85 "UpdateIgnored OpenEdge.ABLUnit.Runner.ABLRunner" "" 0
26 "ParseSourceElement OpenEdge.ABLUnit.Runner.ABLRunner" "" 0
82 "GetFailureCount OpenEdge.ABLUnit.Results.TestTypeResult" "" 0
63 "AnnotationInfo OpenEdge.ABLUnit.Reflection.AnnotationInfo" "" 0
7 "ABLRunner OpenEdge.ABLUnit.Runner.ABLRunner" "" 0
74 "RunBeforeClass OpenEdge.ABLUnit.Reflection.ClassAnnotationInfo" "" 0
10 "TestRootModel OpenEdge.ABLUnit.Model.TestRootModel" "" 0
52 "OpenEdge.ABLUnit.Reflection.AnnotationUtil" "" 58982
2 "ABLUnitCore.p" "" 62572
23 "populateTestModelForProcedureType OpenEdge.ABLUnit.Runner.ABLRunner" "" 0
80 "getTestCount OpenEdge.ABLUnit.Results.TestTypeResult" "" 0
16 "propGet_Size OpenEdge.Core.Collections.Array" "" 0
64 "OpenEdge.ABLUnit.Reflection.TestInfo" "" 10226
14 "propSet_Size OpenEdge.Core.Collections.Array" "" 0
29 "OpenEdge.ABLUnit.Reflection.ProcedureAnnotationInfo" "" 52938
69 "RunBeforeProcedure OpenEdge.ABLUnit.Reflection.ProcedureAnnotationInfo" "" 0
33 "addTestEntity OpenEdge.ABLUnit.Model.TestEntity" "" 0
20 "RunTests OpenEdge.ABLUnit.Runner.ABLRunner" "" 0
55 "OpenEdge.ABLUnit.Reflection.ClassAnnotationInfo" "" 21095
1 "C:\Users\dpachipu\AppData\Local\Temp\pctinit44755.p" "" 44306
43 "NotNullOrZero OpenEdge.Core.Assert" "" 0
79 "WriteTestResults OpenEdge.ABLUnit.Runner.ABLRunner" "" 0
66 "getAnnotationName OpenEdge.ABLUnit.Reflection.AnnotationInfo" "" 0
.
60 545 61 2
67 1155 73 1
67 1154 72 2
67 1165 69 2
67 1155 76 1
67 1155 77 1
67 1162 68 1
67 1162 71 1
67 1158 74 2
35 581 36 2
67 1227 46 5
0 0 1 1
67 1212 67 4
67 1221 70 2
57 39 16 22
67 1217 75 2
10 22 11 1
56 42 12 2
56 42 13 2
1 28 2 1
11 37 12 6
11 37 13 6
23 628 30 2
67 1212 40 4
23 628 29 2
23 625 24 2
77 41 78 1
77 40 73 1
59 28 11 2
32 25 11 2
14 53 15 19
4 54 5 1
33 59 34 4
30 42 12 2
57 40 40 20
30 42 13 2
13 61 14 19
7 79 8 1
15 94 16 20
7 79 9 1
7 79 10 1
15 105 34 10
7 82 17 1
15 90 16 20
7 83 18 1
15 88 16 20
67 1169 40 4
13 72 13 19
2 73 3 1
34 123 16 27
34 126 16 1
54 82 40 20
2 74 6 1
2 74 7 1
2 73 4 1
34 126 15 1
2 75 20 1
7 100 7 1
23 712 31 2
1 39 86 1
40 115 43 85
40 115 42 1
40 115 41 1
54 81 16 22
15 97 16 2
23 712 8 2
7 106 19 1
22 739 47 2
21 748 37 4
22 736 23 2
21 747 21 4
20 146 21 4
37 764 40 20
37 763 39 48
37 761 38 28
23 718 35 2
23 716 33 2
20 147 37 4
20 158 46 1
37 765 37 20
23 712 32 2
20 147 46 4
24 175 25 4
21 788 22 4
20 153 79 1
20 152 67 1
25 212 26 4
43 834 45 85
43 833 44 85
26 294 52 1
26 294 53 1
26 294 54 2
26 266 27 4
26 292 50 2
26 292 51 2
26 292 49 2
26 276 28 593
26 268 12 4
26 268 13 4
26 264 12 4
26 264 13 4
26 285 34 12
84 1017 39 4
84 1016 38 4
26 283 50 12
26 364 64 1
26 364 65 1
26 300 12 2
26 300 13 2
26 283 63 12
26 283 62 12
84 1005 39 4
79 971 38 1
79 972 39 5
79 973 40 4
26 366 34 1
79 968 83 1
79 974 84 4
79 966 81 1
79 967 82 1
79 965 80 1
47 407 57 2
47 404 56 3
47 404 55 3
47 400 48 2
84 1006 85 4
47 414 40 1
47 422 40 12
47 401 24 2
67 1130 46 5
67 1148 39 5
67 1147 38 5
47 423 66 12
47 489 8 2
47 499 60 2
47 494 33 2
67 1105 67 5
47 489 58 2
47 489 59 2
.
0 0 1 0.000000 0.787899
1 0 1 0.003096 0.787899
2 0 1 0.000035 0.782318
61 63 2 0.000000 0.000000
61 62 2 0.000024 0.000024
3 0 1 0.000032 0.000032
4 0 1 0.000007 0.000124
5 0 1 0.000015 0.000077
6 0 1 0.000029 0.000029
7 0 2 0.000011 0.004725
8 0 5 0.000050 0.000050
9 0 1 0.000019 0.000019
38 44 38 0.000083 0.000083
10 0 1 0.000005 0.001775
38 45 38 0.000006 0.000006
11 0 5 0.000018 0.002110
12 0 20 0.000339 0.000339
1 13 1 0.000249 0.000249
13 0 39 0.000115 0.002636
1 12 1 0.000275 0.000275
14 0 19 0.000052 0.001070
1 15 1 0.000293 0.000293
15 0 20 0.000158 0.001148
1 14 1 0.000271 0.000271
83 67 1 0.000001 0.000001
57 41 20 0.000063 0.000063
16 0 134 0.000246 0.000453
1 17 1 0.000006 0.000006
83 66 1 0.000019 0.000019
57 40 20 0.000062 0.000495
56 41 2 0.000005 0.000005
17 0 1 0.000029 0.000029
1 16 1 0.000018 0.000018
57 43 20 0.000002 0.000002
56 42 2 0.000044 0.000207
18 0 1 0.000006 0.000041
10 24 1 0.000000 0.000000
56 43 2 0.000004 0.000004
19 0 1 0.000004 0.000037
1 18 1 0.000001 0.000001
20 0 1 0.000040 0.778105
57 45 2 0.000002 0.000002
56 44 2 0.000000 0.000000
1 21 2 0.000005 0.000005
21 0 8 0.000050 0.879541
1 20 2 0.000002 0.000002
1 23 1 0.000002 0.000002
57 47 2 0.000000 0.000000
39 49 66 0.000003 0.000003
22 0 4 0.000121 0.437712
1 22 1 0.000013 0.000013
39 48 66 0.000100 0.000100
23 0 2 0.000033 0.030971
1 25 1 0.000000 0.000000
24 0 4 0.000060 0.433688
25 0 4 0.000123 0.039752
69 95 2 0.000032 0.000032
33 59 4 0.000021 0.000106
26 0 4 0.001913 0.021887
1 27 1 0.000003 0.000003
1 26 1 0.000000 0.000000
33 58 4 0.000037 0.000037
27 0 4 0.000034 0.000034
28 0 593 0.001419 0.003245
10 22 1 0.000027 0.001770
1 28 1 0.000337 0.782655
33 60 4 0.000004 0.000004
29 0 2 0.000047 0.000047
57 39 22 0.000074 0.000138
30 0 2 0.000009 0.000260
63 32 12 0.000000 0.000000
33 62 4 0.000000 0.000000
31 0 2 0.000024 0.000024
78 110 1 0.005252 0.005252
32 0 2 0.000007 0.000212
78 111 1 0.000062 0.000062
33 0 4 0.000014 0.000161
1 35 2 0.000003 0.000003
78 108 1 0.046946 0.046946
74 104 2 0.000001 0.000001
69 103 2 0.000004 0.000004
34 0 27 0.000087 0.000624
16 50 134 0.000189 0.000189
78 109 1 0.000335 0.000335
35 0 2 0.000014 0.000101
11 40 5 0.000002 0.000002
16 51 134 0.000018 0.000018
1 37 1 0.000002 0.000002
78 106 1 0.000138 0.000138
63 27 12 0.000204 0.000204
51 23 2 0.000007 0.000007
36 0 2 0.000005 0.000041
1 36 1 0.000002 0.000002
78 107 1 0.000130 0.000130
59 30 2 0.000001 0.000001
51 22 2 0.000023 0.000023
37 0 28 0.000132 0.002886
1 39 1 0.000011 0.001000
78 104 1 0.000813 0.000813
38 0 38 0.000075 0.000164
1 38 1 0.000002 0.000002
78 105 1 0.000178 0.000178
59 28 2 0.000030 0.000220
39 0 66 0.000120 0.000223
78 102 1 0.000143 0.000143
40 0 85 0.000207 0.002431
1 40 1 0.000001 0.000001
78 103 1 0.000366 0.000366
41 0 1 0.000042 0.000042
78 100 1 0.004561 0.004561
74 96 2 0.000035 0.000035
42 0 1 0.000019 0.000019
78 101 1 0.000225 0.000225
51 24 2 0.000000 0.000000
43 0 85 0.000204 0.001333
78 98 1 0.077372 0.077372
44 0 85 0.000171 0.000336
11 39 5 0.000007 0.000007
78 99 1 0.001663 0.001663
74 103 2 0.000005 0.000005
69 104 2 0.000000 0.000000
45 0 85 0.000162 0.000313
11 38 5 0.000010 0.000010
46 0 15 0.000064 0.000131
11 37 5 0.001388 0.002045
47 0 2 0.000055 0.406543
11 36 5 0.000028 0.000028
78 126 1 0.000316 0.000316
48 0 2 0.000012 0.000041
13 61 19 0.000099 0.001169
78 127 1 0.000017 0.000017
49 0 2 0.000028 0.000028
4 53 1 0.000003 0.000003
50 0 14 0.000047 0.000135
30 44 2 0.000001 0.000001
4 54 1 0.000007 0.000084
51 0 2 0.000010 0.000040
4 55 1 0.000000 0.000000
78 122 1 0.011348 0.011348
52 0 1 0.000017 0.000017
30 42 2 0.000042 0.000219
13 57 1 0.000033 0.000033
53 0 1 0.000018 0.000018
30 43 2 0.000004 0.000004
78 120 1 0.000362 0.000362
54 0 2 0.000038 0.000747
4 50 1 0.000027 0.000027
78 121 1 0.000107 0.000107
55 0 3 0.000042 0.000042
30 41 2 0.000027 0.000027
13 58 1 0.000001 0.000001
4 51 1 0.000003 0.000003
78 118 1 0.051046 0.051046
56 0 3 0.000029 0.000245
14 54 19 0.000003 0.000003
78 119 1 0.000422 0.000422
57 0 2 0.000038 0.000738
32 25 2 0.000028 0.000205
58 0 2 0.000025 0.000025
59 0 2 0.000006 0.000227
32 27 2 0.000000 0.000000
14 53 19 0.000091 0.001015
78 114 1 0.000090 0.000090
60 0 2 0.000021 0.000097
61 0 2 0.000005 0.000029
2 63 1 0.000007 0.000007
78 112 1 0.000028 0.000028
62 0 12 0.000065 0.000065
78 113 1 0.000091 0.000091
63 0 12 0.000045 0.000249
2 61 1 0.000019 0.000019
64 0 1 0.000026 0.000026
2 66 1 0.000003 0.000003
65 0 1 0.000005 0.000042
2 67 1 0.000001 0.000001
66 0 12 0.000020 0.000070
67 0 10 0.000630 1.336447
2 65 1 0.000005 0.000005
68 0 1 0.000042 0.000042
13 73 19 0.000003 0.000003
2 70 1 0.000001 0.000001
69 0 2 0.000010 0.000046
13 72 19 0.000089 0.001315
70 0 2 0.000005 0.000033
2 68 1 0.000052 0.000052
71 0 1 0.000062 0.000101
2 69 1 0.001057 0.001057
72 0 2 0.000003 0.000029
2 74 1 0.000234 0.002680
18 90 1 0.000006 0.000006
7 79 1 0.000245 0.002065
2 75 1 0.000005 0.778110
73 0 2 0.000043 0.000043
18 91 1 0.000000 0.000000
7 78 1 0.000002 0.000002
74 0 2 0.000016 0.000057
75 0 2 0.000007 0.000034
18 89 1 0.000029 0.000029
2 73 1 0.000179 0.000335
2 78 1 0.000005 0.000005
76 0 1 0.000033 0.000033
77 0 1 0.000017 0.307541
13 64 19 0.000000 0.000000
80 30 1 0.000029 0.000029
78 0 1 0.000238 0.256229
79 0 1 0.000022 0.001931
80 31 1 0.000000 0.000000
80 0 1 0.000004 0.000033
15 95 19 0.000027 0.000027
81 0 1 0.000003 0.000023
19 66 1 0.000003 0.000003
7 86 1 0.000001 0.000001
15 94 20 0.000061 0.000113
5 84 1 0.000003 0.000003
82 0 1 0.000003 0.000022
19 65 1 0.000028 0.000028
7 85 1 0.000016 0.000016
83 0 1 0.000002 0.000022
72 27 2 0.000026 0.000026
7 84 1 0.000002 0.000002
84 0 4 0.000035 0.000413
72 28 2 0.000000 0.000000
19 71 1 0.000000 0.000000
7 83 1 0.000005 0.000046
5 81 1 0.000034 0.000034
85 0 4 0.000016 0.000063
7 82 1 0.000137 0.000166
15 90 20 0.000093 0.000149
86 0 1 0.000019 0.000989
19 69 1 0.000002 0.000002
7 81 1 0.000003 0.000003
15 89 20 0.000014 0.000014
5 83 1 0.000005 0.000005
7 80 1 0.000003 0.000003
15 88 20 0.000096 0.000215
5 82 1 0.000001 0.000001
71 31 1 0.000019 0.000019
34 123 27 0.000120 0.000212
40 115 85 0.000651 0.002045
65 29 1 0.000032 0.000032
34 126 1 0.000012 0.000239
40 116 85 0.000173 0.000173
40 117 85 0.000006 0.000006
65 31 1 0.000001 0.000001
34 124 1 0.000000 0.000000
15 81 20 0.000080 0.000080
65 30 1 0.000003 0.000003
34 125 1 0.000002 0.000002
65 32 1 0.000001 0.000001
54 87 2 0.000002 0.000002
7 102 1 0.000004 0.000004
77 47 1 0.000001 0.000001
5 103 1 0.000003 0.000003
54 85 20 0.000001 0.000001
7 100 1 0.000049 0.002357
15 108 20 0.000002 0.000002
5 102 1 0.000002 0.000002
2 102 1 0.000001 0.000001
77 41 1 0.000009 0.256238
54 82 20 0.000065 0.000517
15 107 20 0.000004 0.000004
2 103 1 0.000007 0.000007
77 40 1 0.000034 0.000053
15 106 10 0.000000 0.000000
54 83 20 0.000058 0.000058
71 33 1 0.000001 0.000001
66 36 12 0.000048 0.000048
15 105 10 0.000035 0.000140
5 99 1 0.000002 0.000002
77 42 1 0.000420 0.000420
71 32 1 0.000019 0.000019
66 37 12 0.000002 0.000002
54 81 22 0.000069 0.000131
15 104 30 0.000090 0.000090
82 58 1 0.000019 0.000019
20 124 1 0.000027 0.000027
82 59 1 0.000000 0.000000
5 108 1 0.000002 0.000002
2 104 1 0.000000 0.000000
77 39 1 0.050812 0.050812
15 101 20 0.000127 0.000127
7 108 1 0.000001 0.000001
5 110 1 0.000000 0.000000
7 107 1 0.000003 0.000003
5 105 1 0.000003 0.000003
7 106 1 0.000006 0.000043
81 63 1 0.000000 0.000000
15 97 1 0.000024 0.000029
81 62 1 0.000020 0.000020
54 89 2 0.000000 0.000000
7 104 1 0.000002 0.000002
5 112 1 0.000006 0.000006
5 115 1 0.000000 0.000000
5 114 1 0.000001 0.000001
86 46 1 0.000223 0.000223
86 47 1 0.000001 0.000001
86 44 1 0.000698 0.000698
86 45 1 0.000014 0.000014
36 88 2 0.000036 0.000036
86 43 1 0.000034 0.000034
36 89 2 0.000000 0.000000
78 206 1 0.001395 0.001395
20 148 4 0.000000 0.000000
78 207 1 0.000086 0.000086
20 149 4 0.000001 0.000001
20 150 4 0.000001 0.000001
20 151 1 0.000003 0.000003
78 202 1 0.000046 0.000046
20 145 4 0.000003 0.000003
78 200 1 0.000006 0.000006
20 146 4 0.000020 0.440565
78 201 1 0.000010 0.000010
20 147 4 0.000043 0.000896
78 198 1 0.000011 0.000011
78 199 1 0.000032 0.000032
20 158 1 0.000012 0.000027
20 159 1 0.000005 0.000005
78 197 1 0.000092 0.000092
20 152 1 0.000007 0.334466
20 153 1 0.000009 0.001940
20 154 1 0.000000 0.000000
78 192 1 0.000010 0.000010
78 193 1 0.000047 0.000047
78 222 1 0.000264 0.000264
78 223 1 0.005899 0.005899
78 218 1 0.000060 0.000060
20 129 5 0.000020 0.000020
78 216 1 0.000006 0.000006
20 130 4 0.000022 0.000022
78 217 1 0.000011 0.000011
20 131 4 0.000034 0.000034
78 214 1 0.000013 0.000013
78 215 1 0.000038 0.000038
78 213 1 0.000114 0.000114
20 136 4 0.000011 0.000011
20 137 4 0.000022 0.000022
78 208 1 0.002348 0.002348
20 138 4 0.000010 0.000010
78 209 1 0.000087 0.000087
78 238 1 0.000370 0.000370
78 239 1 0.000049 0.000049
34 131 27 0.000081 0.000081
78 236 1 0.000068 0.000068
78 237 1 0.000839 0.000839
34 129 1 0.000000 0.000000
78 234 1 0.000062 0.000062
78 235 1 0.000059 0.000059
78 232 1 0.000065 0.000065
34 132 27 0.000003 0.000003
78 233 1 0.000061 0.000061
78 230 1 0.000087 0.000087
70 238 2 0.000027 0.000027
78 231 1 0.000064 0.000064
24 177 4 0.000015 0.000015
78 228 1 0.000060 0.000060
24 178 4 0.002060 0.002060
78 229 1 0.000843 0.000843
24 179 4 0.000025 0.000025
78 226 1 0.000059 0.000059
78 227 1 0.000061 0.000061
24 181 4 0.000005 0.000005
78 224 1 0.000100 0.000100
78 225 1 0.000064 0.000064
70 246 2 0.000001 0.000001
20 160 1 0.000006 0.000006
24 172 4 0.000222 0.000222
20 161 1 0.000000 0.000000
24 173 4 0.391474 0.391474
20 163 1 0.000006 0.000044
24 175 4 0.000075 0.039827
78 247 1 0.000002 0.000002
78 242 1 0.000101 0.000101
78 243 1 0.000082 0.000082
78 240 1 0.000027 0.000027
78 241 1 0.000283 0.000283
25 217 4 0.007237 0.007237
78 140 1 0.000897 0.000897
25 219 4 0.000032 0.000032
25 218 4 0.000016 0.000016
78 138 1 0.000074 0.000074
25 221 4 0.000018 0.007307
78 139 1 0.002864 0.002864
25 220 4 0.000004 0.000004
78 136 1 0.000081 0.000081
78 137 1 0.000181 0.000181
78 134 1 0.031411 0.031411
25 209 8 0.000022 0.000022
78 135 1 0.000879 0.000879
25 208 8 0.000039 0.000039
25 211 4 0.000005 0.000005
25 210 8 0.000052 0.000052
78 130 1 0.000276 0.000276
25 213 4 0.000001 0.000001
25 212 4 0.000041 0.021928
78 128 1 0.000160 0.000160
78 129 1 0.000014 0.000014
25 214 8 0.000002 0.000002
78 158 1 0.000049 0.000049
25 201 4 0.000006 0.000006
25 200 4 0.000106 0.000106
78 156 1 0.000010 0.000010
25 203 4 0.000022 0.000022
78 157 1 0.000009 0.000009
25 202 4 0.000004 0.000004
78 154 1 0.000012 0.000012
78 155 1 0.000091 0.000091
25 204 4 0.010105 0.010105
78 153 1 0.000095 0.000095
25 206 4 0.000030 0.000030
50 235 14 0.000086 0.000086
78 148 1 0.000017 0.000017
78 149 1 0.000058 0.000058
78 146 1 0.000100 0.000100
78 147 1 0.000012 0.000012
78 144 1 0.000151 0.000151
50 236 14 0.000002 0.000002
78 145 1 0.000014 0.000014
78 174 1 0.000484 0.000484
78 175 1 0.000778 0.000778
78 172 1 0.000099 0.000099
78 173 1 0.000066 0.000066
78 170 1 0.000183 0.000183
26 254 4 0.000041 0.000041
78 171 1 0.000078 0.000078
78 166 1 0.000056 0.000056
78 164 1 0.000147 0.000147
78 165 1 0.000013 0.000013
78 162 1 0.000219 0.000219
78 163 1 0.000013 0.000013
78 190 1 0.000033 0.000033
78 191 1 0.000006 0.000006
78 188 1 0.000094 0.000094
78 189 1 0.000012 0.000012
78 184 1 0.000054 0.000054
78 182 1 0.000006 0.000006
28 228 593 0.000069 0.000069
78 183 1 0.000012 0.000012
78 180 1 0.000016 0.000016
78 181 1 0.000038 0.000038
78 179 1 0.000137 0.000137
28 227 593 0.001757 0.001757
26 283 12 0.000384 0.000795
26 281 12 0.000010 0.000010
26 286 12 0.000000 0.000000
26 284 12 0.000025 0.000025
26 285 12 0.000055 0.000471
26 274 1206 0.004452 0.004452
26 275 593 0.000394 0.000394
26 272 1206 0.002701 0.002701
26 278 593 0.001956 0.004671
26 276 593 0.001796 0.005041
75 324 2 0.000000 0.000000
26 266 4 0.000201 0.000235
26 264 4 0.000132 0.000515
26 265 4 0.000008 0.000008
26 271 1210 0.001098 0.001098
26 268 4 0.000071 0.000317
26 269 4 0.000007 0.000007
26 258 4 0.000004 0.000004
26 260 4 0.000004 0.000004
26 306 4 0.000010 0.000010
26 305 4 0.000001 0.000001
26 298 2 0.000002 0.000002
26 299 2 0.000002 0.000002
26 302 2 0.000001 0.000001
26 303 2 0.000000 0.000000
26 300 2 0.000037 0.000160
26 301 2 0.000004 0.000004
26 290 2 0.000007 0.000007
26 291 2 0.000001 0.000001
26 289 2 0.000002 0.000002
26 294 2 0.000152 0.000934
26 295 2 0.000002 0.000002
26 292 2 0.000172 0.000278
26 293 2 0.000005 0.000005
26 344 1206 0.000080 0.000080
26 349 4 0.000018 0.000018
26 343 593 0.000027 0.000027
26 341 1 0.000000 0.000000
26 330 1 0.000003 0.000003
26 329 1 0.000001 0.000001
26 327 4 0.000001 0.000001
26 378 4 0.000007 0.000042
26 376 4 0.000006 0.000006
26 377 4 0.000000 0.000000
26 370 4 0.000010 0.000010
26 371 4 0.000007 0.000007
26 368 1 0.000000 0.000000
26 374 4 0.000006 0.000006
26 375 4 0.000005 0.000005
26 373 4 0.000018 0.000018
26 362 1 0.000001 0.000001
26 361 4 0.000020 0.000020
26 366 1 0.000006 0.000024
26 367 1 0.000002 0.000002
75 317 2 0.000027 0.000027
26 364 1 0.000182 0.000250
26 365 1 0.000005 0.000005
47 424 12 0.000054 0.000054
47 423 12 0.000039 0.000109
47 422 12 0.000040 0.000288
47 421 13 0.000010 0.000010
47 420 1 0.000001 0.000001
47 419 1 0.000003 0.000003
47 414 1 0.000006 0.000029
47 413 3 0.000009 0.000009
47 407 2 0.000015 0.000753
47 404 2 0.000208 0.000495
47 403 2 0.000011 0.000011
47 401 2 0.000015 0.404015
47 400 2 0.000038 0.000079
47 494 2 0.000010 0.000064
47 493 2 0.000005 0.000005
47 492 2 0.000003 0.000003
47 491 2 0.000005 0.000005
47 490 2 0.000005 0.000005
47 489 2 0.000157 0.000422
47 487 2 0.000000 0.000000
47 503 2 0.000000 0.000000
47 501 2 0.000000 0.000000
47 499 2 0.000022 0.000119
47 496 2 0.000002 0.000002
47 470 2 0.000005 0.000005
47 468 1 0.000000 0.000000
47 467 12 0.000002 0.000002
60 568 2 0.000000 0.000000
60 548 2 0.000003 0.000003
60 549 2 0.000008 0.000008
60 545 2 0.000032 0.000061
60 546 2 0.000004 0.000004
23 628 2 0.000210 0.000517
35 583 2 0.000009 0.000009
35 582 2 0.000004 0.000004
23 626 2 0.000012 0.000012
35 581 2 0.000032 0.000073
23 625 2 0.000045 0.029733
23 633 2 0.000010 0.000010
35 600 2 0.000001 0.000001
23 692 2 0.000006 0.000006
44 745 85 0.000007 0.000007
23 722 2 0.000001 0.000001
23 721 2 0.000001 0.000001
22 735 4 0.000047 0.000047
44 743 85 0.000158 0.000158
23 711 2 0.000001 0.000001
23 710 2 0.000005 0.000005
37 765 20 0.000104 0.000744
37 764 20 0.000074 0.001047
23 718 2 0.000016 0.000117
23 717 2 0.000007 0.000007
37 766 20 0.000001 0.000001
23 716 2 0.000010 0.000117
37 761 28 0.000110 0.000230
23 715 2 0.000004 0.000004
23 714 2 0.000005 0.000005
37 763 48 0.000149 0.000314
23 713 2 0.000006 0.000006
23 712 2 0.000149 0.000396
22 740 4 0.000001 0.000001
22 738 2 0.000007 0.000007
22 739 2 0.000010 0.406553
22 736 2 0.000012 0.030983
21 749 4 0.000007 0.000007
21 748 4 0.000028 0.001473
21 750 4 0.000000 0.000000
21 747 4 0.000049 0.439045
21 789 4 0.000000 0.000000
21 788 4 0.000030 0.437742
21 790 4 0.000001 0.000001
21 787 4 0.000007 0.000007
21 780 4 0.001187 0.001187
21 782 4 0.000017 0.000017
21 779 4 0.000002 0.000002
21 778 4 0.000009 0.000009
37 772 28 0.000002 0.000002
37 768 28 0.000073 0.000073
37 771 28 0.000035 0.000035
37 770 28 0.000308 0.000308
21 803 4 0.000001 0.000001
45 844 85 0.000007 0.000007
45 842 85 0.000144 0.000144
43 835 85 0.000008 0.000008
43 834 85 0.000214 0.000527
43 833 85 0.000258 0.000594
79 975 4 0.000001 0.000001
79 974 4 0.000021 0.000434
79 973 4 0.000019 0.000136
79 972 5 0.000016 0.000030
79 971 1 0.000005 0.000010
79 968 1 0.000004 0.000026
79 967 1 0.000006 0.000028
79 966 1 0.000007 0.000030
79 965 1 0.000009 0.000042
84 991 4 0.000027 0.000027
79 964 1 0.000007 0.000007
79 963 1 0.000005 0.000005
79 962 1 0.000015 0.000015
48 929 2 0.000002 0.000002
48 930 2 0.000001 0.000001
79 977 1 0.000002 0.000002
79 976 1 0.001101 0.001101
84 1014 4 0.000031 0.000031
84 1008 4 0.000001 0.000001
84 1022 4 0.000001 0.000001
84 1016 4 0.000020 0.000041
48 924 2 0.000026 0.000026
84 1017 4 0.000022 0.000037
84 992 4 0.000015 0.000015
84 1004 4 0.000030 0.000030
84 1005 4 0.000030 0.000044
84 1006 4 0.000020 0.000083
84 1007 4 0.000023 0.000023
84 1000 4 0.000018 0.000018
84 1001 4 0.000002 0.000002
84 1003 4 0.000025 0.000025
79 959 1 0.000002 0.000002
79 958 1 0.000040 0.000040
67 1107 5 0.000002 0.000002
67 1106 5 0.000010 0.000010
67 1105 5 0.000052 0.667961
67 1130 5 0.000031 0.000057
67 1135 5 0.000008 0.000008
67 1132 5 0.000022 0.000022
67 1136 5 0.000012 0.000012
67 1147 5 0.000016 0.000034
67 1151 2 0.000001 0.000001
67 1150 5 0.000013 0.000013
67 1148 5 0.000011 0.000026
85 1031 4 0.000030 0.000030
85 1036 4 0.000000 0.000000
85 1032 4 0.000013 0.000013
85 1034 4 0.000004 0.000004
67 1219 3 0.000010 0.000010
67 1218 2 0.000000 0.000000
67 1217 2 0.000008 0.000042
67 1216 2 0.000002 0.000002
67 1222 2 0.000000 0.000000
67 1221 2 0.000008 0.000041
67 1220 2 0.000000 0.000000
67 1227 5 0.000057 0.000095
67 1226 5 0.000015 0.000015
67 1225 5 0.000014 0.000014
67 1224 5 0.000031 0.000031
67 1229 5 0.000002 0.000002
67 1155 2 0.025090 0.332688
67 1154 2 0.000008 0.000037
67 1153 2 0.000004 0.000004
46 1261 15 0.000063 0.000063
67 1159 2 0.000000 0.000000
67 1158 2 0.000018 0.000075
67 1157 2 0.000008 0.000008
67 1156 2 0.000009 0.000009
67 1163 2 0.000005 0.000005
67 1162 2 0.000024 0.000167
67 1161 2 0.000001 0.000001
67 1160 3 0.000008 0.000008
67 1166 2 0.000000 0.000000
67 1165 2 0.000012 0.000058
67 1164 2 0.000006 0.000006
67 1169 4 0.000017 0.000118
67 1168 9 0.000025 0.000025
46 1271 15 0.000004 0.000004
67 1215 5 0.000018 0.000018
67 1213 4 0.000001 0.000001
67 1212 4 0.000028 0.334191
.
.
6 "ABLRunner" 9
78
79
80
81
82
83
84
85
86
.
6 "updateStackTraceProperty" 3
89
90
91
.
6 "ABLRunner" 7
100
102
103
104
106
107
108
.
6 "RunTests" 32
124
129
130
131
132
133
134
135
136
137
138
139
141
142
143
144
145
146
147
148
149
150
151
152
153
154
156
158
159
160
161
163
.
6 "BuildTypeInfo" 7
172
173
175
177
178
179
181
.
6 "GetClassFile" 2
187
188
.
6 "ParseXMLDocument" 19
200
201
202
203
204
206
208
209
210
211
212
213
214
216
217
218
219
220
221
.
6 "GetRefTypeAttribute" 2
227
228
.
6 "GetObjectIdAttribute" 2
235
236
.
6 "ParseSourceElement" 92
254
258
260
264
265
266
268
269
271
272
274
275
276
278
281
283
284
285
286
289
290
291
292
293
294
295
296
298
299
300
301
302
303
305
306
307
309
310
311
312
313
314
315
316
317
318
319
321
322
323
324
325
326
327
329
330
331
333
334
335
336
337
338
339
340
341
342
343
344
349
350
352
353
354
355
357
361
362
364
365
366
367
368
370
371
372
373
374
375
376
377
378
.
6 "populateTestModelForTestClass" 71
400
401
403
404
407
413
414
419
420
421
422
423
424
426
427
428
429
430
433
434
435
436
437
440
441
442
443
444
447
448
449
450
451
454
455
456
457
458
461
462
463
464
465
466
467
468
470
471
472
475
476
477
478
479
480
482
483
485
486
487
489
490
491
492
493
494
496
497
499
501
503
.
6 "UpdateIgnoreDetails" 6
512
513
514
515
516
518
.
6 "populateTestModelForTestMethod" 19
545
546
548
549
550
551
553
554
555
556
557
559
560
561
562
563
564
565
568
.
6 "populateTestModelForInternalProcs" 18
581
582
583
584
585
587
588
589
590
591
593
594
595
596
597
598
599
600
.
6 "populateTestModelForProcedureType" 72
625
626
628
633
634
639
640
641
642
643
644
646
647
648
649
652
653
654
655
656
659
660
661
662
663
666
667
668
669
670
673
674
675
676
677
680
681
682
683
684
686
687
688
689
690
691
692
693
694
695
697
698
699
700
702
703
705
706
708
709
710
711
712
713
714
715
716
717
718
720
721
722
.
6 "Invoke" 2
728
729
.
6 "populateTestModelForTestCase" 5
735
736
738
739
740
.
6 "populateTestModel" 4
747
748
749
750
.
6 "loadSerializedTree" 10
761
763
764
765
766
768
769
770
771
772
.
6 "populateTestModel" 21
778
779
780
782
783
784
785
787
788
789
790
792
795
796
797
798
799
800
801
802
803
.
6 "populateTestModelForTestFolder" 15
814
815
816
817
818
819
820
821
825
827
828
829
830
831
832
.
6 "populateTestModelForTestSuite" 46
852
853
854
855
856
857
858
860
861
862
863
864
865
866
867
868
870
871
872
873
874
875
876
877
878
879
880
881
882
883
884
885
886
887
889
890
891
892
893
894
895
896
897
899
901
902
.
6 "HandleTestSuiteClasses" 11
908
909
910
911
912
913
914
915
916
917
918
.
6 "getRelativePathOfClasses" 7
924
925
926
927
928
929
930
.
6 "HandleTestSuiteProcedures" 8
936
937
938
939
940
941
942
943
.
6 "WriteTestResults" 17
958
959
962
963
964
965
966
967
968
969
971
972
973
974
975
976
977
.
6 "WriteChildEntities" 27
991
992
993
994
995
996
997
998
999
1000
1001
1003
1004
1005
1006
1007
1008
1010
1011
1012
1014
1016
1017
1018
1019
1020
1022
.
6 "UpdateIgnored" 5
1031
1032
1033
1034
1036
.
6 "CreateTestXMLResult" 29
1045
1046
1047
1048
1050
1051
1052
1053
1054
1055
1057
1059
1060
1061
1062
1063
1064
1065
1067
1068
1069
1070
1071
1072
1073
1074
1075
1076
1077
.
6 "createTraceElement" 12
1087
1088
1090
1091
1094
1095
1097
1098
1099
1100
1101
1102
.
6 "runtests" 3
1105
1106
1107
.
6 "runtests" 81
1130
1132
1135
1136
1137
1138
1139
1141
1142
1143
1144
1147
1148
1150
1151
1153
1154
1155
1156
1157
1158
1159
1160
1161
1162
1163
1164
1165
1166
1168
1169
1170
1173
1174
1175
1177
1178
1179
1180
1181
1182
1184
1185
1187
1188
1189
1190
1191
1192
1193
1194
1195
1196
1197
1198
1199
1200
1202
1203
1204
1205
1206
1207
1208
1209
1210
1212
1213
1215
1216
1217
1218
1219
1220
1221
1222
1224
1225
1226
1227
1229
.
6 "updateStackTrace" 15
1235
1236
1242
1243
1244
1245
1246
1247
1249
1250
1251
1252
1253
1254
1255
.
6 "updateFile" 9
1261
1262
1263
1264
1266
1268
1269
1270
1271
.
6 "updateTestSummary" 8
1274
1275
1276
1277
1278
1279
1281
1282
.
6 "runTestClassMethod" 3
1292
1293
1295
.
6 "runTestProcedure" 5
1304
1305
1306
1307
1309
.
31 "TestProcedure" 2
25
27
.
73 "Addition" 3
26
27
28
.
73 "Substraction" 3
36
37
38
.
73 "Multiplication" 3
46
47
48
.
73 "Division" 3
56
57
58
.
58 "TestClass" 2
28
30
.
3 "TestConfig" 6
50
51
52
53
54
55
.
3 "GetResultsFile" 5
65
66
68
69
71
.
3 "Initialize" 29
81
82
83
84
85
86
87
88
89
90
91
92
93
94
95
96
97
99
100
102
103
105
106
108
109
110
112
114
115
.
76 "Operations" 8
39
40
41
42
43
44
45
47
.
76 "Add_Click" 4
56
57
58
60
.
76 "Division_Click" 4
69
70
71
73
.
76 "Factorial_Click" 4
83
85
86
88
.
76 "InitializeComponent" 111
98
99
100
101
102
103
104
105
106
107
108
109
110
111
112
113
114
118
119
120
121
122
126
127
128
129
130
134
135
136
137
138
139
140
144
145
146
147
148
149
153
154
155
156
157
158
162
163
164
165
166
170
171
172
173
174
175
179
180
181
182
183
184
188
189
190
191
192
193
197
198
199
200
201
202
206
207
208
209
213
214
215
216
217
218
222
223
224
225
226
227
228
229
230
231
232
233
234
235
236
237
238
239
240
241
242
243
244
245
246
247
.
76 "Multiply_Click" 4
255
256
257
259
.
76 "Operations_Load" 2
268
270
.
76 "Result_Click" 2
279
281
.
76 "Integer2_Click" 2
290
292
.
76 "Integer1_Click" 2
301
303
.
76 "Subtract_Click" 4
312
313
314
316
.
76 "ultraTextEditor3_ValueChanged" 2
325
327
.
76 "ultraTextEditor2_ValueChanged" 2
336
338
.
76 "ultraTextEditor1_ValueChanged" 2
347
349
.
76 "Operations" 1
353
.
71 "Test" 4
35
36
37
38
.
71 "" 3
31
32
33
.
17 "getTestCount" 2
30
31
.
17 "IncrementSuccess" 3
34
35
36
.
17 "IncrementFailure" 3
39
40
41
.
17 "IncrementError" 3
44
45
46
.
17 "IncrementIgnore" 3
49
50
51
.
17 "GetSuccessCount" 2
54
55
.
17 "GetFailureCount" 2
58
59
.
17 "GetErrorCount" 2
62
63
.
17 "GetIgnoreCount" 2
66
67
.
9 "TestRootModel" 2
22
24
.
8 "TestEntity" 5
36
37
38
39
40
.
8 "getTestEntities" 2
44
45
.
8 "getChildrenSize" 2
48
49
.
8 "addTestEntity" 4
58
59
60
62
.
41 "Equals" 2
28
29
.
41 "Equals" 6
33
34
35
36
37
38
.
41 "Equals" 6
42
43
44
45
46
47
.
41 "Equals" 6
51
52
53
54
55
56
.
41 "Equals" 6
60
61
62
63
64
65
.
41 "Equals" 6
69
70
71
72
73
74
.
41 "Equals" 6
78
79
80
81
82
83
.
41 "Equals" 6
87
88
89
90
91
92
.
41 "Equals" 6
96
97
98
99
100
101
.
41 "Equals" 3
104
105
108
.
41 "Equals" 3
111
112
115
.
41 "Equals" 3
118
119
122
.
41 "Equals" 3
125
126
129
.
41 "NotEqual" 3
132
133
134
.
41 "NotEqual" 3
137
138
139
.
41 "NotEqual" 3
142
143
144
.
41 "NotEqual" 3
147
148
149
.
41 "NotEqual" 3
152
153
154
.
41 "NotEqual" 3
157
158
159
.
41 "NotEqual" 2
162
163
.
41 "NotEqual" 3
166
167
168
.
41 "NotEqual" 3
171
172
173
.
41 "IsTrue" 6
177
178
179
180
181
183
.
41 "IsFalse" 6
187
188
189
190
191
192
.
41 "NotNull" 2
195
196
.
41 "NotNull" 2
199
200
.
41 "IsNull" 2
203
204
.
41 "IsNull" 2
207
208
.
41 "NotNull" 2
211
212
.
41 "NotNull" 2
215
216
.
41 "IsNull" 2
219
220
.
41 "IsNull" 2
223
224
.
41 "NotNull" 3
227
228
229
.
41 "NotNull" 2
232
233
.
41 "NotNull" 3
236
237
238
.
41 "NotNull" 2
241
242
.
41 "IsNull" 3
245
246
247
.
41 "IsNull" 2
250
251
.
41 "IsNull" 3
254
255
256
.
41 "IsNull" 2
259
260
.
41 "NotNull" 3
263
264
265
.
41 "NotNull" 2
268
269
.
41 "NotNullOrEmpty" 2
272
273
.
41 "NotNullOrEmpty" 2
276
277
.
41 "IsEmpty" 4
280
282
283
284
.
41 "IsEmpty" 2
287
288
.
41 "NotEmpty" 4
291
293
294
295
.
41 "IsEmpty" 2
301
302
.
41 "IsEmpty" 5
312
314
317
323
324
.
41 "NotEmpty" 2
327
328
.
41 "NotNullOrEmpty" 2
331
332
.
41 "NotNullOrEmpty" 2
335
336
.
41 "NotNullOrEmpty" 2
339
340
.
41 "NotNullOrEmpty" 2
343
344
.
41 "NotNullOrEmpty" 3
348
349
350
.
41 "NotNullOrEmpty" 2
353
354
.
41 "NotNullOrEmpty" 5
359
360
362
363
364
.
41 "NotNullOrEmpty" 2
367
368
.
41 "NotNull" 5
373
374
376
377
378
.
41 "NotNull" 2
381
382
.
41 "NotEmpty" 4
388
391
397
398
.
41 "NotEmpty" 2
401
402
.
41 "NotNullOrEmpty" 3
405
406
407
.
41 "NotNullOrEmpty" 2
410
411
.
41 "NonZero" 3
414
415
416
.
41 "NonZero" 2
419
420
.
41 "NonZero" 3
423
424
425
.
41 "NonZero" 2
428
429
.
41 "NonZero" 6
435
436
437
438
439
440
.
41 "NonZero" 2
443
444
.
41 "NonZero" 6
450
451
452
453
454
455
.
41 "NonZero" 2
458
459
.
41 "NonZero" 3
462
463
464
.
41 "NonZero" 2
467
468
.
41 "IsInterface" 2
471
472
.
41 "NotInterface" 2
475
476
.
41 "IsAbstract" 2
479
480
.
41 "NotAbstract" 2
483
484
.
41 "IsFinal" 2
487
488
.
41 "NotFinal" 2
491
492
.
41 "IsType" 2
495
496
.
41 "IsType" 2
499
500
.
41 "NotType" 2
503
504
.
41 "NotNull" 3
511
512
513
.
41 "NotNull" 2
516
517
.
41 "IsType" 2
527
528
.
41 "IsType" 2
532
533
.
41 "NotType" 2
543
544
.
41 "NotType" 2
548
549
.
41 "IsNull" 3
552
553
554
.
41 "IsNull" 2
557
558
.
41 "HasDeterminateExtent" 2
562
563
.
41 "HasDeterminateExtent" 2
566
567
.
41 "IsIndeterminateArray" 2
571
572
.
41 "IsIndeterminateArray" 2
575
576
.
41 "IsIndeterminateArray" 2
580
581
.
41 "HasDeterminateExtent" 2
585
586
.
41 "HasDeterminateExtent" 2
590
591
.
41 "HasDeterminateExtent" 2
594
595
.
41 "IsIndeterminateArray" 2
599
600
.
41 "IsIndeterminateArray" 2
603
604
.
41 "HasDeterminateExtent" 2
608
609
.
41 "HasDeterminateExtent" 2
612
613
.
41 "IsIndeterminateArray" 2
617
618
.
41 "IsIndeterminateArray" 2
621
622
.
41 "IsAvailable" 4
626
628
629
630
.
41 "IsAvailable" 2
633
634
.
41 "NotAvailable" 4
638
640
641
642
.
41 "NotAvailable" 2
645
646
.
41 "IsInteger" 4
652
653
654
655
.
41 "IsInteger" 2
658
659
.
41 "IsDecimal" 4
665
666
667
668
.
41 "IsDecimal" 2
671
672
.
41 "IsInt64" 4
678
679
680
681
.
41 "IsInt64" 2
684
685
.
41 "IsTrue" 3
690
691
692
.
41 "IsFalse" 3
697
698
699
.
41 "IsUnknown" 3
704
705
706
.
41 "IsUnknown" 2
709
710
.
41 "NotTrue" 3
714
715
716
.
41 "NotTrue" 2
719
720
.
41 "NotFalse" 3
724
725
726
.
41 "NotFalse" 2
729
730
.
41 "NotUnknown" 3
734
735
736
.
41 "NotUnknown" 2
739
740
.
41 "NotNull" 3
743
744
745
.
41 "NotNull" 2
748
749
.
41 "NotNull" 3
752
753
754
.
41 "NotNull" 2
757
758
.
41 "NotNull" 3
761
762
763
.
41 "NotNull" 2
766
767
.
41 "NotNull" 3
770
771
772
.
41 "NotNull" 2
775
776
.
41 "IsNull" 3
779
780
781
.
41 "IsNull" 2
784
785
.
41 "NotNull" 3
788
789
790
.
41 "NotNull" 2
793
794
.
41 "IsNull" 3
797
798
799
.
41 "IsNull" 2
802
803
.
41 "NotZero" 3
806
807
808
.
41 "NotZero" 2
811
812
.
41 "NotNull" 3
815
816
817
.
41 "NotNull" 2
820
821
.
41 "IsNull" 3
824
825
826
.
41 "IsNull" 2
829
830
.
41 "NotNullOrZero" 3
833
834
835
.
41 "NotNullOrZero" 2
838
839
.
41 "NotZero" 3
842
843
844
.
41 "NotZero" 2
847
848
.
41 "IsZero" 3
851
852
853
.
41 "IsZero" 2
856
857
.
41 "IsNegative" 4
860
861
862
863
.
41 "IsNegative" 2
866
867
.
41 "IsPositive" 4
870
871
872
873
.
41 "IsPositive" 2
876
877
.
41 "IsZeroOrNegative" 4
880
881
882
883
.
41 "IsZeroOrNegative" 2
886
887
.
41 "IsZeroOrPositive" 4
890
891
892
893
.
41 "IsZeroOrPositive" 2
896
897
.
41 "NotZero" 3
900
901
902
.
41 "NotZero" 2
905
906
.
41 "IsZero" 4
909
910
911
912
.
41 "IsZero" 2
915
916
.
41 "IsNegative" 4
919
920
921
922
.
41 "IsNegative" 2
925
926
.
41 "IsPositive" 4
929
930
931
932
.
41 "IsPositive" 2
935
936
.
41 "IsZeroOrNegative" 4
939
940
941
942
.
41 "IsZeroOrNegative" 2
945
946
.
41 "IsZeroOrPositive" 4
949
950
951
952
.
41 "IsZeroOrPositive" 2
955
956
.
41 "IsZero" 3
959
960
961
.
41 "IsZero" 2
964
965
.
41 "IsNegative" 4
968
969
970
971
.
41 "IsNegative" 2
974
975
.
41 "IsPositive" 4
978
979
980
981
.
41 "IsPositive" 2
984
985
.
41 "IsZeroOrNegative" 4
988
989
990
991
.
41 "IsZeroOrNegative" 2
994
995
.
41 "IsZeroOrPositive" 4
998
999
1000
1001
.
41 "IsZeroOrPositive" 2
1004
1005
.
41 "IsLogical" 5
1018
1020
1021
1022
1027
.
41 "IsLogical" 2
1035
1036
.
41 "IsLogical" 4
1048
1049
1050
1054
.
41 "RaiseError" 3
1061
1062
1063
.
49 "ClassInfo" 3
22
23
24
.
49 "getClassName" 2
27
28
.
49 "getAnnotations" 2
32
33
.
12 "propGet_Size" 2
50
51
.
12 "propSet_Size" 2
53
54
.
12 "Array" 2
57
58
.
12 "Array" 2
61
64
.
12 "Array" 3
67
68
69
.
12 "Array" 2
72
73
.
12 "SetArraySize" 19
81
82
83
84
85
86
88
89
90
91
94
95
97
101
104
105
106
107
108
.
12 "SetValue" 2
111
112
.
12 "GetValue" 3
115
116
117
.
12 "SetValue" 8
123
124
125
126
128
129
131
132
.
12 "Add" 3
136
137
138
.
12 "AddAll" 2
141
142
.
12 "AddArray" 8
149
151
152
153
154
155
157
158
.
12 "Clear" 2
161
162
.
12 "Contains" 6
169
170
171
172
174
175
.
12 "ContainsAll" 9
187
189
190
191
192
193
194
196
197
.
12 "Iterator" 2
201
202
.
12 "IsEmpty" 2
205
206
.
12 "Remove" 7
213
214
215
216
218
220
221
.
12 "RemoveAll" 9
228
229
230
231
232
233
234
236
237
.
12 "RetainAll" 12
244
245
246
247
248
249
250
251
252
253
254
255
.
12 "ToTable" 8
261
262
263
264
265
267
269
270
.
12 "ToArray" 2
273
274
.
12 "Clone" 4
281
282
284
285
.
12 "CloneElements" 5
290
291
292
293
294
.
68 "" 22
18
19
20
21
22
23
24
25
26
27
28
29
30
32
35
36
37
39
40
41
42
45
.
62 "AnnotationInfo" 2
27
32
.
62 "getAnnotationName" 2
36
37
.
62 "getAttributeName" 2
40
41
.
62 "getAttributeValue" 2
44
45
.
52 "AnnotationUtil" 2
25
27
.
52 "HasIgnoreAnnotation" 7
39
40
41
42
43
45
47
.
52 "GetExpectedExceptionName" 7
60
61
62
63
64
66
68
.
52 "HasAnnotation" 7
81
82
83
84
85
87
89
.
2 "CreateJsonFromParam" 45
135
136
138
139
140
141
142
144
146
147
148
149
150
151
152
153
155
156
160
161
163
164
165
167
169
171
173
174
175
176
177
179
180
181
182
183
184
185
186
187
188
189
190
191
192
.
2 "" 36
61
63
65
66
67
68
69
70
72
73
74
75
78
80
81
82
83
84
85
87
88
89
90
91
92
93
94
95
96
98
99
100
101
102
103
104
.
64 "TestInfo" 4
29
30
31
32
.
64 "getTestName" 2
40
41
.
29 "ProcedureAnnotationInfo" 4
41
42
43
44
.
29 "setBeforeProcedure" 4
47
48
50
51
.
29 "setAfterProcedure" 4
54
55
57
58
.
29 "setBefore" 4
61
62
64
65
.
29 "setAfter" 4
68
69
71
72
.
29 "addTestProc" 3
75
76
77
.
29 "getBeforeProcedure" 2
80
81
.
29 "getAfterProcedure" 2
84
85
.
29 "getTestProcs" 2
88
89
.
29 "RunBeforeProcedure" 9
95
96
98
99
100
101
102
103
104
.
29 "RunBefore" 9
111
112
114
115
116
117
118
119
120
.
29 "RunTestProc" 5
127
128
129
130
132
.
29 "RunSelectedTestProc" 61
140
143
144
145
146
147
148
151
153
154
157
158
159
160
162
163
164
165
167
168
169
170
171
172
173
174
175
176
177
178
179
181
182
183
184
185
186
187
188
189
190
191
193
194
195
196
197
198
199
200
201
202
203
204
205
206
207
208
209
210
211
.
29 "updateTestResult" 4
214
215
216
217
.
29 "RunAfter" 8
224
225
227
228
229
230
231
232
.
29 "RunAfterProcedure" 8
238
239
241
242
243
244
245
246
.
29 "TestMethod" 2
250
252
.
29 "throwError" 2
258
259
.
55 "ClassAnnotationInfo" 4
41
42
43
44
.
55 "setBeforeClass" 4
47
48
50
51
.
55 "getBeforeClass" 2
54
55
.
55 "getAfterClass" 2
58
59
.
55 "getTestList" 2
62
63
.
55 "setAfterClass" 4
66
67
69
70
.
55 "setBeforeMethod" 4
73
74
76
77
.
55 "setAfterMethod" 4
80
81
83
84
.
55 "AddTestMethod" 3
87
88
89
.
55 "RunBeforeClass" 9
96
97
98
99
100
101
102
103
104
.
55 "RunBeforeMethod" 8
112
113
114
115
116
117
118
119
.
55 "RunSelectedTestMethod" 41
127
130
131
132
133
134
135
137
138
139
140
141
142
143
144
145
146
147
148
149
150
151
152
153
154
155
156
157
158
159
160
161
162
163
164
165
166
167
168
169
170
.
55 "Invoke" 5
176
177
178
179
180
.
55 "invokeStatic" 5
186
187
188
189
190
.
55 "RunTestMethod" 48
205
207
208
210
211
212
213
214
215
217
218
219
220
221
222
223
224
225
226
227
228
229
230
231
232
233
235
236
237
238
239
240
241
242
243
244
245
247
248
249
250
251
252
253
254
255
256
257
.
55 "GetExpectedErrorType" 6
265
275
279
280
281
282
.
55 "IsTypeOf" 6
289
291
292
293
294
295
.
55 "RunAfterMethod" 9
303
304
305
306
307
308
309
310
311
.
55 "RunAfterClass" 8
317
318
319
320
321
322
323
324
.
55 "throwError" 2
330
331
.
1 "getParameter" 3
8
9
10
.
1 "returnValue" 5
43
44
45
46
47
.
1 "writeOutputParam" 5
51
52
53
54
55
.
1 "" 28
12
13
14
15
16
17
18
20
21
22
23
24
25
26
27
28
29
30
31
32
33
34
35
36
37
38
39
40
.
.
.
