3 06/20/2018 "Default description" 16:48:46 "" {"StmtCnt":13345,"DataPts":26756,"NumWrites":11,"TotTime":0.641332}
.
28 "BuildTypeInfo OpenEdge.ABLUnit.Runner.ABLRunner" "" 0 169 ""
41 "loadSerializedTree OpenEdge.ABLUnit.Runner.ABLRunner" "" 0 755 ""
80 "RunBeforeClass OpenEdge.ABLUnit.Reflection.ClassAnnotationInfo" "" 0 95 ""
71 "getAnnotationName OpenEdge.ABLUnit.Reflection.AnnotationInfo" "" 0 35 ""
32 "GetRefTypeAttribute OpenEdge.ABLUnit.Runner.ABLRunner" "" 0 226 ""
57 "AnnotationUtil OpenEdge.ABLUnit.Reflection.AnnotationUtil" "" 0 91 ""
11 "TestRootModel OpenEdge.ABLUnit.Model.TestRootModel" "" 0 21 ""
6 "OpenEdge.ABLUnit.Runner.ABLRunner" "" 14555 1 ""
89 "GetIgnoreCount OpenEdge.ABLUnit.Results.TestTypeResult" "" 0 65 ""
42 "getTestEntities OpenEdge.ABLUnit.Model.TestEntity" "" 0 43 ""
35 "OpenEdge.ABLUnit.Model.TestProcedure" "" 63466 1 ""
75 "RunBeforeProcedure OpenEdge.ABLUnit.Reflection.ProcedureAnnotationInfo" "" 0 94 ""
23 "RunTests OpenEdge.ABLUnit.Runner.ABLRunner" "" 0 115 ""
37 "addTestEntity OpenEdge.ABLUnit.Model.TestEntity" "" 0 57 ""
84 "InitializeComponent Operations" "" 0 90 ""
5 "Initialize OpenEdge.ABLUnit.Runner.TestConfig" "" 0 78 ""
55 "ClassInfo OpenEdge.ABLUnit.Reflection.ClassInfo" "" 0 21 ""
83 "Operations Operations" "" 0 36 ""
48 "NotNull OpenEdge.Core.Assert" "" 0 742 ""
60 "ClassAnnotationInfo OpenEdge.ABLUnit.Reflection.ClassAnnotationInfo" "" 0 334 ""
92 "returnValue C:\Users\dpachipu\AppData\Local\Temp\pctinit18093.p" "" 0 41 ""
1 "C:\Users\dpachipu\AppData\Local\Temp\pctinit18093.p" "" 63545 1 ""
31 "OpenEdge.ABLUnit.Reflection.TypeInfo" "" 4036 1 ""
79 "BasicOperations" "" 2400 1 ""
73 "runtests OpenEdge.ABLUnit.Runner.ABLRunner" "" 0 1112 ""
63 "OpenEdge.ABLUnit.Model.TestClass" "" 41899 1 ""
66 "getTestList OpenEdge.ABLUnit.Reflection.ClassAnnotationInfo" "" 0 61 ""
3 "OpenEdge.ABLUnit.Runner.TestConfig" "" 63563 1 ""
81 "RunAfterClass OpenEdge.ABLUnit.Reflection.ClassAnnotationInfo" "" 0 316 ""
76 "RunAfterProcedure OpenEdge.ABLUnit.Reflection.ProcedureAnnotationInfo" "" 0 237 ""
22 "GetResultsFile OpenEdge.ABLUnit.Runner.TestConfig" "" 0 62 ""
82 "Operations" "" 34717 1 ""
78 "getClassName OpenEdge.ABLUnit.Reflection.ClassInfo" "" 0 26 ""
26 "populateTestModelForTestCase OpenEdge.ABLUnit.Runner.ABLRunner" "" 0 734 ""
30 "ParseSourceElement OpenEdge.ABLUnit.Runner.ABLRunner" "" 0 244 ""
20 "OpenEdge.ABLUnit.Results.TestTypeResult" "" 5064 1 ""
65 "populateTestModelForTestMethod OpenEdge.ABLUnit.Runner.ABLRunner" "" 0 524 ""
10 "OpenEdge.ABLUnit.Model.TestRootModel" "" 57016 1 ""
46 "Assert OpenEdge.Core.Assert" "" 0 1065 ""
91 "UpdateIgnored OpenEdge.ABLUnit.Runner.ABLRunner" "" 0 1029 ""
51 "populateTestModelForTestClass OpenEdge.ABLUnit.Runner.ABLRunner" "" 0 386 ""
9 "OpenEdge.ABLUnit.Model.TestEntity" "" 41070 1 ""
45 "OpenEdge.Core.Assert" "" 37962 1 ""
86 "getTestCount OpenEdge.ABLUnit.Results.TestTypeResult" "" 0 29 ""
21 "updateStackTraceProperty OpenEdge.ABLUnit.Runner.ABLRunner" "" 0 88 ""
53 "OpenEdge.ABLUnit.Reflection.ClassInfo" "" 53585 1 ""
19 "propGet_Size OpenEdge.Core.Collections.Array" "" 0 47 ""
77 "C:\Theja\120Testing\SonarTest\Operations\src\custom.p" "" 52141 1 ""
47 "NotNullOrZero OpenEdge.Core.Assert" "" 0 832 ""
43 "getChildrenSize OpenEdge.ABLUnit.Model.TestEntity" "" 0 47 ""
38 "SetValue OpenEdge.Core.Collections.Array" "" 0 118 ""
87 "GetErrorCount OpenEdge.ABLUnit.Results.TestTypeResult" "" 0 61 ""
85 "WriteTestResults OpenEdge.ABLUnit.Runner.ABLRunner" "" 0 949 ""
62 "HasIgnoreAnnotation OpenEdge.ABLUnit.Reflection.AnnotationUtil" "" 0 35 ""
54 "GetObjectIdAttribute OpenEdge.ABLUnit.Runner.ABLRunner" "" 0 234 ""
29 "ParseXMLDocument OpenEdge.ABLUnit.Runner.ABLRunner" "" 0 193 ""
17 "propSet_Size OpenEdge.Core.Collections.Array" "" 0 50 ""
44 "GetValue OpenEdge.Core.Collections.Array" "" 0 112 ""
64 "TestClass OpenEdge.ABLUnit.Model.TestClass" "" 0 27 ""
13 "OpenEdge.Core.Collections.Array" "" 7951 1 ""
67 "OpenEdge.ABLUnit.Reflection.AnnotationInfo" "" 41661 1 ""
4 "TestConfig OpenEdge.ABLUnit.Runner.TestConfig" "" 0 49 ""
70 "TestInfo OpenEdge.ABLUnit.Reflection.TestInfo" "" 0 28 ""
58 "HasAnnotation OpenEdge.ABLUnit.Reflection.AnnotationUtil" "" 0 76 ""
36 "TestProcedure OpenEdge.ABLUnit.Model.TestProcedure" "" 0 24 ""
18 "SetArraySize OpenEdge.Core.Collections.Array" "" 0 73 ""
88 "GetFailureCount OpenEdge.ABLUnit.Results.TestTypeResult" "" 0 57 ""
74 "C:\Theja\120Testing\SonarTest\Operations\src\Factorial.p" "" 42122 1 ""
14 "Array OpenEdge.Core.Collections.Array" "" 0 54 ""
61 "ClassAnnotationInfo OpenEdge.ABLUnit.Reflection.ClassAnnotationInfo" "" 0 40 ""
34 "ProcedureAnnotationInfo OpenEdge.ABLUnit.Reflection.ProcedureAnnotationInfo" "" 0 40 ""
15 "Array OpenEdge.Core.Collections.Array" "" 0 69 ""
40 "getTestProcs OpenEdge.ABLUnit.Reflection.ProcedureAnnotationInfo" "" 0 87 ""
16 "Array OpenEdge.Core.Collections.Array" "" 0 58 ""
72 "runtests OpenEdge.ABLUnit.Runner.ABLRunner" "" 0 1104 ""
56 "OpenEdge.ABLUnit.Reflection.AnnotationUtil" "" 58982 1 ""
25 "populateTestModel OpenEdge.ABLUnit.Runner.ABLRunner" "" 0 777 ""
2 "ABLUnitCore.p" "" 31971 1 ""
69 "OpenEdge.ABLUnit.Reflection.TestInfo" "" 10226 1 ""
27 "populateTestModelForProcedureType OpenEdge.ABLUnit.Runner.ABLRunner" "" 0 608 ""
33 "OpenEdge.ABLUnit.Reflection.ProcedureAnnotationInfo" "" 52938 1 ""
68 "AnnotationInfo OpenEdge.ABLUnit.Reflection.AnnotationInfo" "" 0 25 ""
24 "populateTestModel OpenEdge.ABLUnit.Runner.ABLRunner" "" 0 745 ""
52 "getRelativePathOfClasses OpenEdge.ABLUnit.Runner.ABLRunner" "" 0 923 ""
7 "ABLRunner OpenEdge.ABLUnit.Runner.ABLRunner" "" 0 99 ""
8 "ABLRunner OpenEdge.ABLUnit.Runner.ABLRunner" "" 0 77 ""
49 "NotZero OpenEdge.Core.Assert" "" 0 841 ""
59 "OpenEdge.ABLUnit.Reflection.ClassAnnotationInfo" "" 21095 1 ""
50 "updateFile OpenEdge.ABLUnit.Runner.ABLRunner" "" 0 1260 ""
12 "TestEntity OpenEdge.ABLUnit.Model.TestEntity" "" 0 35 ""
90 "WriteChildEntities OpenEdge.ABLUnit.Runner.ABLRunner" "" 0 983 ""
39 "populateTestModelForInternalProcs OpenEdge.ABLUnit.Runner.ABLRunner" "" 0 574 ""
.
27 712 9 2
24 748 41 4
26 736 27 2
24 747 25 4
27 712 35 2
27 718 39 2
27 716 37 2
23 146 24 4
72 1105 73 5
27 712 36 2
41 764 44 20
41 763 43 48
41 761 42 28
41 765 41 20
23 147 41 4
28 175 29 4
23 147 50 4
23 158 50 1
23 152 72 1
65 545 66 2
29 212 30 4
23 153 85 1
39 581 40 2
27 628 34 2
27 628 33 2
0 0 1 1
34 42 13 2
34 42 15 2
62 39 19 22
11 22 12 1
61 42 15 2
61 42 13 2
27 625 28 2
1 28 2 1
12 37 13 6
12 37 15 5
12 37 14 1
83 41 84 1
90 1017 43 4
90 1016 42 4
17 51 18 19
36 25 12 2
83 40 79 1
4 54 5 1
37 59 38 4
62 40 44 20
16 59 17 19
90 1005 43 4
58 82 44 20
2 77 7 1
2 77 6 1
2 76 4 1
8 79 11 1
38 120 19 27
8 79 10 1
2 76 3 1
38 123 19 1
8 83 21 1
8 82 20 1
8 79 9 1
38 123 18 1
64 28 12 2
18 103 38 10
18 86 19 20
85 972 43 5
18 88 19 20
15 70 16 19
85 973 44 4
85 971 42 1
2 78 23 1
18 92 19 20
18 95 19 2
85 974 90 4
85 968 89 1
85 966 87 1
7 100 8 1
85 965 86 1
44 113 45 1
85 967 88 1
44 113 47 85
44 113 46 1
58 81 19 22
1 39 92 1
7 106 22 1
51 414 44 1
51 499 65 2
90 1006 91 4
51 400 52 2
51 489 64 2
51 407 62 2
51 404 61 2
51 404 60 1
51 404 59 3
51 422 44 12
51 401 28 2
25 788 26 4
51 423 71 12
51 489 9 2
51 489 63 2
51 494 37 2
30 294 56 1
30 294 57 1
30 294 58 2
47 834 49 85
47 833 48 85
30 266 31 4
30 292 54 2
30 292 55 2
30 292 53 2
30 264 15 4
30 264 13 4
30 268 15 4
30 268 13 4
30 285 38 12
30 276 32 593
73 1155 79 1
73 1154 78 2
73 1162 74 1
30 283 54 12
30 364 70 1
73 1162 77 1
73 1165 75 2
30 364 69 1
30 300 15 2
73 1155 82 1
30 300 13 2
73 1155 83 1
30 283 68 12
73 1158 80 2
30 283 67 12
30 366 38 1
73 1227 50 5
73 1212 72 4
73 1221 76 2
73 1217 81 2
73 1212 44 4
73 1169 44 4
73 1130 50 5
73 1147 42 5
73 1148 43 5
26 739 51 2
.
23 151 1 0.000002 0.000002
84 213 1 0.000094 0.000094
23 150 4 0.000000 0.000000
84 214 1 0.000008 0.000008
23 149 4 0.000001 0.000001
84 215 1 0.000023 0.000023
23 148 4 0.000001 0.000001
84 208 1 0.002103 0.002103
23 147 4 0.000035 0.000908
84 209 1 0.000076 0.000076
23 146 4 0.000017 0.357918
23 145 4 0.000001 0.000001
23 159 1 0.000022 0.000022
23 158 1 0.000009 0.000027
84 222 1 0.000181 0.000181
84 223 1 0.004967 0.004967
84 216 1 0.000004 0.000004
23 154 1 0.000000 0.000000
84 217 1 0.000014 0.000014
23 153 1 0.000006 0.003587
84 218 1 0.000050 0.000050
23 152 1 0.000004 0.266262
84 197 1 0.000100 0.000100
84 198 1 0.000007 0.000007
84 199 1 0.000042 0.000042
84 192 1 0.000006 0.000006
23 131 4 0.000018 0.000018
84 193 1 0.000033 0.000033
23 130 4 0.000018 0.000018
23 129 5 0.000018 0.000018
84 206 1 0.001112 0.001112
84 207 1 0.000066 0.000066
84 200 1 0.000008 0.000008
84 201 1 0.000006 0.000006
23 138 4 0.000010 0.000010
84 202 1 0.000029 0.000029
23 137 4 0.000035 0.000035
23 136 4 0.000008 0.000008
76 238 2 0.000009 0.000009
84 247 1 0.000002 0.000002
84 240 1 0.000037 0.000037
84 241 1 0.000274 0.000274
84 242 1 0.000061 0.000061
38 128 27 0.000058 0.000058
84 243 1 0.000060 0.000060
38 129 27 0.000004 0.000004
28 181 4 0.000004 0.000004
28 177 4 0.000011 0.000011
28 178 4 0.001905 0.001905
28 179 4 0.000018 0.000018
84 228 1 0.000090 0.000090
28 172 4 0.000129 0.000129
84 229 1 0.000617 0.000617
28 173 4 0.319803 0.319803
84 230 1 0.000052 0.000052
84 231 1 0.000043 0.000043
28 175 4 0.000066 0.029998
23 163 1 0.000003 0.000056
84 224 1 0.000071 0.000071
84 225 1 0.000038 0.000038
23 161 1 0.000000 0.000000
84 226 1 0.000040 0.000040
23 160 1 0.000004 0.000004
84 227 1 0.000036 0.000036
84 236 1 0.000097 0.000097
84 237 1 0.000648 0.000648
84 238 1 0.000241 0.000241
76 246 2 0.000000 0.000000
84 239 1 0.000032 0.000032
84 232 1 0.000039 0.000039
84 233 1 0.000037 0.000037
84 234 1 0.000041 0.000041
84 235 1 0.000039 0.000039
84 148 1 0.000011 0.000011
29 221 4 0.000012 0.005162
84 149 1 0.000040 0.000040
29 220 4 0.000002 0.000002
32 227 593 0.001260 0.001260
84 144 1 0.000121 0.000121
29 217 4 0.005102 0.005102
32 228 593 0.000074 0.000074
84 145 1 0.000009 0.000009
84 146 1 0.000079 0.000079
29 219 4 0.000036 0.000036
84 147 1 0.000008 0.000008
29 218 4 0.000010 0.000010
84 156 1 0.000006 0.000006
29 213 4 0.000001 0.000001
84 157 1 0.000011 0.000011
29 212 4 0.000029 0.016287
84 158 1 0.000031 0.000031
29 214 8 0.000001 0.000001
29 209 8 0.000018 0.000018
84 153 1 0.000071 0.000071
29 208 8 0.000037 0.000037
84 154 1 0.000007 0.000007
29 211 4 0.000003 0.000003
84 155 1 0.000062 0.000062
29 210 8 0.000039 0.000039
29 204 4 0.008078 0.008078
84 134 1 0.024558 0.024558
84 135 1 0.000633 0.000633
29 206 4 0.000019 0.000019
84 128 1 0.000159 0.000159
29 201 4 0.000006 0.000006
84 129 1 0.000015 0.000015
29 200 4 0.000167 0.000167
84 130 1 0.000246 0.000246
29 203 4 0.000018 0.000018
29 202 4 0.000002 0.000002
84 140 1 0.000702 0.000702
54 236 14 0.000002 0.000002
84 136 1 0.000063 0.000063
84 137 1 0.000130 0.000130
54 235 14 0.000081 0.000081
84 138 1 0.000048 0.000048
84 139 1 0.002234 0.002234
84 180 1 0.000009 0.000009
30 254 4 0.000015 0.000015
84 181 1 0.000022 0.000022
84 182 1 0.000003 0.000003
84 183 1 0.000012 0.000012
84 179 1 0.000089 0.000089
84 188 1 0.000066 0.000066
84 189 1 0.000012 0.000012
84 190 1 0.000020 0.000020
84 191 1 0.000003 0.000003
84 184 1 0.000034 0.000034
84 164 1 0.000196 0.000196
84 165 1 0.000009 0.000009
84 166 1 0.000078 0.000078
84 162 1 0.000184 0.000184
84 163 1 0.000010 0.000010
84 172 1 0.000068 0.000068
84 173 1 0.000043 0.000043
84 174 1 0.000406 0.000406
84 175 1 0.000535 0.000535
84 170 1 0.000167 0.000167
84 171 1 0.000055 0.000055
0 0 1 0.000000 0.641332
1 0 1 0.003651 0.641332
2 0 1 0.000022 0.633935
3 0 1 0.000013 0.000013
4 0 1 0.000004 0.000065
5 0 1 0.000011 0.000048
42 44 38 0.000052 0.000052
6 0 1 0.000009 0.000009
42 45 38 0.000002 0.000002
7 0 1 0.000004 0.001947
34 42 2 0.000058 0.000238
8 0 1 0.000001 0.001909
34 43 2 0.000004 0.000004
9 0 5 0.000037 0.000037
10 0 1 0.000003 0.000003
34 41 2 0.000015 0.000015
11 0 1 0.000003 0.001498
12 0 5 0.000009 0.001754
1 13 1 0.000150 0.000150
13 0 20 0.000285 0.000285
1 12 1 0.000166 0.000166
34 44 2 0.000000 0.000000
14 0 1 0.000003 0.000011
1 15 1 0.000212 0.000212
15 0 19 0.000032 0.001086
1 14 1 0.000206 0.000206
16 0 19 0.000038 0.000974
1 17 1 0.000004 0.000004
62 47 2 0.000000 0.000000
61 44 2 0.000000 0.000000
17 0 19 0.000047 0.000853
1 16 1 0.000026 0.000026
18 0 20 0.000114 0.000892
62 45 2 0.000001 0.000001
11 24 1 0.000000 0.000000
19 0 134 0.000179 0.000329
1 18 1 0.000001 0.000001
75 95 2 0.000011 0.000011
61 41 2 0.000008 0.000008
20 0 1 0.000005 0.000005
1 21 2 0.000004 0.000004
62 43 20 0.000002 0.000002
21 0 1 0.000002 0.000010
1 20 2 0.000001 0.000001
1 23 1 0.000001 0.000001
62 40 20 0.000039 0.000391
61 43 2 0.000004 0.000004
22 0 1 0.000004 0.000014
1 22 1 0.000018 0.000018
23 0 1 0.000023 0.628875
62 41 20 0.000036 0.000036
61 42 2 0.000027 0.000150
1 25 1 0.000000 0.000000
24 0 4 0.000019 0.357901
62 39 22 0.000032 0.000075
25 0 4 0.000024 0.356447
37 60 4 0.000003 0.000003
89 67 1 0.000000 0.000000
43 49 66 0.000007 0.000007
26 0 4 0.000093 0.355027
1 27 1 0.000001 0.000001
1 26 1 0.000001 0.000001
89 66 1 0.000004 0.000004
43 48 66 0.000070 0.000070
27 0 2 0.000021 0.026139
37 62 4 0.000001 0.000001
28 0 4 0.000049 0.351917
1 28 1 0.000277 0.634212
29 0 4 0.000094 0.029932
11 22 1 0.000007 0.001495
37 59 4 0.000019 0.000101
30 0 4 0.001362 0.016258
37 58 4 0.000015 0.000015
31 0 4 0.000028 0.000028
55 23 2 0.000005 0.000005
32 0 593 0.001016 0.002350
55 22 2 0.000006 0.000006
33 0 2 0.000018 0.000018
1 35 2 0.000002 0.000002
84 118 1 0.041778 0.041778
34 0 2 0.000009 0.000266
17 51 19 0.000055 0.000806
19 49 134 0.000021 0.000021
84 119 1 0.000372 0.000372
75 104 2 0.000000 0.000000
35 0 2 0.000008 0.000008
19 48 134 0.000129 0.000129
1 37 1 0.000001 0.000001
84 112 1 0.000016 0.000016
36 0 2 0.000008 0.000174
12 40 5 0.000001 0.000001
1 36 1 0.000024 0.000024
84 113 1 0.000076 0.000076
37 0 4 0.000012 0.000132
17 52 19 0.000000 0.000000
1 39 1 0.000005 0.002649
84 114 1 0.000055 0.000055
38 0 27 0.000049 0.000415
1 38 1 0.000001 0.000001
39 0 2 0.000030 0.000076
40 0 2 0.000008 0.000020
12 36 5 0.000013 0.000013
1 40 1 0.000001 0.000001
41 0 28 0.000153 0.002835
12 37 5 0.001280 0.001717
84 126 1 0.000520 0.000520
42 0 38 0.000058 0.000112
12 38 5 0.000008 0.000008
84 127 1 0.000017 0.000017
43 0 66 0.000091 0.000168
12 39 5 0.000006 0.000006
16 59 19 0.000082 0.000935
84 120 1 0.000418 0.000418
75 103 2 0.000003 0.000003
44 0 85 0.000178 0.002028
84 121 1 0.000090 0.000090
45 0 1 0.000016 0.000016
84 122 1 0.011367 0.011367
46 0 1 0.000004 0.000004
16 62 19 0.000001 0.000001
55 24 2 0.000000 0.000000
47 0 85 0.000160 0.001028
84 100 1 0.003654 0.003654
80 96 2 0.000012 0.000012
48 0 85 0.000118 0.000224
84 101 1 0.000166 0.000166
49 0 85 0.000140 0.000259
4 53 1 0.000002 0.000002
84 102 1 0.000102 0.000102
50 0 15 0.000119 0.000159
4 54 1 0.000003 0.000051
84 103 1 0.000284 0.000284
51 0 2 0.000024 0.328754
4 55 1 0.000000 0.000000
52 0 2 0.000008 0.000022
53 0 2 0.000012 0.000012
84 98 1 0.060115 0.060115
54 0 14 0.000026 0.000109
14 56 1 0.000000 0.000000
4 50 1 0.000006 0.000006
84 99 1 0.001410 0.001410
80 103 2 0.000003 0.000003
55 0 2 0.000006 0.000017
4 51 1 0.000002 0.000002
84 108 1 0.036801 0.036801
80 104 2 0.000000 0.000000
56 0 1 0.000005 0.000005
84 109 1 0.000264 0.000264
57 0 1 0.000003 0.000003
14 55 1 0.000008 0.000008
84 110 1 0.004090 0.004090
58 0 2 0.000017 0.000523
84 111 1 0.000043 0.000043
59 0 3 0.000032 0.000032
84 104 1 0.000625 0.000625
60 0 1 0.000006 0.000006
2 62 1 0.000008 0.000008
84 105 1 0.000121 0.000121
61 0 2 0.000002 0.000164
36 25 2 0.000021 0.000166
84 106 1 0.000095 0.000095
62 0 2 0.000024 0.000529
84 107 1 0.000090 0.000090
63 0 2 0.000004 0.000004
36 27 2 0.000000 0.000000
64 0 2 0.000005 0.000134
2 66 1 0.000007 0.000007
65 0 2 0.000010 0.000053
66 0 2 0.000003 0.000010
2 64 1 0.000002 0.000002
67 0 12 0.000039 0.000039
68 0 12 0.000024 0.000162
18 86 20 0.000092 0.000156
2 70 1 0.000001 0.000001
69 0 1 0.000007 0.000007
18 87 20 0.000025 0.000025
2 71 1 0.000044 0.000044
70 0 1 0.000002 0.000013
8 78 1 0.000004 0.000004
2 68 1 0.000005 0.000005
71 0 12 0.000012 0.000032
8 79 1 0.000245 0.001766
2 69 1 0.000002 0.000002
86 30 1 0.000006 0.000006
72 0 5 0.000317 0.532229
15 71 19 0.000004 0.000004
86 31 1 0.000000 0.000000
73 0 5 0.000052 0.531878
15 70 19 0.000076 0.001050
74 0 1 0.000022 0.000022
18 88 20 0.000067 0.000127
2 72 1 0.002574 0.002574
75 0 2 0.000006 0.000020
2 73 1 0.000001 0.000001
2 78 1 0.000002 0.628877
76 0 2 0.000005 0.000014
21 89 1 0.000006 0.000006
77 0 1 0.000062 0.000085
18 95 1 0.000015 0.000018
78 0 2 0.000002 0.000008
21 91 1 0.000001 0.000001
18 92 20 0.000045 0.000102
2 76 1 0.000160 0.000238
79 0 2 0.000018 0.000018
2 77 1 0.000193 0.002149
21 90 1 0.000001 0.000001
18 93 19 0.000020 0.000020
80 0 2 0.000011 0.000026
81 0 2 0.000004 0.000013
22 71 1 0.000000 0.000000
5 84 1 0.000002 0.000002
82 0 1 0.000017 0.000017
78 28 2 0.000000 0.000000
77 31 1 0.000003 0.000003
2 81 1 0.000003 0.000003
83 0 1 0.000012 0.243215
22 69 1 0.000001 0.000001
84 0 1 0.000210 0.205568
22 66 1 0.000001 0.000001
5 81 1 0.000014 0.000014
85 0 1 0.000036 0.003581
78 27 2 0.000006 0.000006
86 0 1 0.000003 0.000009
5 83 1 0.000005 0.000005
87 0 1 0.000001 0.000011
22 65 1 0.000008 0.000008
5 82 1 0.000001 0.000001
88 0 1 0.000002 0.000005
70 30 1 0.000002 0.000002
38 126 1 0.000000 0.000000
8 80 1 0.000002 0.000002
89 0 1 0.000000 0.000004
70 31 1 0.000001 0.000001
8 81 1 0.000003 0.000003
90 0 4 0.000019 0.000213
8 82 1 0.000103 0.000108
91 0 4 0.000009 0.000030
70 29 1 0.000008 0.000008
8 83 1 0.000003 0.000013
92 0 1 0.000031 0.002644
38 122 1 0.000001 0.000001
64 28 2 0.000008 0.000129
8 84 1 0.000001 0.000001
38 123 1 0.000008 0.000151
44 113 85 0.000667 0.001715
8 85 1 0.000011 0.000011
18 79 20 0.000035 0.000035
64 30 2 0.000000 0.000000
44 114 85 0.000132 0.000132
38 120 27 0.000092 0.000151
8 86 1 0.000000 0.000000
38 121 1 0.000001 0.000001
68 27 12 0.000138 0.000138
44 115 85 0.000003 0.000003
7 102 1 0.000003 0.000003
88 58 1 0.000003 0.000003
71 37 12 0.000000 0.000000
5 103 1 0.000003 0.000003
88 59 1 0.000000 0.000000
71 36 12 0.000020 0.000020
58 89 2 0.000000 0.000000
7 100 1 0.000006 0.001915
5 102 1 0.000002 0.000002
68 32 12 0.000000 0.000000
70 32 1 0.000000 0.000000
5 99 1 0.000001 0.000001
2 106 1 0.000001 0.000001
87 63 1 0.000000 0.000000
58 82 20 0.000043 0.000389
2 107 1 0.000000 0.000000
87 62 1 0.000010 0.000010
58 83 20 0.000039 0.000039
5 108 1 0.000002 0.000002
2 105 1 0.000001 0.000001
58 81 22 0.000032 0.000073
23 124 1 0.000009 0.000009
7 108 1 0.000000 0.000000
5 110 1 0.000000 0.000000
77 33 1 0.000001 0.000001
7 107 1 0.000002 0.000002
5 105 1 0.000002 0.000002
77 32 1 0.000019 0.000019
58 87 2 0.000002 0.000002
7 106 1 0.000007 0.000021
58 85 20 0.000003 0.000003
7 104 1 0.000002 0.000002
92 44 1 0.000888 0.000888
40 88 2 0.000012 0.000012
92 45 1 0.000034 0.000034
40 89 2 0.000000 0.000000
18 99 20 0.000134 0.000134
92 46 1 0.001687 0.001687
92 47 1 0.000002 0.000002
83 39 1 0.037342 0.037342
18 102 30 0.000067 0.000067
18 103 10 0.000027 0.000090
5 112 1 0.000004 0.000004
5 115 1 0.000000 0.000000
92 43 1 0.000002 0.000002
5 114 1 0.000001 0.000001
18 106 20 0.000002 0.000002
83 42 1 0.000247 0.000247
83 41 1 0.000008 0.205576
18 104 10 0.000000 0.000000
83 40 1 0.000026 0.000038
18 105 20 0.000002 0.000002
83 47 1 0.000000 0.000000
66 62 2 0.000006 0.000006
66 63 2 0.000001 0.000001
51 419 1 0.000002 0.000002
51 423 12 0.000028 0.000060
51 422 12 0.000024 0.000207
51 421 13 0.000009 0.000009
51 420 1 0.000001 0.000001
51 424 12 0.000036 0.000036
51 403 2 0.000008 0.000008
51 401 2 0.000013 0.326900
51 400 2 0.000020 0.000042
51 407 2 0.000010 0.000539
51 404 2 0.000220 0.000422
51 414 1 0.000004 0.000020
51 413 3 0.000030 0.000030
51 499 2 0.000014 0.000067
51 496 2 0.000001 0.000001
51 503 2 0.000000 0.000000
51 501 2 0.000001 0.000001
51 487 2 0.000001 0.000001
51 491 2 0.000003 0.000003
51 490 2 0.000005 0.000005
51 489 2 0.000155 0.000301
51 494 2 0.000008 0.000063
51 493 2 0.000004 0.000004
51 492 2 0.000002 0.000002
51 467 12 0.000001 0.000001
51 470 2 0.000005 0.000005
51 468 1 0.000000 0.000000
30 286 12 0.000002 0.000002
30 284 12 0.000007 0.000007
30 285 12 0.000039 0.000298
30 283 12 0.000347 0.000621
30 281 12 0.000005 0.000005
30 278 593 0.001348 0.003280
30 276 593 0.001340 0.003690
30 274 1206 0.003397 0.003397
30 275 593 0.000325 0.000325
30 272 1206 0.001924 0.001924
30 271 1210 0.000898 0.000898
30 268 4 0.000050 0.000245
30 269 4 0.000007 0.000007
30 266 4 0.000194 0.000222
81 324 2 0.000001 0.000001
30 264 4 0.000101 0.000466
30 265 4 0.000008 0.000008
30 260 4 0.000003 0.000003
30 258 4 0.000003 0.000003
30 306 4 0.000006 0.000006
30 305 4 0.000002 0.000002
30 302 2 0.000000 0.000000
30 303 2 0.000001 0.000001
30 300 2 0.000022 0.000104
30 301 2 0.000002 0.000002
30 298 2 0.000002 0.000002
30 299 2 0.000002 0.000002
30 294 2 0.000128 0.000659
30 295 2 0.000002 0.000002
30 292 2 0.000138 0.000203
30 293 2 0.000004 0.000004
30 290 2 0.000004 0.000004
30 291 2 0.000000 0.000000
30 289 2 0.000001 0.000001
30 349 4 0.000015 0.000015
30 344 1206 0.000078 0.000078
30 343 593 0.000034 0.000034
30 341 1 0.000001 0.000001
30 330 1 0.000004 0.000004
30 329 1 0.000001 0.000001
30 327 4 0.000001 0.000001
30 378 4 0.000013 0.000035
30 376 4 0.000002 0.000002
30 377 4 0.000000 0.000000
30 374 4 0.000005 0.000005
30 375 4 0.000002 0.000002
30 373 4 0.000013 0.000013
81 317 2 0.000008 0.000008
30 370 4 0.000009 0.000009
30 371 4 0.000004 0.000004
30 368 1 0.000000 0.000000
30 366 1 0.000004 0.000015
30 367 1 0.000002 0.000002
30 364 1 0.000181 0.000201
30 365 1 0.000003 0.000003
30 362 1 0.000001 0.000001
30 361 4 0.000016 0.000016
27 692 2 0.000006 0.000006
26 735 4 0.000016 0.000016
27 722 2 0.000001 0.000001
27 721 2 0.000001 0.000001
41 761 28 0.000081 0.000167
27 715 2 0.000004 0.000004
27 714 2 0.000003 0.000003
41 763 48 0.000133 0.000265
27 713 2 0.000005 0.000005
27 712 2 0.000129 0.000320
41 765 20 0.000101 0.000759
41 764 20 0.000087 0.001025
27 718 2 0.000019 0.000095
27 717 2 0.000006 0.000006
41 766 20 0.000003 0.000003
48 743 85 0.000098 0.000098
27 716 2 0.000008 0.000085
48 745 85 0.000008 0.000008
27 711 2 0.000002 0.000002
27 710 2 0.000005 0.000005
24 747 4 0.000034 0.356481
24 748 4 0.000021 0.001396
24 749 4 0.000005 0.000005
24 750 4 0.000000 0.000000
26 738 2 0.000006 0.000006
26 739 2 0.000009 0.328763
26 736 2 0.000008 0.026147
26 740 4 0.000002 0.000002
65 545 2 0.000011 0.000021
39 583 2 0.000007 0.000007
39 582 2 0.000002 0.000002
39 581 2 0.000017 0.000037
27 633 2 0.000009 0.000009
65 546 2 0.000003 0.000003
65 549 2 0.000004 0.000004
65 548 2 0.000015 0.000015
27 626 2 0.000009 0.000009
27 625 2 0.000014 0.025044
27 628 2 0.000239 0.000523
65 568 2 0.000000 0.000000
39 600 2 0.000000 0.000000
85 977 1 0.000002 0.000002
85 976 1 0.003122 0.003122
90 991 4 0.000007 0.000007
85 965 1 0.000006 0.000015
85 964 1 0.000004 0.000004
85 967 1 0.000003 0.000008
85 966 1 0.000004 0.000015
52 929 2 0.000002 0.000002
85 963 1 0.000003 0.000003
52 930 2 0.000001 0.000001
85 962 1 0.000012 0.000012
85 973 4 0.000011 0.000081
85 972 5 0.000009 0.000017
85 975 4 0.000000 0.000000
85 974 4 0.000009 0.000222
85 968 1 0.000003 0.000007
85 971 1 0.000004 0.000007
90 1016 4 0.000007 0.000017
90 1017 4 0.000012 0.000019
90 1022 4 0.000000 0.000000
52 924 2 0.000011 0.000011
90 1008 4 0.000001 0.000001
90 1014 4 0.000014 0.000014
90 1003 4 0.000013 0.000013
90 1000 4 0.000011 0.000011
90 1001 4 0.000002 0.000002
90 1006 4 0.000011 0.000041
90 1007 4 0.000005 0.000005
90 1004 4 0.000014 0.000014
90 1005 4 0.000033 0.000041
90 992 4 0.000009 0.000009
85 959 1 0.000001 0.000001
85 958 1 0.000029 0.000029
25 787 4 0.000005 0.000005
25 789 4 0.000000 0.000000
25 788 4 0.000037 0.355064
25 790 4 0.000000 0.000000
25 779 4 0.000003 0.000003
25 778 4 0.000015 0.000015
25 780 4 0.001303 0.001303
25 782 4 0.000033 0.000033
41 768 28 0.000058 0.000058
41 771 28 0.000024 0.000024
41 770 28 0.000378 0.000378
41 772 28 0.000003 0.000003
25 803 4 0.000000 0.000000
47 835 85 0.000009 0.000009
47 834 85 0.000182 0.000441
47 833 85 0.000194 0.000418
49 842 85 0.000111 0.000111
49 844 85 0.000008 0.000008
73 1225 5 0.000011 0.000011
73 1224 5 0.000034 0.000034
73 1227 5 0.000050 0.000093
73 1226 5 0.000008 0.000008
73 1229 5 0.000000 0.000000
73 1217 2 0.000006 0.000019
73 1216 2 0.000000 0.000000
73 1219 3 0.000006 0.000006
73 1218 2 0.000000 0.000000
73 1221 2 0.000003 0.000017
73 1220 2 0.000001 0.000001
73 1222 2 0.000000 0.000000
73 1161 2 0.000002 0.000002
73 1160 3 0.000006 0.000006
73 1163 2 0.000004 0.000004
73 1162 2 0.000017 0.000124
73 1165 2 0.000008 0.000028
73 1164 2 0.000019 0.000019
73 1166 2 0.000000 0.000000
50 1269 15 0.000001 0.000001
73 1153 2 0.000002 0.000002
73 1155 2 0.021855 0.265093
73 1154 2 0.000007 0.000015
73 1157 2 0.000005 0.000005
73 1156 2 0.000005 0.000005
73 1159 2 0.000000 0.000000
73 1158 2 0.000012 0.000038
73 1169 4 0.000012 0.000078
73 1168 9 0.000015 0.000015
50 1261 15 0.000039 0.000039
73 1213 4 0.000000 0.000000
73 1212 4 0.000018 0.266046
73 1215 5 0.000019 0.000019
72 1105 5 0.000025 0.531903
72 1106 5 0.000007 0.000007
72 1107 5 0.000002 0.000002
73 1130 5 0.000020 0.000047
73 1132 5 0.000021 0.000021
73 1135 5 0.000008 0.000008
73 1147 5 0.000010 0.000023
73 1148 5 0.000006 0.000019
73 1151 2 0.000001 0.000001
73 1150 5 0.000010 0.000010
73 1136 5 0.000009 0.000009
91 1034 4 0.000003 0.000003
91 1032 4 0.000008 0.000008
91 1036 4 0.000000 0.000000
91 1031 4 0.000010 0.000010
.
.
6 "ABLRunner" 9
78
79
80
81
82
83
84
85
86
.
6 "updateStackTraceProperty" 3
89
90
91
.
6 "ABLRunner" 7
100
102
103
104
106
107
108
.
6 "RunTests" 32
124
129
130
131
132
133
134
135
136
137
138
139
141
142
143
144
145
146
147
148
149
150
151
152
153
154
156
158
159
160
161
163
.
6 "BuildTypeInfo" 7
172
173
175
177
178
179
181
.
6 "GetClassFile" 2
187
188
.
6 "ParseXMLDocument" 19
200
201
202
203
204
206
208
209
210
211
212
213
214
216
217
218
219
220
221
.
6 "GetRefTypeAttribute" 2
227
228
.
6 "GetObjectIdAttribute" 2
235
236
.
6 "ParseSourceElement" 92
254
258
260
264
265
266
268
269
271
272
274
275
276
278
281
283
284
285
286
289
290
291
292
293
294
295
296
298
299
300
301
302
303
305
306
307
309
310
311
312
313
314
315
316
317
318
319
321
322
323
324
325
326
327
329
330
331
333
334
335
336
337
338
339
340
341
342
343
344
349
350
352
353
354
355
357
361
362
364
365
366
367
368
370
371
372
373
374
375
376
377
378
.
6 "populateTestModelForTestClass" 71
400
401
403
404
407
413
414
419
420
421
422
423
424
426
427
428
429
430
433
434
435
436
437
440
441
442
443
444
447
448
449
450
451
454
455
456
457
458
461
462
463
464
465
466
467
468
470
471
472
475
476
477
478
479
480
482
483
485
486
487
489
490
491
492
493
494
496
497
499
501
503
.
6 "UpdateIgnoreDetails" 6
512
513
514
515
516
518
.
6 "populateTestModelForTestMethod" 19
545
546
548
549
550
551
553
554
555
556
557
559
560
561
562
563
564
565
568
.
6 "populateTestModelForInternalProcs" 18
581
582
583
584
585
587
588
589
590
591
593
594
595
596
597
598
599
600
.
6 "populateTestModelForProcedureType" 72
625
626
628
633
634
639
640
641
642
643
644
646
647
648
649
652
653
654
655
656
659
660
661
662
663
666
667
668
669
670
673
674
675
676
677
680
681
682
683
684
686
687
688
689
690
691
692
693
694
695
697
698
699
700
702
703
705
706
708
709
710
711
712
713
714
715
716
717
718
720
721
722
.
6 "Invoke" 2
728
729
.
6 "populateTestModelForTestCase" 5
735
736
738
739
740
.
6 "populateTestModel" 4
747
748
749
750
.
6 "loadSerializedTree" 10
761
763
764
765
766
768
769
770
771
772
.
6 "populateTestModel" 21
778
779
780
782
783
784
785
787
788
789
790
792
795
796
797
798
799
800
801
802
803
.
6 "populateTestModelForTestFolder" 15
814
815
816
817
818
819
820
821
825
827
828
829
830
831
832
.
6 "populateTestModelForTestSuite" 46
852
853
854
855
856
857
858
860
861
862
863
864
865
866
867
868
870
871
872
873
874
875
876
877
878
879
880
881
882
883
884
885
886
887
889
890
891
892
893
894
895
896
897
899
901
902
.
6 "HandleTestSuiteClasses" 11
908
909
910
911
912
913
914
915
916
917
918
.
6 "getRelativePathOfClasses" 7
924
925
926
927
928
929
930
.
6 "HandleTestSuiteProcedures" 8
936
937
938
939
940
941
942
943
.
6 "WriteTestResults" 17
958
959
962
963
964
965
966
967
968
969
971
972
973
974
975
976
977
.
6 "WriteChildEntities" 27
991
992
993
994
995
996
997
998
999
1000
1001
1003
1004
1005
1006
1007
1008
1010
1011
1012
1014
1016
1017
1018
1019
1020
1022
.
6 "UpdateIgnored" 5
1031
1032
1033
1034
1036
.
6 "CreateTestXMLResult" 29
1045
1046
1047
1048
1050
1051
1052
1053
1054
1055
1057
1059
1060
1061
1062
1063
1064
1065
1067
1068
1069
1070
1071
1072
1073
1074
1075
1076
1077
.
6 "createTraceElement" 12
1087
1088
1090
1091
1094
1095
1097
1098
1099
1100
1101
1102
.
6 "runtests" 3
1105
1106
1107
.
6 "runtests" 81
1130
1132
1135
1136
1137
1138
1139
1141
1142
1143
1144
1147
1148
1150
1151
1153
1154
1155
1156
1157
1158
1159
1160
1161
1162
1163
1164
1165
1166
1168
1169
1170
1173
1174
1175
1177
1178
1179
1180
1181
1182
1184
1185
1187
1188
1189
1190
1191
1192
1193
1194
1195
1196
1197
1198
1199
1200
1202
1203
1204
1205
1206
1207
1208
1209
1210
1212
1213
1215
1216
1217
1218
1219
1220
1221
1222
1224
1225
1226
1227
1229
.
6 "updateStackTrace" 15
1235
1236
1242
1243
1244
1245
1246
1247
1249
1250
1251
1252
1253
1254
1255
.
6 "updateFile" 8
1261
1262
1263
1264
1265
1267
1268
1269
.
6 "updateTestSummary" 8
1272
1273
1274
1275
1276
1277
1279
1280
.
6 "runTestClassMethod" 3
1290
1291
1293
.
6 "runTestProcedure" 5
1302
1303
1304
1305
1307
.
35 "TestProcedure" 2
25
27
.
1 "getParameter" 3
8
9
10
.
1 "returnValue" 5
43
44
45
46
47
.
1 "writeOutputParam" 5
51
52
53
54
55
.
1 "" 28
12
13
14
15
16
17
18
20
21
22
23
24
25
26
27
28
29
30
31
32
33
34
35
36
37
38
39
40
.
79 "Addition" 3
26
27
28
.
79 "Substraction" 3
36
37
38
.
79 "Multiplication" 3
46
47
48
.
79 "Division" 3
56
57
58
.
63 "TestClass" 2
28
30
.
3 "TestConfig" 6
50
51
52
53
54
55
.
3 "GetResultsFile" 5
65
66
68
69
71
.
3 "Initialize" 29
81
82
83
84
85
86
87
88
89
90
91
92
93
94
95
96
97
99
100
102
103
105
106
108
109
110
112
114
115
.
82 "Operations" 8
39
40
41
42
43
44
45
47
.
82 "Add_Click" 4
56
57
58
60
.
82 "Division_Click" 4
69
70
71
73
.
82 "Factorial_Click" 4
83
85
86
88
.
82 "InitializeComponent" 111
98
99
100
101
102
103
104
105
106
107
108
109
110
111
112
113
114
118
119
120
121
122
126
127
128
129
130
134
135
136
137
138
139
140
144
145
146
147
148
149
153
154
155
156
157
158
162
163
164
165
166
170
171
172
173
174
175
179
180
181
182
183
184
188
189
190
191
192
193
197
198
199
200
201
202
206
207
208
209
213
214
215
216
217
218
222
223
224
225
226
227
228
229
230
231
232
233
234
235
236
237
238
239
240
241
242
243
244
245
246
247
.
82 "Multiply_Click" 4
255
256
257
259
.
82 "Operations_Load" 2
268
270
.
82 "Result_Click" 2
279
281
.
82 "Integer2_Click" 2
290
292
.
82 "Integer1_Click" 2
301
303
.
82 "Subtract_Click" 4
312
313
314
316
.
82 "ultraTextEditor3_ValueChanged" 2
325
327
.
82 "ultraTextEditor2_ValueChanged" 2
336
338
.
82 "ultraTextEditor1_ValueChanged" 2
347
349
.
82 "Operations" 1
353
.
20 "getTestCount" 2
30
31
.
20 "IncrementSuccess" 3
34
35
36
.
20 "IncrementFailure" 3
39
40
41
.
20 "IncrementError" 3
44
45
46
.
20 "IncrementIgnore" 3
49
50
51
.
20 "GetSuccessCount" 2
54
55
.
20 "GetFailureCount" 2
58
59
.
20 "GetErrorCount" 2
62
63
.
20 "GetIgnoreCount" 2
66
67
.
10 "TestRootModel" 2
22
24
.
9 "TestEntity" 5
36
37
38
39
40
.
9 "getTestEntities" 2
44
45
.
9 "getChildrenSize" 2
48
49
.
9 "addTestEntity" 4
58
59
60
62
.
45 "Equals" 2
28
29
.
45 "Equals" 6
33
34
35
36
37
38
.
45 "Equals" 6
42
43
44
45
46
47
.
45 "Equals" 6
51
52
53
54
55
56
.
45 "Equals" 6
60
61
62
63
64
65
.
45 "Equals" 6
69
70
71
72
73
74
.
45 "Equals" 6
78
79
80
81
82
83
.
45 "Equals" 6
87
88
89
90
91
92
.
45 "Equals" 6
96
97
98
99
100
101
.
45 "Equals" 3
104
105
108
.
45 "Equals" 3
111
112
115
.
45 "Equals" 3
118
119
122
.
45 "Equals" 3
125
126
129
.
45 "NotEqual" 3
132
133
134
.
45 "NotEqual" 3
137
138
139
.
45 "NotEqual" 3
142
143
144
.
45 "NotEqual" 3
147
148
149
.
45 "NotEqual" 3
152
153
154
.
45 "NotEqual" 3
157
158
159
.
45 "NotEqual" 2
162
163
.
45 "NotEqual" 3
166
167
168
.
45 "NotEqual" 3
171
172
173
.
45 "IsTrue" 6
177
178
179
180
181
183
.
45 "IsFalse" 6
187
188
189
190
191
192
.
45 "NotNull" 2
195
196
.
45 "NotNull" 2
199
200
.
45 "IsNull" 2
203
204
.
45 "IsNull" 2
207
208
.
45 "NotNull" 2
211
212
.
45 "NotNull" 2
215
216
.
45 "IsNull" 2
219
220
.
45 "IsNull" 2
223
224
.
45 "NotNull" 3
227
228
229
.
45 "NotNull" 2
232
233
.
45 "NotNull" 3
236
237
238
.
45 "NotNull" 2
241
242
.
45 "IsNull" 3
245
246
247
.
45 "IsNull" 2
250
251
.
45 "IsNull" 3
254
255
256
.
45 "IsNull" 2
259
260
.
45 "NotNull" 3
263
264
265
.
45 "NotNull" 2
268
269
.
45 "NotNullOrEmpty" 2
272
273
.
45 "NotNullOrEmpty" 2
276
277
.
45 "IsEmpty" 4
280
282
283
284
.
45 "IsEmpty" 2
287
288
.
45 "NotEmpty" 4
291
293
294
295
.
45 "IsEmpty" 2
301
302
.
45 "IsEmpty" 5
312
314
317
323
324
.
45 "NotEmpty" 2
327
328
.
45 "NotNullOrEmpty" 2
331
332
.
45 "NotNullOrEmpty" 2
335
336
.
45 "NotNullOrEmpty" 2
339
340
.
45 "NotNullOrEmpty" 2
343
344
.
45 "NotNullOrEmpty" 3
348
349
350
.
45 "NotNullOrEmpty" 2
353
354
.
45 "NotNullOrEmpty" 5
359
360
362
363
364
.
45 "NotNullOrEmpty" 2
367
368
.
45 "NotNull" 5
373
374
376
377
378
.
45 "NotNull" 2
381
382
.
45 "NotEmpty" 4
388
391
397
398
.
45 "NotEmpty" 2
401
402
.
45 "NotNullOrEmpty" 3
405
406
407
.
45 "NotNullOrEmpty" 2
410
411
.
45 "NonZero" 3
414
415
416
.
45 "NonZero" 2
419
420
.
45 "NonZero" 3
423
424
425
.
45 "NonZero" 2
428
429
.
45 "NonZero" 6
435
436
437
438
439
440
.
45 "NonZero" 2
443
444
.
45 "NonZero" 6
450
451
452
453
454
455
.
45 "NonZero" 2
458
459
.
45 "NonZero" 3
462
463
464
.
45 "NonZero" 2
467
468
.
45 "IsInterface" 2
471
472
.
45 "NotInterface" 2
475
476
.
45 "IsAbstract" 2
479
480
.
45 "NotAbstract" 2
483
484
.
45 "IsFinal" 2
487
488
.
45 "NotFinal" 2
491
492
.
45 "IsType" 2
495
496
.
45 "IsType" 2
499
500
.
45 "NotType" 2
503
504
.
45 "NotNull" 3
511
512
513
.
45 "NotNull" 2
516
517
.
45 "IsType" 2
527
528
.
45 "IsType" 2
532
533
.
45 "NotType" 2
543
544
.
45 "NotType" 2
548
549
.
45 "IsNull" 3
552
553
554
.
45 "IsNull" 2
557
558
.
45 "HasDeterminateExtent" 2
562
563
.
45 "HasDeterminateExtent" 2
566
567
.
45 "IsIndeterminateArray" 2
571
572
.
45 "IsIndeterminateArray" 2
575
576
.
45 "IsIndeterminateArray" 2
580
581
.
45 "HasDeterminateExtent" 2
585
586
.
45 "HasDeterminateExtent" 2
590
591
.
45 "HasDeterminateExtent" 2
594
595
.
45 "IsIndeterminateArray" 2
599
600
.
45 "IsIndeterminateArray" 2
603
604
.
45 "HasDeterminateExtent" 2
608
609
.
45 "HasDeterminateExtent" 2
612
613
.
45 "IsIndeterminateArray" 2
617
618
.
45 "IsIndeterminateArray" 2
621
622
.
45 "IsAvailable" 4
626
628
629
630
.
45 "IsAvailable" 2
633
634
.
45 "NotAvailable" 4
638
640
641
642
.
45 "NotAvailable" 2
645
646
.
45 "IsInteger" 4
652
653
654
655
.
45 "IsInteger" 2
658
659
.
45 "IsDecimal" 4
665
666
667
668
.
45 "IsDecimal" 2
671
672
.
45 "IsInt64" 4
678
679
680
681
.
45 "IsInt64" 2
684
685
.
45 "IsTrue" 3
690
691
692
.
45 "IsFalse" 3
697
698
699
.
45 "IsUnknown" 3
704
705
706
.
45 "IsUnknown" 2
709
710
.
45 "NotTrue" 3
714
715
716
.
45 "NotTrue" 2
719
720
.
45 "NotFalse" 3
724
725
726
.
45 "NotFalse" 2
729
730
.
45 "NotUnknown" 3
734
735
736
.
45 "NotUnknown" 2
739
740
.
45 "NotNull" 3
743
744
745
.
45 "NotNull" 2
748
749
.
45 "NotNull" 3
752
753
754
.
45 "NotNull" 2
757
758
.
45 "NotNull" 3
761
762
763
.
45 "NotNull" 2
766
767
.
45 "NotNull" 3
770
771
772
.
45 "NotNull" 2
775
776
.
45 "IsNull" 3
779
780
781
.
45 "IsNull" 2
784
785
.
45 "NotNull" 3
788
789
790
.
45 "NotNull" 2
793
794
.
45 "IsNull" 3
797
798
799
.
45 "IsNull" 2
802
803
.
45 "NotZero" 3
806
807
808
.
45 "NotZero" 2
811
812
.
45 "NotNull" 3
815
816
817
.
45 "NotNull" 2
820
821
.
45 "IsNull" 3
824
825
826
.
45 "IsNull" 2
829
830
.
45 "NotNullOrZero" 3
833
834
835
.
45 "NotNullOrZero" 2
838
839
.
45 "NotZero" 3
842
843
844
.
45 "NotZero" 2
847
848
.
45 "IsZero" 3
851
852
853
.
45 "IsZero" 2
856
857
.
45 "IsNegative" 4
860
861
862
863
.
45 "IsNegative" 2
866
867
.
45 "IsPositive" 4
870
871
872
873
.
45 "IsPositive" 2
876
877
.
45 "IsZeroOrNegative" 4
880
881
882
883
.
45 "IsZeroOrNegative" 2
886
887
.
45 "IsZeroOrPositive" 4
890
891
892
893
.
45 "IsZeroOrPositive" 2
896
897
.
45 "NotZero" 3
900
901
902
.
45 "NotZero" 2
905
906
.
45 "IsZero" 4
909
910
911
912
.
45 "IsZero" 2
915
916
.
45 "IsNegative" 4
919
920
921
922
.
45 "IsNegative" 2
925
926
.
45 "IsPositive" 4
929
930
931
932
.
45 "IsPositive" 2
935
936
.
45 "IsZeroOrNegative" 4
939
940
941
942
.
45 "IsZeroOrNegative" 2
945
946
.
45 "IsZeroOrPositive" 4
949
950
951
952
.
45 "IsZeroOrPositive" 2
955
956
.
45 "IsZero" 3
959
960
961
.
45 "IsZero" 2
964
965
.
45 "IsNegative" 4
968
969
970
971
.
45 "IsNegative" 2
974
975
.
45 "IsPositive" 4
978
979
980
981
.
45 "IsPositive" 2
984
985
.
45 "IsZeroOrNegative" 4
988
989
990
991
.
45 "IsZeroOrNegative" 2
994
995
.
45 "IsZeroOrPositive" 4
998
999
1000
1001
.
45 "IsZeroOrPositive" 2
1004
1005
.
45 "IsLogical" 5
1018
1020
1021
1022
1027
.
45 "IsLogical" 2
1035
1036
.
45 "IsLogical" 4
1048
1049
1050
1054
.
45 "RaiseError" 3
1061
1062
1063
.
53 "ClassInfo" 3
22
23
24
.
53 "getClassName" 2
27
28
.
53 "getAnnotations" 2
32
33
.
77 "Test" 4
35
36
37
38
.
77 "" 3
31
32
33
.
13 "propGet_Size" 2
48
49
.
13 "propSet_Size" 2
51
52
.
13 "Array" 2
55
56
.
13 "Array" 2
59
62
.
13 "Array" 3
65
66
67
.
13 "Array" 2
70
71
.
13 "SetArraySize" 19
79
80
81
82
83
84
86
87
88
89
92
93
95
99
102
103
104
105
106
.
13 "SetValue" 2
109
110
.
13 "GetValue" 3
113
114
115
.
13 "SetValue" 8
120
121
122
123
125
126
128
129
.
13 "Add" 3
133
134
135
.
13 "AddAll" 2
138
139
.
13 "AddArray" 8
146
148
149
150
151
152
154
155
.
13 "Clear" 2
158
159
.
13 "Contains" 6
166
167
168
169
171
172
.
13 "ContainsAll" 12
182
185
186
190
191
193
194
195
196
197
199
200
.
13 "Iterator" 2
204
205
.
13 "IsEmpty" 2
208
209
.
13 "Remove" 7
216
217
218
219
222
224
225
.
13 "RemoveAll" 9
232
233
234
235
236
237
238
240
241
.
13 "RetainAll" 12
248
249
250
251
252
253
254
255
256
257
258
259
.
13 "ToTable" 8
265
266
267
268
269
271
273
274
.
13 "ToArray" 2
277
278
.
13 "Clone" 4
285
286
288
289
.
13 "CloneElements" 5
294
295
296
297
298
.
67 "AnnotationInfo" 2
27
32
.
67 "getAnnotationName" 2
36
37
.
67 "getAttributeName" 2
40
41
.
67 "getAttributeValue" 2
44
45
.
74 "" 22
18
19
20
21
22
23
24
25
26
27
28
29
30
32
35
36
37
39
40
41
42
45
.
56 "AnnotationUtil" 2
25
27
.
56 "HasIgnoreAnnotation" 7
39
40
41
42
43
45
47
.
56 "GetExpectedExceptionName" 7
60
61
62
63
64
66
68
.
56 "HasAnnotation" 7
81
82
83
84
85
87
89
.
2 "CreateJsonFromParam" 45
138
139
141
142
143
144
145
147
149
150
151
152
153
154
155
156
158
159
163
164
166
167
168
170
172
174
176
177
178
179
180
182
183
184
185
186
187
188
189
190
191
192
193
194
195
.
2 "" 37
62
64
66
68
69
70
71
72
73
75
76
77
78
81
83
84
85
86
87
88
90
91
92
93
94
95
96
97
98
99
101
102
103
104
105
106
107
.
69 "TestInfo" 4
29
30
31
32
.
69 "getTestName" 2
40
41
.
33 "ProcedureAnnotationInfo" 4
41
42
43
44
.
33 "setBeforeProcedure" 4
47
48
50
51
.
33 "setAfterProcedure" 4
54
55
57
58
.
33 "setBefore" 4
61
62
64
65
.
33 "setAfter" 4
68
69
71
72
.
33 "addTestProc" 3
75
76
77
.
33 "getBeforeProcedure" 2
80
81
.
33 "getAfterProcedure" 2
84
85
.
33 "getTestProcs" 2
88
89
.
33 "RunBeforeProcedure" 9
95
96
98
99
100
101
102
103
104
.
33 "RunBefore" 9
111
112
114
115
116
117
118
119
120
.
33 "RunTestProc" 5
127
128
129
130
132
.
33 "RunSelectedTestProc" 61
140
143
144
145
146
147
148
151
153
154
157
158
159
160
162
163
164
165
167
168
169
170
171
172
173
174
175
176
177
178
179
181
182
183
184
185
186
187
188
189
190
191
193
194
195
196
197
198
199
200
201
202
203
204
205
206
207
208
209
210
211
.
33 "updateTestResult" 4
214
215
216
217
.
33 "RunAfter" 8
224
225
227
228
229
230
231
232
.
33 "RunAfterProcedure" 8
238
239
241
242
243
244
245
246
.
33 "TestMethod" 2
250
252
.
33 "throwError" 2
258
259
.
59 "ClassAnnotationInfo" 4
41
42
43
44
.
59 "setBeforeClass" 4
47
48
50
51
.
59 "getBeforeClass" 2
54
55
.
59 "getAfterClass" 2
58
59
.
59 "getTestList" 2
62
63
.
59 "setAfterClass" 4
66
67
69
70
.
59 "setBeforeMethod" 4
73
74
76
77
.
59 "setAfterMethod" 4
80
81
83
84
.
59 "AddTestMethod" 3
87
88
89
.
59 "RunBeforeClass" 9
96
97
98
99
100
101
102
103
104
.
59 "RunBeforeMethod" 8
112
113
114
115
116
117
118
119
.
59 "RunSelectedTestMethod" 41
127
130
131
132
133
134
135
137
138
139
140
141
142
143
144
145
146
147
148
149
150
151
152
153
154
155
156
157
158
159
160
161
162
163
164
165
166
167
168
169
170
.
59 "Invoke" 5
176
177
178
179
180
.
59 "invokeStatic" 5
186
187
188
189
190
.
59 "RunTestMethod" 48
205
207
208
210
211
212
213
214
215
217
218
219
220
221
222
223
224
225
226
227
228
229
230
231
232
233
235
236
237
238
239
240
241
242
243
244
245
247
248
249
250
251
252
253
254
255
256
257
.
59 "GetExpectedErrorType" 6
265
275
279
280
281
282
.
59 "IsTypeOf" 6
289
291
292
293
294
295
.
59 "RunAfterMethod" 9
303
304
305
306
307
308
309
310
311
.
59 "RunAfterClass" 8
317
318
319
320
321
322
323
324
.
59 "throwError" 2
330
331
.
.
0 0 0 0 1 0.641332 1
1 0 1 0 1 0.641332 2 252
2 1 2 28 1 0.633935 3 4 6 7 25
3 2 3 76 1 0.000013
4 2 4 76 1 0.000065 5
5 4 5 54 1 0.000048
6 2 6 77 1 0.000009
7 2 7 77 1 0.001947 8 24
8 7 8 100 1 0.001909 9 10 11 22 23
9 8 9 79 1 0.000020
10 8 10 79 1 0.000003
11 8 11 79 1 0.001498 12
12 11 12 22 1 0.001488 13 14 15
13 12 13 37 2 0.000139
14 12 14 37 1 0.000011
15 12 15 37 1 0.000096 16
16 15 16 70 1 0.000087 17
17 16 17 59 1 0.000072 18
18 17 18 51 1 0.000056 19 20 21
19 18 19 86 1 0.000007
20 18 19 88 1 0.000002
21 18 19 92 1 0.000001
22 8 20 82 1 0.000005
23 8 21 83 1 0.000010
24 7 22 106 1 0.000014
25 2 23 78 1 0.628875 26 90 100 203 235 251
26 25 24 146 4 0.357901 27 78
27 26 25 747 4 0.356447 28
28 27 26 788 4 0.355027 29 101
29 28 27 736 2 0.026139 30 51 52 61 62 63 73 76
30 29 28 625 2 0.025030 31
31 30 29 175 2 0.004113 32
32 31 30 212 2 0.001759 33 34 41 42 43 50
33 32 13 264 2 0.000028
34 32 15 264 2 0.000159 35
35 34 16 70 2 0.000142 36
36 35 17 59 2 0.000126 37
37 36 18 51 2 0.000114 38 39 40
38 37 19 86 2 0.000009
39 37 19 88 2 0.000024
40 37 19 92 2 0.000004
41 32 31 266 2 0.000023
42 32 13 268 2 0.000013
43 32 15 268 2 0.000102 44
44 43 16 70 2 0.000090 45
45 44 17 59 2 0.000080 46
46 45 18 51 2 0.000069 47 48 49
47 46 19 86 2 0.000006
48 46 19 88 2 0.000005
49 46 19 92 2 0.000006
50 32 32 276 32 0.000194
51 29 33 628 2 0.000018
52 29 34 628 2 0.000266 53 54
53 52 13 42 2 0.000035
54 52 15 42 2 0.000145 55
55 54 16 70 2 0.000132 56
56 55 17 59 2 0.000115 57
57 56 18 51 2 0.000105 58 59 60
58 57 19 86 2 0.000007
59 57 19 88 2 0.000006
60 57 19 92 2 0.000004
61 29 9 712 2 0.000009
62 29 35 712 2 0.000008
63 29 36 712 2 0.000174 64
64 63 12 25 2 0.000145 65 66
65 64 13 37 2 0.000008
66 64 15 37 2 0.000098 67
67 66 16 70 2 0.000088 68
68 67 17 59 2 0.000076 69
69 68 18 51 2 0.000067 70 71 72
70 69 19 86 2 0.000007
71 69 19 88 2 0.000005
72 69 19 92 2 0.000004
73 29 37 716 2 0.000077 74
74 73 38 59 2 0.000044 75
75 74 19 120 2 0.000009
76 29 39 718 2 0.000076 77
77 76 40 581 2 0.000020
101 28 51 739 2 0.328754 102 103 143 144 145 154 160 161 162 172 175 194 198 202
102 101 52 400 2 0.000022
103 101 28 401 2 0.326887 104
104 103 29 175 2 0.025819 105
105 104 30 212 2 0.014499 106 107 114 115 116 123 124 125 126 127 128 129 135 136 177 178 179 180 190 191 192
106 105 13 264 2 0.000023
107 105 15 264 2 0.000155 108
108 107 16 70 2 0.000137 109
109 108 17 59 2 0.000123 110
110 109 18 51 2 0.000113 111 112 113
111 110 19 86 2 0.000008
112 110 19 88 2 0.000002
113 110 19 92 2 0.000022
114 105 31 266 2 0.000005
115 105 13 268 2 0.000008
116 105 15 268 2 0.000072 117
117 116 16 70 2 0.000065 118
118 117 17 59 2 0.000057 119
119 118 18 51 2 0.000049 120 121 122
120 119 19 86 2 0.000004
121 119 19 88 2 0.000003
122 119 19 92 2 0.000004
123 105 32 276 561 0.002156
124 105 53 292 2 0.000012
125 105 54 292 2 0.000036
126 105 55 292 2 0.000017
127 105 56 294 1 0.000005
128 105 57 294 1 0.000003
129 105 58 294 2 0.000523 130 131
130 129 19 81 22 0.000041
131 129 44 82 20 0.000346 132
132 131 47 113 20 0.000246 133 134
133 132 48 833 20 0.000049
134 132 49 834 20 0.000092
135 105 13 300 2 0.000009
136 105 15 300 2 0.000073 137
137 136 16 70 2 0.000066 138
138 137 17 59 2 0.000056 139
139 138 18 51 2 0.000049 140 141 142
140 139 19 86 2 0.000004
141 139 19 88 2 0.000004
142 139 19 92 2 0.000003
177 105 67 283 12 0.000039
178 105 54 283 12 0.000073
179 105 68 283 12 0.000162
180 105 38 285 12 0.000259 181 182 183
181 180 19 120 12 0.000026
182 180 19 123 1 0.000002
183 180 18 123 1 0.000141 184 185 186 187 188
184 183 19 86 1 0.000001
185 183 19 88 1 0.000002
186 183 19 92 1 0.000001
187 183 19 95 2 0.000003
188 183 38 103 10 0.000063 189
189 188 19 120 10 0.000017
190 105 69 364 1 0.000007
191 105 70 364 1 0.000013
192 105 38 366 1 0.000011 193
193 192 19 120 1 0.000003
143 101 59 404 3 0.000032
144 101 60 404 1 0.000006
145 101 61 404 2 0.000164 146 147
146 145 13 42 2 0.000013
147 145 15 42 2 0.000110 148
148 147 16 70 2 0.000099 149
149 148 17 59 2 0.000088 150
150 149 18 51 2 0.000078 151 152 153
151 150 19 86 2 0.000006
152 150 19 88 2 0.000004
153 150 19 92 2 0.000004
154 101 62 407 2 0.000529 155 156
155 154 19 39 22 0.000043
156 154 44 40 20 0.000352 157
157 156 47 113 20 0.000234 158 159
158 157 48 833 20 0.000048
159 157 49 834 20 0.000054
160 101 9 489 2 0.000008
161 101 63 489 2 0.000004
162 101 64 489 2 0.000134 163
163 162 12 28 2 0.000121 164 165
164 163 13 37 2 0.000009
165 163 15 37 2 0.000076 166
166 165 16 70 2 0.000068 167
167 166 17 59 2 0.000060 168
168 167 18 51 2 0.000051 169 170 171
169 168 19 86 2 0.000005
170 168 19 88 2 0.000003
171 168 19 92 2 0.000004
172 101 37 494 2 0.000055 173
173 172 38 59 2 0.000038 174
174 173 19 120 2 0.000004
175 101 65 499 2 0.000053 176
176 175 66 545 2 0.000010
194 101 44 414 1 0.000016 195
195 194 47 113 1 0.000010 196 197
196 195 48 833 1 0.000002
197 195 49 834 1 0.000002
198 101 44 422 12 0.000183 199
199 198 47 113 12 0.000126 200 201
200 199 48 833 12 0.000027
201 199 49 834 12 0.000030
202 101 71 423 12 0.000032
78 26 41 748 4 0.001375 79 80 81 87
79 78 42 761 4 0.000018
80 78 43 763 14 0.000048
81 78 44 764 10 0.000743 82 83 84
82 81 45 113 1 0.000016
83 81 46 113 1 0.000004
84 81 47 113 10 0.000158 85 86
85 84 48 833 10 0.000038
86 84 49 834 10 0.000031
87 78 41 765 10 0.000334 88 89
88 87 42 761 10 0.000031
89 87 43 763 10 0.000020
90 25 41 147 4 0.000802 91 92 93 97
91 90 42 761 4 0.000009
92 90 43 763 14 0.000032
93 90 44 764 10 0.000195 94
94 93 47 113 10 0.000132 95 96
95 94 48 833 10 0.000031
96 94 49 834 10 0.000025
97 90 41 765 10 0.000324 98 99
98 97 42 761 10 0.000028
99 97 43 763 10 0.000032
100 25 50 147 4 0.000071
203 25 72 152 1 0.266258 204
204 203 73 1105 1 0.266243 205 206 207 208 212 216 234
205 204 50 1130 1 0.000006
206 204 42 1147 1 0.000003
207 204 43 1148 1 0.000002
208 204 44 1169 4 0.000066 209
209 208 47 113 4 0.000041 210 211
210 209 48 833 4 0.000011
211 209 49 834 4 0.000009
212 204 44 1212 4 0.000057 213
213 212 47 113 4 0.000039 214 215
214 213 48 833 4 0.000009
215 213 49 834 4 0.000008
216 204 72 1212 4 0.265971 217
217 216 73 1105 4 0.265635 218 219 220 221 222 223 224 225 226 227 228 229 230 231
218 217 50 1130 4 0.000021
219 217 42 1147 4 0.000010
220 217 43 1148 4 0.000011
221 217 74 1162 1 0.000022
222 217 75 1165 2 0.000020
223 217 76 1221 2 0.000014
224 217 50 1227 4 0.000033
225 217 77 1162 1 0.000085
226 217 78 1154 2 0.000008
227 217 79 1155 1 0.000006
228 217 80 1158 2 0.000026
229 217 81 1217 2 0.000013
230 217 82 1155 1 0.000017
231 217 83 1155 1 0.243215 232 233
232 231 79 40 1 0.000012
233 231 84 41 1 0.205568
234 204 50 1227 1 0.000010
235 25 85 153 1 0.003581 236 237 238 239 240 241 242 246
236 235 86 965 1 0.000009
237 235 87 966 1 0.000011
238 235 88 967 1 0.000005
239 235 89 968 1 0.000004
240 235 42 971 1 0.000003
241 235 43 972 5 0.000008
242 235 44 973 4 0.000070 243
243 242 47 113 4 0.000042 244 245
244 243 48 833 4 0.000009
245 243 49 834 4 0.000008
246 235 90 974 4 0.000213 247 248 249 250
247 246 43 1005 4 0.000008
248 246 91 1006 4 0.000030
249 246 42 1016 4 0.000010
250 246 43 1017 4 0.000007
251 25 50 158 1 0.000018
252 1 92 39 1 0.002644
.
.
