1 06/28/2017 "Default description" 20:13:24 "dpachipu"
.
45 "NotZero OpenEdge.Core.Assert" "" 0
56 "ClassAnnotationInfo OpenEdge.ABLUnit.Reflection.ClassAnnotationInfo" "" 0
30 "ProcedureAnnotationInfo OpenEdge.ABLUnit.Reflection.ProcedureAnnotationInfo" "" 0
6 "OpenEdge.ABLUnit.Runner.ABLRunner" "" 31820
60 "populateTestModelForTestMethod OpenEdge.ABLUnit.Runner.ABLRunner" "" 0
31 "OpenEdge.ABLUnit.Model.TestProcedure" "" 63466
47 "populateTestModelForTestClass OpenEdge.ABLUnit.Runner.ABLRunner" "" 0
83 "GetErrorCount OpenEdge.ABLUnit.Results.TestTypeResult" "" 0
11 "TestEntity OpenEdge.ABLUnit.Model.TestEntity" "" 0
67 "runtests OpenEdge.ABLUnit.Runner.ABLRunner" "" 0
50 "GetObjectIdAttribute OpenEdge.ABLUnit.Runner.ABLRunner" "" 0
27 "OpenEdge.ABLUnit.Reflection.TypeInfo" "" 4036
75 "BasicOperations" "" 24991
58 "OpenEdge.ABLUnit.Model.TestClass" "" 41899
44 "NotNull OpenEdge.Core.Assert" "" 0
71 "C:\Theja\117Testing\27Mar\SonarTest\Operations\src\Factorial2.p" "" 38724
3 "OpenEdge.ABLUnit.Runner.TestConfig" "" 63563
38 "getTestEntities OpenEdge.ABLUnit.Model.TestEntity" "" 0
32 "TestProcedure OpenEdge.ABLUnit.Model.TestProcedure" "" 0
28 "GetRefTypeAttribute OpenEdge.ABLUnit.Runner.ABLRunner" "" 0
78 "Operations" "" 34717
15 "SetArraySize OpenEdge.Core.Collections.Array" "" 0
86 "WriteChildEntities OpenEdge.ABLUnit.Runner.ABLRunner" "" 0
4 "TestConfig OpenEdge.ABLUnit.Runner.TestConfig" "" 0
48 "getRelativePathOfClasses OpenEdge.ABLUnit.Runner.ABLRunner" "" 0
42 "Assert OpenEdge.Core.Assert" "" 0
37 "loadSerializedTree OpenEdge.ABLUnit.Runner.ABLRunner" "" 0
72 "C:\Theja\117Testing\27Mar\SonarTest\Operations\src\custom.p" "" 21036
17 "OpenEdge.ABLUnit.Results.TestTypeResult" "" 5064
51 "ClassInfo OpenEdge.ABLUnit.Reflection.ClassInfo" "" 0
9 "OpenEdge.ABLUnit.Model.TestRootModel" "" 57016
61 "getTestList OpenEdge.ABLUnit.Reflection.ClassAnnotationInfo" "" 0
39 "getChildrenSize OpenEdge.ABLUnit.Model.TestEntity" "" 0
74 "getClassName OpenEdge.ABLUnit.Reflection.ClassInfo" "" 0
8 "OpenEdge.ABLUnit.Model.TestEntity" "" 41070
80 "InitializeComponent Operations" "" 0
21 "populateTestModel OpenEdge.ABLUnit.Runner.ABLRunner" "" 0
53 "AnnotationUtil OpenEdge.ABLUnit.Reflection.AnnotationUtil" "" 0
41 "OpenEdge.Core.Assert" "" 37962
73 "C:\Theja\117Testing\27Mar\SonarTest\Operations\src\custom2.p" "" 21036
19 "GetResultsFile OpenEdge.ABLUnit.Runner.TestConfig" "" 0
65 "TestInfo OpenEdge.ABLUnit.Reflection.TestInfo" "" 0
49 "OpenEdge.ABLUnit.Reflection.ClassInfo" "" 53585
35 "populateTestModelForInternalProcs OpenEdge.ABLUnit.Runner.ABLRunner" "" 0
18 "updateStackTraceProperty OpenEdge.ABLUnit.Runner.ABLRunner" "" 0
5 "Initialize OpenEdge.ABLUnit.Runner.TestConfig" "" 0
70 "RunAfterProcedure OpenEdge.ABLUnit.Reflection.ProcedureAnnotationInfo" "" 0
24 "BuildTypeInfo OpenEdge.ABLUnit.Runner.ABLRunner" "" 0
40 "GetValue OpenEdge.Core.Collections.Array" "" 0
77 "RunAfterClass OpenEdge.ABLUnit.Reflection.ClassAnnotationInfo" "" 0
85 "GetIgnoreCount OpenEdge.ABLUnit.Results.TestTypeResult" "" 0
34 "SetValue OpenEdge.Core.Collections.Array" "" 0
22 "populateTestModelForTestCase OpenEdge.ABLUnit.Runner.ABLRunner" "" 0
25 "ParseXMLDocument OpenEdge.ABLUnit.Runner.ABLRunner" "" 0
13 "Array OpenEdge.Core.Collections.Array" "" 0
36 "getTestProcs OpenEdge.ABLUnit.Reflection.ProcedureAnnotationInfo" "" 0
79 "Operations Operations" "" 0
12 "OpenEdge.Core.Collections.Array" "" 11318
68 "C:\Theja\117Testing\27Mar\SonarTest\Operations\src\Factorial.p" "" 42122
59 "TestClass OpenEdge.ABLUnit.Model.TestClass" "" 0
62 "OpenEdge.ABLUnit.Reflection.AnnotationInfo" "" 41661
57 "HasIgnoreAnnotation OpenEdge.ABLUnit.Reflection.AnnotationUtil" "" 0
46 "updateFile OpenEdge.ABLUnit.Runner.ABLRunner" "" 0
54 "HasAnnotation OpenEdge.ABLUnit.Reflection.AnnotationUtil" "" 0
87 "UpdateIgnored OpenEdge.ABLUnit.Runner.ABLRunner" "" 0
26 "ParseSourceElement OpenEdge.ABLUnit.Runner.ABLRunner" "" 0
84 "GetFailureCount OpenEdge.ABLUnit.Results.TestTypeResult" "" 0
63 "AnnotationInfo OpenEdge.ABLUnit.Reflection.AnnotationInfo" "" 0
7 "ABLRunner OpenEdge.ABLUnit.Runner.ABLRunner" "" 0
76 "RunBeforeClass OpenEdge.ABLUnit.Reflection.ClassAnnotationInfo" "" 0
10 "TestRootModel OpenEdge.ABLUnit.Model.TestRootModel" "" 0
52 "OpenEdge.ABLUnit.Reflection.AnnotationUtil" "" 58982
2 "ABLUnitCore.p" "" 62572
23 "populateTestModelForProcedureType OpenEdge.ABLUnit.Runner.ABLRunner" "" 0
82 "getTestCount OpenEdge.ABLUnit.Results.TestTypeResult" "" 0
16 "propGet_Size OpenEdge.Core.Collections.Array" "" 0
64 "OpenEdge.ABLUnit.Reflection.TestInfo" "" 10226
88 "returnValue C:\Users\dpachipu\AppData\Local\Temp\pctinit20540.p" "" 0
14 "propSet_Size OpenEdge.Core.Collections.Array" "" 0
29 "OpenEdge.ABLUnit.Reflection.ProcedureAnnotationInfo" "" 52938
69 "RunBeforeProcedure OpenEdge.ABLUnit.Reflection.ProcedureAnnotationInfo" "" 0
33 "addTestEntity OpenEdge.ABLUnit.Model.TestEntity" "" 0
20 "RunTests OpenEdge.ABLUnit.Runner.ABLRunner" "" 0
55 "OpenEdge.ABLUnit.Reflection.ClassAnnotationInfo" "" 21095
43 "NotNullOrZero OpenEdge.Core.Assert" "" 0
81 "WriteTestResults OpenEdge.ABLUnit.Runner.ABLRunner" "" 0
66 "getAnnotationName OpenEdge.ABLUnit.Reflection.AnnotationInfo" "" 0
1 "C:\Users\dpachipu\AppData\Local\Temp\pctinit20540.p" "" 11349
.
60 545 61 2
67 1162 73 1
67 1162 72 1
67 1158 76 2
67 1155 75 1
67 1154 74 2
67 1165 69 4
67 1162 68 1
67 1155 78 1
67 1162 71 1
67 1155 79 1
35 581 36 4
67 1227 46 7
0 0 1 1
67 1212 67 6
67 1221 70 4
57 39 16 22
10 22 11 1
67 1217 77 2
56 42 12 2
56 42 13 2
1 28 2 1
11 37 12 8
11 37 13 8
23 628 30 4
67 1212 40 6
23 628 29 4
23 625 24 4
79 40 75 1
59 28 11 2
32 25 11 4
14 53 15 27
79 41 80 1
4 54 5 1
33 59 34 6
30 42 12 4
57 40 40 20
30 42 13 4
13 61 14 27
7 79 8 1
15 94 16 28
7 79 9 1
7 79 10 1
15 105 34 10
7 82 17 1
15 90 16 28
7 83 18 1
15 88 16 28
67 1169 40 6
13 72 13 27
2 73 3 1
34 123 16 29
34 126 16 1
54 82 40 20
2 74 6 1
2 74 7 1
2 73 4 1
34 126 15 1
2 75 20 1
7 100 7 1
23 712 31 4
40 115 43 113
40 115 42 1
40 115 41 1
54 81 16 22
1 39 88 1
15 97 16 2
23 712 8 4
7 106 19 1
22 739 47 2
21 748 37 6
22 736 23 4
21 747 21 6
20 146 21 6
37 764 40 42
37 763 39 96
37 761 38 54
23 718 35 4
23 716 33 4
20 147 37 6
20 158 46 1
37 765 37 42
23 712 32 4
20 147 46 6
24 175 25 6
21 788 22 6
20 152 67 1
25 212 26 6
20 153 81 1
43 834 45 113
43 833 44 113
26 294 52 1
26 294 53 1
26 294 54 2
26 266 27 6
26 292 50 2
26 292 51 2
26 292 49 2
26 276 28 625
26 268 12 6
26 268 13 6
26 264 12 6
26 264 13 6
26 285 34 12
86 1017 39 6
86 1016 38 6
26 283 50 12
26 364 64 1
26 364 65 1
26 300 12 2
26 300 13 2
26 283 63 12
26 283 62 12
86 1005 39 6
26 366 34 1
81 973 40 6
81 972 39 7
81 971 38 1
81 967 84 1
81 966 83 1
81 965 82 1
81 974 86 6
81 968 85 1
47 407 57 2
47 404 56 3
47 404 55 3
47 400 48 2
86 1006 87 6
47 414 40 1
47 422 40 12
47 401 24 2
67 1130 46 7
67 1148 39 7
67 1147 38 7
47 423 66 12
47 489 8 2
47 499 60 2
47 494 33 2
67 1105 67 7
47 489 58 2
47 489 59 2
.
0 0 1 0.000000 0.783505
1 0 1 0.002714 0.783505
2 0 1 0.000029 0.778328
61 63 2 0.000001 0.000001
61 62 2 0.000026 0.000026
3 0 1 0.000034 0.000034
4 0 1 0.000008 0.000168
5 0 1 0.000013 0.000124
6 0 1 0.000031 0.000031
7 0 2 0.000014 0.004585
8 0 7 0.000060 0.000060
9 0 1 0.000020 0.000020
38 44 68 0.000144 0.000144
10 0 1 0.000005 0.001752
38 45 68 0.000008 0.000008
11 0 7 0.000023 0.002256
12 0 28 0.000393 0.000393
1 13 1 0.000246 0.000246
13 0 55 0.000150 0.003671
1 12 1 0.000253 0.000253
14 0 27 0.000082 0.001499
1 15 1 0.000302 0.000302
15 0 28 0.000236 0.001521
1 14 1 0.000286 0.000286
57 41 20 0.000064 0.000064
16 0 160 0.000273 0.000534
1 17 1 0.000004 0.000004
57 40 20 0.000071 0.000528
56 41 2 0.000007 0.000007
17 0 1 0.000025 0.000025
1 16 1 0.000017 0.000017
57 43 20 0.000003 0.000003
56 42 2 0.000043 0.000209
18 0 1 0.000004 0.000038
10 24 1 0.000000 0.000000
56 43 2 0.000004 0.000004
19 0 1 0.000008 0.000043
1 18 1 0.000001 0.000001
20 0 1 0.000039 0.774421
57 45 2 0.000002 0.000002
56 44 2 0.000000 0.000000
1 21 2 0.000006 0.000006
21 0 12 0.000073 0.876709
1 20 2 0.000002 0.000002
1 23 1 0.000001 0.000001
85 67 1 0.000000 0.000000
57 47 2 0.000002 0.000002
39 49 122 0.000008 0.000008
22 0 6 0.000165 0.435232
1 22 1 0.000012 0.000012
85 66 1 0.000020 0.000020
39 48 122 0.000155 0.000155
23 0 4 0.000053 0.036464
1 25 1 0.000000 0.000000
24 0 6 0.000068 0.430395
25 0 6 0.000167 0.043842
69 95 4 0.000041 0.000041
33 59 6 0.000029 0.000144
26 0 6 0.002185 0.024581
1 27 1 0.000003 0.000003
1 26 1 0.000000 0.000000
33 58 6 0.000046 0.000046
27 0 6 0.000051 0.000051
28 0 625 0.001569 0.003667
10 22 1 0.000030 0.001747
1 28 1 0.000309 0.778637
33 60 6 0.000008 0.000008
29 0 4 0.000054 0.000054
57 39 22 0.000072 0.000136
30 0 4 0.000013 0.000446
63 32 12 0.000002 0.000002
33 62 6 0.000000 0.000000
31 0 4 0.000030 0.000030
80 112 1 0.000029 0.000029
32 0 4 0.000019 0.000410
80 113 1 0.000090 0.000090
33 0 6 0.000019 0.000217
1 35 2 0.000003 0.000003
80 114 1 0.000096 0.000096
69 103 4 0.000008 0.000008
34 0 29 0.000091 0.000667
16 50 160 0.000238 0.000238
35 0 4 0.000030 0.000143
11 40 7 0.000001 0.000001
16 51 160 0.000023 0.000023
1 37 1 0.000003 0.000003
76 104 2 0.000000 0.000000
63 27 12 0.000221 0.000221
51 23 2 0.000006 0.000006
36 0 4 0.000009 0.000049
1 36 1 0.000002 0.000002
59 30 2 0.000000 0.000000
51 22 2 0.000022 0.000022
37 0 54 0.000245 0.005231
1 39 1 0.000010 0.001010
80 118 1 0.050881 0.050881
38 0 68 0.000117 0.000269
1 38 1 0.000001 0.000001
80 119 1 0.000422 0.000422
59 28 2 0.000028 0.000217
39 0 122 0.000198 0.000361
80 120 1 0.000376 0.000376
40 0 113 0.000246 0.003130
1 40 1 0.000002 0.000002
80 121 1 0.000115 0.000115
41 0 1 0.000046 0.000046
80 122 1 0.011226 0.011226
42 0 1 0.000020 0.000020
76 103 2 0.000005 0.000005
51 24 2 0.000000 0.000000
43 0 113 0.000277 0.001769
76 96 2 0.000033 0.000033
44 0 113 0.000221 0.000437
11 39 7 0.000009 0.000009
69 104 4 0.000002 0.000002
45 0 113 0.000209 0.000413
11 38 7 0.000015 0.000015
80 126 1 0.000334 0.000334
46 0 21 0.000082 0.000170
11 37 7 0.001407 0.002174
80 127 1 0.000018 0.000018
47 0 2 0.000047 0.398512
11 36 7 0.000034 0.000034
48 0 2 0.000018 0.000049
13 61 27 0.000143 0.001642
49 0 2 0.000019 0.000019
4 53 1 0.000002 0.000002
80 98 1 0.077436 0.077436
50 0 14 0.000049 0.000138
30 44 4 0.000000 0.000000
4 54 1 0.000008 0.000132
80 99 1 0.001904 0.001904
51 0 2 0.000012 0.000040
4 55 1 0.000000 0.000000
80 100 1 0.004527 0.004527
52 0 1 0.000022 0.000022
30 42 4 0.000079 0.000387
13 57 1 0.000034 0.000034
80 101 1 0.000210 0.000210
53 0 1 0.000019 0.000019
30 43 4 0.000010 0.000010
80 102 1 0.000149 0.000149
54 0 2 0.000034 0.000738
4 50 1 0.000023 0.000023
80 103 1 0.000347 0.000347
55 0 3 0.000051 0.000051
30 41 4 0.000036 0.000036
13 58 1 0.000001 0.000001
4 51 1 0.000003 0.000003
80 104 1 0.000799 0.000799
56 0 3 0.000030 0.000250
14 54 27 0.000003 0.000003
80 105 1 0.000177 0.000177
57 0 2 0.000030 0.000765
32 25 4 0.000041 0.000391
80 106 1 0.000136 0.000136
58 0 2 0.000024 0.000024
80 107 1 0.000132 0.000132
59 0 2 0.000006 0.000223
32 27 4 0.000000 0.000000
14 53 27 0.000126 0.001414
80 108 1 0.046608 0.046608
60 0 2 0.000019 0.000097
80 109 1 0.000326 0.000326
61 0 2 0.000003 0.000030
2 63 1 0.000008 0.000008
80 110 1 0.005448 0.005448
62 0 12 0.000065 0.000065
80 111 1 0.000071 0.000071
63 0 12 0.000042 0.000265
2 61 1 0.000022 0.000022
64 0 1 0.000029 0.000029
2 66 1 0.000003 0.000003
65 0 1 0.000006 0.000037
2 67 1 0.000001 0.000001
66 0 12 0.000024 0.000074
67 0 14 0.000667 1.321517
2 65 1 0.000005 0.000005
68 0 1 0.000043 0.000043
13 73 27 0.000002 0.000002
2 70 1 0.000000 0.000000
69 0 4 0.000015 0.000066
13 72 27 0.000126 0.001841
70 0 4 0.000007 0.000046
2 68 1 0.000054 0.000054
71 0 1 0.000023 0.000023
2 69 1 0.000790 0.000790
72 0 1 0.000061 0.000100
2 74 1 0.000254 0.002629
18 90 1 0.000006 0.000006
7 79 1 0.000210 0.002007
2 75 1 0.000004 0.774425
73 0 1 0.000025 0.000050
18 91 1 0.000000 0.000000
7 78 1 0.000001 0.000001
74 0 2 0.000002 0.000027
75 0 2 0.000033 0.000033
18 89 1 0.000028 0.000028
2 73 1 0.000150 0.000352
2 78 1 0.000004 0.000004
82 30 1 0.000013 0.000013
76 0 2 0.000017 0.000055
82 31 1 0.000001 0.000001
77 0 2 0.000005 0.000037
13 64 27 0.000001 0.000001
78 0 1 0.000032 0.000032
79 0 1 0.000019 0.303231
80 0 1 0.000242 0.257148
15 95 27 0.000038 0.000038
81 0 1 0.000020 0.002010
74 27 2 0.000024 0.000024
19 66 1 0.000002 0.000002
7 86 1 0.000000 0.000000
15 94 28 0.000075 0.000150
5 84 1 0.000003 0.000003
82 0 1 0.000002 0.000016
19 65 1 0.000032 0.000032
7 85 1 0.000015 0.000015
83 0 1 0.000001 0.000021
7 84 1 0.000002 0.000002
84 0 1 0.000003 0.000023
19 71 1 0.000000 0.000000
7 83 1 0.000006 0.000044
5 81 1 0.000080 0.000080
85 0 1 0.000003 0.000023
7 82 1 0.000134 0.000159
15 90 28 0.000126 0.000203
86 0 6 0.000046 0.000492
74 28 2 0.000001 0.000001
73 31 1 0.000020 0.000020
19 69 1 0.000001 0.000001
7 81 1 0.000003 0.000003
15 89 28 0.000027 0.000027
5 83 1 0.000006 0.000006
87 0 6 0.000021 0.000087
72 31 1 0.000020 0.000020
7 80 1 0.000003 0.000003
15 88 28 0.000146 0.000293
5 82 1 0.000002 0.000002
88 0 1 0.000015 0.001000
34 123 29 0.000133 0.000231
40 115 113 0.000804 0.002639
65 29 1 0.000027 0.000027
34 126 1 0.000012 0.000248
40 116 113 0.000231 0.000231
40 117 113 0.000014 0.000014
65 31 1 0.000001 0.000001
34 124 1 0.000001 0.000001
15 81 28 0.000094 0.000094
65 30 1 0.000003 0.000003
34 125 1 0.000001 0.000001
79 47 1 0.000001 0.000001
65 32 1 0.000000 0.000000
54 87 2 0.000003 0.000003
7 102 1 0.000004 0.000004
5 103 1 0.000003 0.000003
54 85 20 0.000001 0.000001
7 100 1 0.000038 0.002279
15 108 28 0.000004 0.000004
5 102 1 0.000003 0.000003
2 102 1 0.000001 0.000001
54 82 20 0.000067 0.000511
15 107 28 0.000007 0.000007
2 103 1 0.000005 0.000005
79 42 1 0.000410 0.000410
15 106 10 0.000002 0.000002
54 83 20 0.000058 0.000058
79 41 1 0.000009 0.257157
66 36 12 0.000050 0.000050
15 105 10 0.000034 0.000147
5 99 1 0.000003 0.000003
79 40 1 0.000032 0.000050
66 37 12 0.000000 0.000000
54 81 22 0.000066 0.000130
15 104 38 0.000123 0.000123
79 39 1 0.045594 0.045594
72 32 1 0.000019 0.000019
20 124 1 0.000030 0.000030
73 32 1 0.000005 0.000005
5 108 1 0.000002 0.000002
2 104 1 0.000000 0.000000
15 101 28 0.000169 0.000169
7 108 1 0.000000 0.000000
5 110 1 0.000000 0.000000
83 63 1 0.000001 0.000001
7 107 1 0.000003 0.000003
5 105 1 0.000003 0.000003
83 62 1 0.000019 0.000019
7 106 1 0.000005 0.000048
84 58 1 0.000020 0.000020
15 97 1 0.000022 0.000028
84 59 1 0.000000 0.000000
54 89 2 0.000001 0.000001
7 104 1 0.000003 0.000003
88 43 1 0.000020 0.000020
88 44 1 0.000732 0.000732
88 45 1 0.000016 0.000016
5 112 1 0.000005 0.000005
88 46 1 0.000215 0.000215
5 115 1 0.000000 0.000000
88 47 1 0.000002 0.000002
5 114 1 0.000001 0.000001
36 88 4 0.000039 0.000039
36 89 4 0.000001 0.000001
80 208 1 0.002433 0.002433
20 148 6 0.000001 0.000001
80 209 1 0.000111 0.000111
20 149 6 0.000001 0.000001
20 150 6 0.000000 0.000000
20 151 1 0.000003 0.000003
80 213 1 0.000163 0.000163
20 145 6 0.000005 0.000005
80 214 1 0.000014 0.000014
20 146 6 0.000033 0.439650
80 215 1 0.000039 0.000039
20 147 6 0.000064 0.001676
80 216 1 0.000006 0.000006
80 217 1 0.000015 0.000015
20 158 1 0.000011 0.000026
80 218 1 0.000077 0.000077
20 159 1 0.000003 0.000003
20 152 1 0.000006 0.330795
20 153 1 0.000008 0.002018
20 154 1 0.000000 0.000000
80 222 1 0.000268 0.000268
80 223 1 0.005951 0.005951
80 192 1 0.000011 0.000011
80 193 1 0.000046 0.000046
80 197 1 0.000090 0.000090
20 129 7 0.000031 0.000031
80 198 1 0.000011 0.000011
20 130 6 0.000035 0.000035
80 199 1 0.000032 0.000032
20 131 6 0.000034 0.000034
80 200 1 0.000006 0.000006
80 201 1 0.000009 0.000009
80 202 1 0.000047 0.000047
20 136 6 0.000016 0.000016
20 137 6 0.000032 0.000032
80 206 1 0.001386 0.001386
20 138 6 0.000016 0.000016
80 207 1 0.000086 0.000086
80 240 1 0.000027 0.000027
80 241 1 0.000295 0.000295
34 131 29 0.000093 0.000093
80 242 1 0.000103 0.000103
80 243 1 0.000083 0.000083
34 129 1 0.000000 0.000000
34 132 29 0.000002 0.000002
80 247 1 0.000003 0.000003
70 238 4 0.000037 0.000037
24 177 6 0.000020 0.000020
24 178 6 0.002682 0.002682
24 179 6 0.000026 0.000026
24 181 6 0.000004 0.000004
80 224 1 0.000105 0.000105
70 246 4 0.000002 0.000002
80 225 1 0.000064 0.000064
80 226 1 0.000057 0.000057
80 227 1 0.000060 0.000060
20 160 1 0.000004 0.000004
80 228 1 0.000059 0.000059
24 172 6 0.000208 0.000208
20 161 1 0.000000 0.000000
80 229 1 0.000942 0.000942
24 173 6 0.383457 0.383457
80 230 1 0.000091 0.000091
20 163 1 0.000006 0.000039
80 231 1 0.000077 0.000077
24 175 6 0.000088 0.043930
80 232 1 0.000066 0.000066
80 233 1 0.000059 0.000059
80 234 1 0.000059 0.000059
80 235 1 0.000067 0.000067
80 236 1 0.000070 0.000070
80 237 1 0.000906 0.000906
80 238 1 0.000383 0.000383
80 239 1 0.000050 0.000050
80 144 1 0.000136 0.000136
25 217 6 0.007486 0.007486
80 145 1 0.000016 0.000016
80 146 1 0.000102 0.000102
25 219 6 0.000039 0.000039
80 147 1 0.000011 0.000011
25 218 6 0.000016 0.000016
80 148 1 0.000016 0.000016
25 221 6 0.000021 0.007567
80 149 1 0.000056 0.000056
25 220 6 0.000005 0.000005
25 209 12 0.000033 0.000033
80 153 1 0.000096 0.000096
25 208 12 0.000055 0.000055
80 154 1 0.000012 0.000012
25 211 6 0.000006 0.000006
80 155 1 0.000090 0.000090
25 210 12 0.000075 0.000075
80 156 1 0.000010 0.000010
25 213 6 0.000002 0.000002
80 157 1 0.000009 0.000009
25 212 6 0.000058 0.024639
80 158 1 0.000049 0.000049
25 214 12 0.000004 0.000004
80 128 1 0.000161 0.000161
25 201 6 0.000007 0.000007
80 129 1 0.000015 0.000015
25 200 6 0.000121 0.000121
80 130 1 0.000274 0.000274
25 203 6 0.000026 0.000026
25 202 6 0.000008 0.000008
25 204 6 0.011092 0.011092
80 134 1 0.032083 0.032083
80 135 1 0.000889 0.000889
25 206 6 0.000040 0.000040
80 136 1 0.000082 0.000082
80 137 1 0.000184 0.000184
50 235 14 0.000087 0.000087
80 138 1 0.000074 0.000074
80 139 1 0.002866 0.002866
80 140 1 0.000878 0.000878
50 236 14 0.000002 0.000002
80 179 1 0.000122 0.000122
80 180 1 0.000014 0.000014
26 254 6 0.000039 0.000039
80 181 1 0.000040 0.000040
80 182 1 0.000006 0.000006
80 183 1 0.000010 0.000010
80 184 1 0.000052 0.000052
80 188 1 0.000095 0.000095
80 189 1 0.000012 0.000012
80 190 1 0.000034 0.000034
80 191 1 0.000006 0.000006
80 162 1 0.000216 0.000216
80 163 1 0.000014 0.000014
80 164 1 0.000148 0.000148
80 165 1 0.000012 0.000012
80 166 1 0.000056 0.000056
28 228 625 0.000075 0.000075
80 170 1 0.000182 0.000182
80 171 1 0.000076 0.000076
80 172 1 0.000099 0.000099
80 173 1 0.000066 0.000066
80 174 1 0.000480 0.000480
80 175 1 0.000773 0.000773
28 227 625 0.002023 0.002023
26 283 12 0.000370 0.000797
26 281 12 0.000006 0.000006
26 286 12 0.000001 0.000001
26 284 12 0.000026 0.000026
26 285 12 0.000052 0.000474
26 274 1280 0.005120 0.005120
77 324 2 0.000001 0.000001
26 275 625 0.000417 0.000417
26 272 1280 0.002956 0.002956
26 278 625 0.002130 0.004877
26 276 625 0.002032 0.005699
26 266 6 0.000190 0.000241
26 264 6 0.000193 0.000784
26 265 6 0.000012 0.000012
26 271 1286 0.001215 0.001215
26 268 6 0.000105 0.000486
26 269 6 0.000011 0.000011
26 258 6 0.000008 0.000008
26 260 6 0.000006 0.000006
26 306 4 0.000013 0.000013
26 305 4 0.000004 0.000004
26 298 2 0.000002 0.000002
26 299 2 0.000003 0.000003
26 302 2 0.000001 0.000001
26 303 2 0.000000 0.000000
26 300 2 0.000041 0.000177
26 301 2 0.000005 0.000005
26 290 2 0.000006 0.000006
26 291 2 0.000002 0.000002
26 289 2 0.000001 0.000001
26 294 2 0.000160 0.000939
26 295 2 0.000002 0.000002
26 292 2 0.000175 0.000275
26 293 2 0.000004 0.000004
26 344 1280 0.000061 0.000061
26 349 6 0.000027 0.000027
26 343 625 0.000040 0.000040
26 341 2 0.000000 0.000000
26 330 2 0.000007 0.000007
26 329 2 0.000002 0.000002
26 327 4 0.000000 0.000000
26 378 6 0.000018 0.000065
26 376 6 0.000007 0.000007
26 377 6 0.000001 0.000001
26 370 6 0.000017 0.000017
26 371 6 0.000012 0.000012
26 368 1 0.000000 0.000000
26 374 6 0.000008 0.000008
26 375 6 0.000008 0.000008
26 373 6 0.000023 0.000023
77 317 2 0.000031 0.000031
26 362 1 0.000000 0.000000
26 361 6 0.000033 0.000033
26 366 1 0.000006 0.000023
26 367 1 0.000002 0.000002
26 364 1 0.000175 0.000241
26 365 1 0.000004 0.000004
47 424 12 0.000057 0.000057
47 423 12 0.000040 0.000114
47 422 12 0.000050 0.000306
47 421 13 0.000012 0.000012
47 420 1 0.000002 0.000002
47 419 1 0.000003 0.000003
47 414 1 0.000007 0.000032
47 413 3 0.000010 0.000010
47 407 2 0.000015 0.000780
47 404 2 0.000213 0.000514
47 403 2 0.000011 0.000011
47 401 2 0.000013 0.395918
47 400 2 0.000029 0.000078
47 494 2 0.000010 0.000062
47 493 2 0.000005 0.000005
47 492 2 0.000004 0.000004
47 491 2 0.000005 0.000005
47 490 2 0.000004 0.000004
47 489 2 0.000158 0.000419
47 487 2 0.000002 0.000002
47 503 2 0.000001 0.000001
47 501 2 0.000000 0.000000
47 499 2 0.000020 0.000117
47 496 2 0.000002 0.000002
47 470 2 0.000005 0.000005
47 468 1 0.000000 0.000000
47 467 12 0.000002 0.000002
60 568 2 0.000000 0.000000
60 548 2 0.000003 0.000003
60 549 2 0.000008 0.000008
60 545 2 0.000033 0.000063
60 546 2 0.000004 0.000004
23 628 4 0.000227 0.000727
35 583 4 0.000018 0.000018
35 582 4 0.000005 0.000005
23 626 4 0.000017 0.000017
35 581 4 0.000040 0.000089
23 625 4 0.000060 0.034550
23 633 4 0.000020 0.000020
35 600 4 0.000001 0.000001
23 692 4 0.000016 0.000016
44 745 113 0.000010 0.000010
23 722 4 0.000000 0.000000
23 721 4 0.000000 0.000000
22 735 6 0.000054 0.000054
44 743 113 0.000206 0.000206
23 711 4 0.000003 0.000003
23 710 4 0.000008 0.000008
37 765 42 0.000218 0.001532
37 764 42 0.000150 0.001679
23 718 4 0.000033 0.000176
23 717 4 0.000011 0.000011
37 766 42 0.000002 0.000002
23 716 4 0.000017 0.000182
37 761 54 0.000194 0.000406
23 715 4 0.000010 0.000010
23 714 4 0.000011 0.000011
37 763 96 0.000297 0.000580
23 713 4 0.000012 0.000012
23 712 4 0.000207 0.000668
22 740 6 0.000000 0.000000
22 738 2 0.000007 0.000007
22 739 2 0.000010 0.398522
22 736 4 0.000020 0.036484
21 749 6 0.000010 0.000010
21 748 6 0.000039 0.002411
21 750 6 0.000000 0.000000
21 747 6 0.000075 0.437167
21 789 6 0.000000 0.000000
21 788 6 0.000042 0.435274
21 790 6 0.000001 0.000001
21 787 6 0.000009 0.000009
21 780 6 0.001717 0.001717
21 782 6 0.000029 0.000029
21 779 6 0.000003 0.000003
21 778 6 0.000014 0.000014
37 772 54 0.000008 0.000008
37 768 54 0.000152 0.000152
37 771 54 0.000062 0.000062
37 770 54 0.000565 0.000565
21 803 6 0.000001 0.000001
45 844 113 0.000013 0.000013
45 842 113 0.000191 0.000191
43 835 113 0.000010 0.000010
43 834 113 0.000283 0.000696
43 833 113 0.000349 0.000786
81 977 1 0.000002 0.000002
81 976 1 0.001068 0.001068
86 991 6 0.000026 0.000026
48 929 2 0.000002 0.000002
81 963 1 0.000005 0.000005
48 930 2 0.000002 0.000002
81 962 1 0.000014 0.000014
81 965 1 0.000013 0.000029
81 964 1 0.000007 0.000007
81 967 1 0.000007 0.000030
81 966 1 0.000007 0.000028
81 968 1 0.000004 0.000027
81 971 1 0.000005 0.000010
81 973 6 0.000023 0.000173
81 972 7 0.000017 0.000038
81 975 6 0.000000 0.000000
81 974 6 0.000026 0.000518
86 1014 6 0.000030 0.000030
86 1008 6 0.000000 0.000000
86 1022 6 0.000001 0.000001
48 924 2 0.000027 0.000027
86 1016 6 0.000017 0.000041
86 1017 6 0.000027 0.000042
86 992 6 0.000018 0.000018
86 1006 6 0.000030 0.000117
86 1007 6 0.000014 0.000014
86 1004 6 0.000037 0.000037
86 1005 6 0.000039 0.000061
86 1003 6 0.000027 0.000027
86 1000 6 0.000027 0.000027
86 1001 6 0.000005 0.000005
81 959 1 0.000002 0.000002
81 958 1 0.000039 0.000039
67 1107 7 0.000002 0.000002
67 1106 7 0.000013 0.000013
67 1105 7 0.000065 0.660492
67 1130 7 0.000041 0.000077
67 1135 7 0.000011 0.000011
67 1132 7 0.000024 0.000024
67 1136 7 0.000018 0.000018
67 1147 7 0.000020 0.000048
67 1151 2 0.000002 0.000002
67 1150 7 0.000019 0.000019
67 1148 7 0.000015 0.000035
87 1031 6 0.000042 0.000042
87 1036 6 0.000001 0.000001
87 1034 6 0.000007 0.000007
87 1032 6 0.000016 0.000016
67 1219 5 0.000013 0.000013
67 1218 2 0.000000 0.000000
67 1217 2 0.000009 0.000046
67 1216 2 0.000002 0.000002
67 1222 4 0.000000 0.000000
67 1221 4 0.000014 0.000060
67 1220 4 0.000003 0.000003
67 1227 7 0.000069 0.000121
67 1226 7 0.000017 0.000017
67 1225 7 0.000019 0.000019
67 1224 7 0.000036 0.000036
67 1229 7 0.000000 0.000000
67 1155 2 0.025307 0.328585
67 1154 2 0.000010 0.000037
67 1153 2 0.000004 0.000004
46 1261 21 0.000085 0.000085
67 1159 2 0.000000 0.000000
67 1158 2 0.000016 0.000071
67 1157 2 0.000008 0.000008
67 1156 2 0.000009 0.000009
67 1163 4 0.000009 0.000009
67 1162 4 0.000043 0.000259
67 1161 4 0.000004 0.000004
67 1160 5 0.000011 0.000011
67 1166 4 0.000001 0.000001
67 1165 4 0.000023 0.000089
67 1164 4 0.000013 0.000013
67 1169 6 0.000028 0.000173
67 1168 13 0.000033 0.000033
46 1271 21 0.000003 0.000003
67 1215 7 0.000021 0.000021
67 1213 6 0.000000 0.000000
67 1212 6 0.000040 0.330465
.
.
6 "ABLRunner" 9
78
79
80
81
82
83
84
85
86
.
6 "updateStackTraceProperty" 3
89
90
91
.
6 "ABLRunner" 7
100
102
103
104
106
107
108
.
6 "RunTests" 32
124
129
130
131
132
133
134
135
136
137
138
139
141
142
143
144
145
146
147
148
149
150
151
152
153
154
156
158
159
160
161
163
.
6 "BuildTypeInfo" 7
172
173
175
177
178
179
181
.
6 "GetClassFile" 2
187
188
.
6 "ParseXMLDocument" 19
200
201
202
203
204
206
208
209
210
211
212
213
214
216
217
218
219
220
221
.
6 "GetRefTypeAttribute" 2
227
228
.
6 "GetObjectIdAttribute" 2
235
236
.
6 "ParseSourceElement" 92
254
258
260
264
265
266
268
269
271
272
274
275
276
278
281
283
284
285
286
289
290
291
292
293
294
295
296
298
299
300
301
302
303
305
306
307
309
310
311
312
313
314
315
316
317
318
319
321
322
323
324
325
326
327
329
330
331
333
334
335
336
337
338
339
340
341
342
343
344
349
350
352
353
354
355
357
361
362
364
365
366
367
368
370
371
372
373
374
375
376
377
378
.
6 "populateTestModelForTestClass" 71
400
401
403
404
407
413
414
419
420
421
422
423
424
426
427
428
429
430
433
434
435
436
437
440
441
442
443
444
447
448
449
450
451
454
455
456
457
458
461
462
463
464
465
466
467
468
470
471
472
475
476
477
478
479
480
482
483
485
486
487
489
490
491
492
493
494
496
497
499
501
503
.
6 "UpdateIgnoreDetails" 6
512
513
514
515
516
518
.
6 "populateTestModelForTestMethod" 19
545
546
548
549
550
551
553
554
555
556
557
559
560
561
562
563
564
565
568
.
6 "populateTestModelForInternalProcs" 18
581
582
583
584
585
587
588
589
590
591
593
594
595
596
597
598
599
600
.
6 "populateTestModelForProcedureType" 72
625
626
628
633
634
639
640
641
642
643
644
646
647
648
649
652
653
654
655
656
659
660
661
662
663
666
667
668
669
670
673
674
675
676
677
680
681
682
683
684
686
687
688
689
690
691
692
693
694
695
697
698
699
700
702
703
705
706
708
709
710
711
712
713
714
715
716
717
718
720
721
722
.
6 "Invoke" 2
728
729
.
6 "populateTestModelForTestCase" 5
735
736
738
739
740
.
6 "populateTestModel" 4
747
748
749
750
.
6 "loadSerializedTree" 10
761
763
764
765
766
768
769
770
771
772
.
6 "populateTestModel" 21
778
779
780
782
783
784
785
787
788
789
790
792
795
796
797
798
799
800
801
802
803
.
6 "populateTestModelForTestFolder" 15
814
815
816
817
818
819
820
821
825
827
828
829
830
831
832
.
6 "populateTestModelForTestSuite" 46
852
853
854
855
856
857
858
860
861
862
863
864
865
866
867
868
870
871
872
873
874
875
876
877
878
879
880
881
882
883
884
885
886
887
889
890
891
892
893
894
895
896
897
899
901
902
.
6 "HandleTestSuiteClasses" 11
908
909
910
911
912
913
914
915
916
917
918
.
6 "getRelativePathOfClasses" 7
924
925
926
927
928
929
930
.
6 "HandleTestSuiteProcedures" 8
936
937
938
939
940
941
942
943
.
6 "WriteTestResults" 17
958
959
962
963
964
965
966
967
968
969
971
972
973
974
975
976
977
.
6 "WriteChildEntities" 27
991
992
993
994
995
996
997
998
999
1000
1001
1003
1004
1005
1006
1007
1008
1010
1011
1012
1014
1016
1017
1018
1019
1020
1022
.
6 "UpdateIgnored" 5
1031
1032
1033
1034
1036
.
6 "CreateTestXMLResult" 29
1045
1046
1047
1048
1050
1051
1052
1053
1054
1055
1057
1059
1060
1061
1062
1063
1064
1065
1067
1068
1069
1070
1071
1072
1073
1074
1075
1076
1077
.
6 "createTraceElement" 12
1087
1088
1090
1091
1094
1095
1097
1098
1099
1100
1101
1102
.
6 "runtests" 3
1105
1106
1107
.
6 "runtests" 81
1130
1132
1135
1136
1137
1138
1139
1141
1142
1143
1144
1147
1148
1150
1151
1153
1154
1155
1156
1157
1158
1159
1160
1161
1162
1163
1164
1165
1166
1168
1169
1170
1173
1174
1175
1177
1178
1179
1180
1181
1182
1184
1185
1187
1188
1189
1190
1191
1192
1193
1194
1195
1196
1197
1198
1199
1200
1202
1203
1204
1205
1206
1207
1208
1209
1210
1212
1213
1215
1216
1217
1218
1219
1220
1221
1222
1224
1225
1226
1227
1229
.
6 "updateStackTrace" 15
1235
1236
1242
1243
1244
1245
1246
1247
1249
1250
1251
1252
1253
1254
1255
.
6 "updateFile" 9
1261
1262
1263
1264
1266
1268
1269
1270
1271
.
6 "updateTestSummary" 8
1274
1275
1276
1277
1278
1279
1281
1282
.
6 "runTestClassMethod" 3
1292
1293
1295
.
6 "runTestProcedure" 5
1304
1305
1306
1307
1309
.
31 "TestProcedure" 2
25
27
.
75 "Addition" 3
26
27
28
.
75 "Substraction" 3
36
37
38
.
75 "Multiplication" 3
46
47
48
.
75 "Division" 3
56
57
58
.
58 "TestClass" 2
28
30
.
71 "" 22
18
19
20
21
22
23
24
25
26
27
28
29
30
32
35
36
37
39
40
41
42
45
.
3 "TestConfig" 6
50
51
52
53
54
55
.
3 "GetResultsFile" 5
65
66
68
69
71
.
3 "Initialize" 29
81
82
83
84
85
86
87
88
89
90
91
92
93
94
95
96
97
99
100
102
103
105
106
108
109
110
112
114
115
.
78 "Operations" 8
39
40
41
42
43
44
45
47
.
78 "Add_Click" 4
56
57
58
60
.
78 "Division_Click" 4
69
70
71
73
.
78 "Factorial_Click" 4
83
85
86
88
.
78 "InitializeComponent" 111
98
99
100
101
102
103
104
105
106
107
108
109
110
111
112
113
114
118
119
120
121
122
126
127
128
129
130
134
135
136
137
138
139
140
144
145
146
147
148
149
153
154
155
156
157
158
162
163
164
165
166
170
171
172
173
174
175
179
180
181
182
183
184
188
189
190
191
192
193
197
198
199
200
201
202
206
207
208
209
213
214
215
216
217
218
222
223
224
225
226
227
228
229
230
231
232
233
234
235
236
237
238
239
240
241
242
243
244
245
246
247
.
78 "Multiply_Click" 4
255
256
257
259
.
78 "Operations_Load" 2
268
270
.
78 "Result_Click" 2
279
281
.
78 "Integer2_Click" 2
290
292
.
78 "Integer1_Click" 2
301
303
.
78 "Subtract_Click" 4
312
313
314
316
.
78 "ultraTextEditor3_ValueChanged" 2
325
327
.
78 "ultraTextEditor2_ValueChanged" 2
336
338
.
78 "ultraTextEditor1_ValueChanged" 2
347
349
.
78 "Operations" 1
353
.
72 "Test" 4
35
36
37
38
.
72 "" 2
31
32
.
17 "getTestCount" 2
30
31
.
17 "IncrementSuccess" 3
34
35
36
.
17 "IncrementFailure" 3
39
40
41
.
17 "IncrementError" 3
44
45
46
.
17 "IncrementIgnore" 3
49
50
51
.
17 "GetSuccessCount" 2
54
55
.
17 "GetFailureCount" 2
58
59
.
17 "GetErrorCount" 2
62
63
.
17 "GetIgnoreCount" 2
66
67
.
9 "TestRootModel" 2
22
24
.
8 "TestEntity" 5
36
37
38
39
40
.
8 "getTestEntities" 2
44
45
.
8 "getChildrenSize" 2
48
49
.
8 "addTestEntity" 4
58
59
60
62
.
41 "Equals" 2
28
29
.
41 "Equals" 6
33
34
35
36
37
38
.
41 "Equals" 6
42
43
44
45
46
47
.
41 "Equals" 6
51
52
53
54
55
56
.
41 "Equals" 6
60
61
62
63
64
65
.
41 "Equals" 6
69
70
71
72
73
74
.
41 "Equals" 6
78
79
80
81
82
83
.
41 "Equals" 6
87
88
89
90
91
92
.
41 "Equals" 6
96
97
98
99
100
101
.
41 "Equals" 3
104
105
108
.
41 "Equals" 3
111
112
115
.
41 "Equals" 3
118
119
122
.
41 "Equals" 3
125
126
129
.
41 "NotEqual" 3
132
133
134
.
41 "NotEqual" 3
137
138
139
.
41 "NotEqual" 3
142
143
144
.
41 "NotEqual" 3
147
148
149
.
41 "NotEqual" 3
152
153
154
.
41 "NotEqual" 3
157
158
159
.
41 "NotEqual" 2
162
163
.
41 "NotEqual" 3
166
167
168
.
41 "NotEqual" 3
171
172
173
.
41 "IsTrue" 6
177
178
179
180
181
183
.
41 "IsFalse" 6
187
188
189
190
191
192
.
41 "NotNull" 2
195
196
.
41 "NotNull" 2
199
200
.
41 "IsNull" 2
203
204
.
41 "IsNull" 2
207
208
.
41 "NotNull" 2
211
212
.
41 "NotNull" 2
215
216
.
41 "IsNull" 2
219
220
.
41 "IsNull" 2
223
224
.
41 "NotNull" 3
227
228
229
.
41 "NotNull" 2
232
233
.
41 "NotNull" 3
236
237
238
.
41 "NotNull" 2
241
242
.
41 "IsNull" 3
245
246
247
.
41 "IsNull" 2
250
251
.
41 "IsNull" 3
254
255
256
.
41 "IsNull" 2
259
260
.
41 "NotNull" 3
263
264
265
.
41 "NotNull" 2
268
269
.
41 "NotNullOrEmpty" 2
272
273
.
41 "NotNullOrEmpty" 2
276
277
.
41 "IsEmpty" 4
280
282
283
284
.
41 "IsEmpty" 2
287
288
.
41 "NotEmpty" 4
291
293
294
295
.
41 "IsEmpty" 2
301
302
.
41 "IsEmpty" 5
312
314
317
323
324
.
41 "NotEmpty" 2
327
328
.
41 "NotNullOrEmpty" 2
331
332
.
41 "NotNullOrEmpty" 2
335
336
.
41 "NotNullOrEmpty" 2
339
340
.
41 "NotNullOrEmpty" 2
343
344
.
41 "NotNullOrEmpty" 3
348
349
350
.
41 "NotNullOrEmpty" 2
353
354
.
41 "NotNullOrEmpty" 5
359
360
362
363
364
.
41 "NotNullOrEmpty" 2
367
368
.
41 "NotNull" 5
373
374
376
377
378
.
41 "NotNull" 2
381
382
.
41 "NotEmpty" 4
388
391
397
398
.
41 "NotEmpty" 2
401
402
.
41 "NotNullOrEmpty" 3
405
406
407
.
41 "NotNullOrEmpty" 2
410
411
.
41 "NonZero" 3
414
415
416
.
41 "NonZero" 2
419
420
.
41 "NonZero" 3
423
424
425
.
41 "NonZero" 2
428
429
.
41 "NonZero" 6
435
436
437
438
439
440
.
41 "NonZero" 2
443
444
.
41 "NonZero" 6
450
451
452
453
454
455
.
41 "NonZero" 2
458
459
.
41 "NonZero" 3
462
463
464
.
41 "NonZero" 2
467
468
.
41 "IsInterface" 2
471
472
.
41 "NotInterface" 2
475
476
.
41 "IsAbstract" 2
479
480
.
41 "NotAbstract" 2
483
484
.
41 "IsFinal" 2
487
488
.
41 "NotFinal" 2
491
492
.
41 "IsType" 2
495
496
.
41 "IsType" 2
499
500
.
41 "NotType" 2
503
504
.
41 "NotNull" 3
511
512
513
.
41 "NotNull" 2
516
517
.
41 "IsType" 2
527
528
.
41 "IsType" 2
532
533
.
41 "NotType" 2
543
544
.
41 "NotType" 2
548
549
.
41 "IsNull" 3
552
553
554
.
41 "IsNull" 2
557
558
.
41 "HasDeterminateExtent" 2
562
563
.
41 "HasDeterminateExtent" 2
566
567
.
41 "IsIndeterminateArray" 2
571
572
.
41 "IsIndeterminateArray" 2
575
576
.
41 "IsIndeterminateArray" 2
580
581
.
41 "HasDeterminateExtent" 2
585
586
.
41 "HasDeterminateExtent" 2
590
591
.
41 "HasDeterminateExtent" 2
594
595
.
41 "IsIndeterminateArray" 2
599
600
.
41 "IsIndeterminateArray" 2
603
604
.
41 "HasDeterminateExtent" 2
608
609
.
41 "HasDeterminateExtent" 2
612
613
.
41 "IsIndeterminateArray" 2
617
618
.
41 "IsIndeterminateArray" 2
621
622
.
41 "IsAvailable" 4
626
628
629
630
.
41 "IsAvailable" 2
633
634
.
41 "NotAvailable" 4
638
640
641
642
.
41 "NotAvailable" 2
645
646
.
41 "IsInteger" 4
652
653
654
655
.
41 "IsInteger" 2
658
659
.
41 "IsDecimal" 4
665
666
667
668
.
41 "IsDecimal" 2
671
672
.
41 "IsInt64" 4
678
679
680
681
.
41 "IsInt64" 2
684
685
.
41 "IsTrue" 3
690
691
692
.
41 "IsFalse" 3
697
698
699
.
41 "IsUnknown" 3
704
705
706
.
41 "IsUnknown" 2
709
710
.
41 "NotTrue" 3
714
715
716
.
41 "NotTrue" 2
719
720
.
41 "NotFalse" 3
724
725
726
.
41 "NotFalse" 2
729
730
.
41 "NotUnknown" 3
734
735
736
.
41 "NotUnknown" 2
739
740
.
41 "NotNull" 3
743
744
745
.
41 "NotNull" 2
748
749
.
41 "NotNull" 3
752
753
754
.
41 "NotNull" 2
757
758
.
41 "NotNull" 3
761
762
763
.
41 "NotNull" 2
766
767
.
41 "NotNull" 3
770
771
772
.
41 "NotNull" 2
775
776
.
41 "IsNull" 3
779
780
781
.
41 "IsNull" 2
784
785
.
41 "NotNull" 3
788
789
790
.
41 "NotNull" 2
793
794
.
41 "IsNull" 3
797
798
799
.
41 "IsNull" 2
802
803
.
41 "NotZero" 3
806
807
808
.
41 "NotZero" 2
811
812
.
41 "NotNull" 3
815
816
817
.
41 "NotNull" 2
820
821
.
41 "IsNull" 3
824
825
826
.
41 "IsNull" 2
829
830
.
41 "NotNullOrZero" 3
833
834
835
.
41 "NotNullOrZero" 2
838
839
.
41 "NotZero" 3
842
843
844
.
41 "NotZero" 2
847
848
.
41 "IsZero" 3
851
852
853
.
41 "IsZero" 2
856
857
.
41 "IsNegative" 4
860
861
862
863
.
41 "IsNegative" 2
866
867
.
41 "IsPositive" 4
870
871
872
873
.
41 "IsPositive" 2
876
877
.
41 "IsZeroOrNegative" 4
880
881
882
883
.
41 "IsZeroOrNegative" 2
886
887
.
41 "IsZeroOrPositive" 4
890
891
892
893
.
41 "IsZeroOrPositive" 2
896
897
.
41 "NotZero" 3
900
901
902
.
41 "NotZero" 2
905
906
.
41 "IsZero" 4
909
910
911
912
.
41 "IsZero" 2
915
916
.
41 "IsNegative" 4
919
920
921
922
.
41 "IsNegative" 2
925
926
.
41 "IsPositive" 4
929
930
931
932
.
41 "IsPositive" 2
935
936
.
41 "IsZeroOrNegative" 4
939
940
941
942
.
41 "IsZeroOrNegative" 2
945
946
.
41 "IsZeroOrPositive" 4
949
950
951
952
.
41 "IsZeroOrPositive" 2
955
956
.
41 "IsZero" 3
959
960
961
.
41 "IsZero" 2
964
965
.
41 "IsNegative" 4
968
969
970
971
.
41 "IsNegative" 2
974
975
.
41 "IsPositive" 4
978
979
980
981
.
41 "IsPositive" 2
984
985
.
41 "IsZeroOrNegative" 4
988
989
990
991
.
41 "IsZeroOrNegative" 2
994
995
.
41 "IsZeroOrPositive" 4
998
999
1000
1001
.
41 "IsZeroOrPositive" 2
1004
1005
.
41 "IsLogical" 5
1018
1020
1021
1022
1027
.
41 "IsLogical" 2
1035
1036
.
41 "IsLogical" 4
1048
1049
1050
1054
.
41 "RaiseError" 3
1061
1062
1063
.
73 "Test" 4
35
36
37
38
.
73 "" 2
31
32
.
49 "ClassInfo" 3
22
23
24
.
49 "getClassName" 2
27
28
.
49 "getAnnotations" 2
32
33
.
12 "propGet_Size" 2
50
51
.
12 "propSet_Size" 2
53
54
.
12 "Array" 2
57
58
.
12 "Array" 2
61
64
.
12 "Array" 3
67
68
69
.
12 "Array" 2
72
73
.
12 "SetArraySize" 19
81
82
83
84
85
86
88
89
90
91
94
95
97
101
104
105
106
107
108
.
12 "SetValue" 2
111
112
.
12 "GetValue" 3
115
116
117
.
12 "SetValue" 8
123
124
125
126
128
129
131
132
.
12 "Add" 3
136
137
138
.
12 "AddAll" 2
141
142
.
12 "AddArray" 8
149
151
152
153
154
155
157
158
.
12 "Clear" 2
161
162
.
12 "Contains" 6
169
170
171
172
174
175
.
12 "ContainsAll" 9
187
189
190
191
192
193
194
196
197
.
12 "Iterator" 2
201
202
.
12 "IsEmpty" 2
205
206
.
12 "Remove" 7
213
214
215
216
218
220
221
.
12 "RemoveAll" 9
228
229
230
231
232
233
234
236
237
.
12 "RetainAll" 12
244
245
246
247
248
249
250
251
252
253
254
255
.
12 "ToTable" 8
261
262
263
264
265
267
269
270
.
12 "ToArray" 2
273
274
.
12 "Clone" 4
281
282
284
285
.
12 "CloneElements" 5
290
291
292
293
294
.
68 "" 22
18
19
20
21
22
23
24
25
26
27
28
29
30
32
35
36
37
39
40
41
42
45
.
62 "AnnotationInfo" 2
27
32
.
62 "getAnnotationName" 2
36
37
.
62 "getAttributeName" 2
40
41
.
62 "getAttributeValue" 2
44
45
.
52 "AnnotationUtil" 2
25
27
.
52 "HasIgnoreAnnotation" 7
39
40
41
42
43
45
47
.
52 "GetExpectedExceptionName" 7
60
61
62
63
64
66
68
.
52 "HasAnnotation" 7
81
82
83
84
85
87
89
.
2 "CreateJsonFromParam" 45
135
136
138
139
140
141
142
144
146
147
148
149
150
151
152
153
155
156
160
161
163
164
165
167
169
171
173
174
175
176
177
179
180
181
182
183
184
185
186
187
188
189
190
191
192
.
2 "" 36
61
63
65
66
67
68
69
70
72
73
74
75
78
80
81
82
83
84
85
87
88
89
90
91
92
93
94
95
96
98
99
100
101
102
103
104
.
64 "TestInfo" 4
29
30
31
32
.
64 "getTestName" 2
40
41
.
29 "ProcedureAnnotationInfo" 4
41
42
43
44
.
29 "setBeforeProcedure" 4
47
48
50
51
.
29 "setAfterProcedure" 4
54
55
57
58
.
29 "setBefore" 4
61
62
64
65
.
29 "setAfter" 4
68
69
71
72
.
29 "addTestProc" 3
75
76
77
.
29 "getBeforeProcedure" 2
80
81
.
29 "getAfterProcedure" 2
84
85
.
29 "getTestProcs" 2
88
89
.
29 "RunBeforeProcedure" 9
95
96
98
99
100
101
102
103
104
.
29 "RunBefore" 9
111
112
114
115
116
117
118
119
120
.
29 "RunTestProc" 5
127
128
129
130
132
.
29 "RunSelectedTestProc" 61
140
143
144
145
146
147
148
151
153
154
157
158
159
160
162
163
164
165
167
168
169
170
171
172
173
174
175
176
177
178
179
181
182
183
184
185
186
187
188
189
190
191
193
194
195
196
197
198
199
200
201
202
203
204
205
206
207
208
209
210
211
.
29 "updateTestResult" 4
214
215
216
217
.
29 "RunAfter" 8
224
225
227
228
229
230
231
232
.
29 "RunAfterProcedure" 8
238
239
241
242
243
244
245
246
.
29 "TestMethod" 2
250
252
.
29 "throwError" 2
258
259
.
55 "ClassAnnotationInfo" 4
41
42
43
44
.
55 "setBeforeClass" 4
47
48
50
51
.
55 "getBeforeClass" 2
54
55
.
55 "getAfterClass" 2
58
59
.
55 "getTestList" 2
62
63
.
55 "setAfterClass" 4
66
67
69
70
.
55 "setBeforeMethod" 4
73
74
76
77
.
55 "setAfterMethod" 4
80
81
83
84
.
55 "AddTestMethod" 3
87
88
89
.
55 "RunBeforeClass" 9
96
97
98
99
100
101
102
103
104
.
55 "RunBeforeMethod" 8
112
113
114
115
116
117
118
119
.
55 "RunSelectedTestMethod" 41
127
130
131
132
133
134
135
137
138
139
140
141
142
143
144
145
146
147
148
149
150
151
152
153
154
155
156
157
158
159
160
161
162
163
164
165
166
167
168
169
170
.
55 "Invoke" 5
176
177
178
179
180
.
55 "invokeStatic" 5
186
187
188
189
190
.
55 "RunTestMethod" 48
205
207
208
210
211
212
213
214
215
217
218
219
220
221
222
223
224
225
226
227
228
229
230
231
232
233
235
236
237
238
239
240
241
242
243
244
245
247
248
249
250
251
252
253
254
255
256
257
.
55 "GetExpectedErrorType" 6
265
275
279
280
281
282
.
55 "IsTypeOf" 6
289
291
292
293
294
295
.
55 "RunAfterMethod" 9
303
304
305
306
307
308
309
310
311
.
55 "RunAfterClass" 8
317
318
319
320
321
322
323
324
.
55 "throwError" 2
330
331
.
1 "getParameter" 3
8
9
10
.
1 "returnValue" 5
43
44
45
46
47
.
1 "writeOutputParam" 5
51
52
53
54
55
.
1 "" 28
12
13
14
15
16
17
18
20
21
22
23
24
25
26
27
28
29
30
31
32
33
34
35
36
37
38
39
40
.
.
.
